\BOOKMARK [0][-]{chapter.1}{\376\377\0002\0000\0002\0000\0000\0007\0000\0007}{}% 1
\BOOKMARK [1][-]{section.1.1}{\376\377\0002\0000\0002\0000\0000\0007\0000\0007}{chapter.1}% 2
\BOOKMARK [2][-]{subsection.1.1.1}{\376\377\000c\000h\000a\000p\000t\000e\000r\000\040\0003}{section.1.1}% 3
\BOOKMARK [2][-]{subsection.1.1.2}{\376\377\000c\000h\000a\000p\000t\000e\000r\000\040\0004}{section.1.1}% 4
\BOOKMARK [1][-]{section.1.2}{\376\377\116\343\170\001\150\106\147\266\166\204\150\263\164\006}{chapter.1}% 5
\BOOKMARK [1][-]{section.1.3}{\376\377\000s\000i\000m\000u\000l\000a\000t\000i\000o\000n}{chapter.1}% 6
\BOOKMARK [1][-]{section.1.4}{\376\377\213\241\173\227\147\072\211\306\211\311}{chapter.1}% 7
\BOOKMARK [1][-]{section.1.5}{\376\377\173\227\154\325\121\205\220\350}{chapter.1}% 8
\BOOKMARK [0][-]{chapter.2}{\376\377\0002\0000\0002\0000\0000\0007\0001\0004}{}% 9
\BOOKMARK [1][-]{section.2.1}{\376\377\147\054\124\150\166\204\133\146\116\140\140\073\176\323}{chapter.2}% 10
\BOOKMARK [2][-]{subsection.2.1.1}{\376\377\000c\000h\000a\000p\000t\000e\000r\000\040\0003}{section.2.1}% 11
\BOOKMARK [2][-]{subsection.2.1.2}{\376\377\000c\000h\000a\000p\000t\000e\000r\000\040\0004}{section.2.1}% 12
\BOOKMARK [1][-]{section.2.2}{\376\377\116\343\170\001\150\106\147\266\166\204\150\263\164\006}{chapter.2}% 13
\BOOKMARK [1][-]{section.2.3}{\376\377\000s\000i\000m\000u\000l\000a\000t\000i\000o\000n}{chapter.2}% 14
\BOOKMARK [1][-]{section.2.4}{\376\377\213\241\173\227\147\072\211\306\211\311}{chapter.2}% 15
\BOOKMARK [1][-]{section.2.5}{\376\377\173\227\154\325\121\205\220\350}{chapter.2}% 16
\BOOKMARK [0][-]{chapter.3}{\376\377\0002\0000\0002\0000\0000\0007\0002\0003}{}% 17
\BOOKMARK [1][-]{section.3.1}{\376\377\0002\0000\0002\0000\0000\0007\0002\0003}{chapter.3}% 18
\BOOKMARK [1][-]{section.3.2}{\376\377\000T\000h\000e\000\040\000c\000e\000n\000t\000r\000i\000f\000u\000g\000a\000l\000\040\000f\000o\000r\000c\000e}{chapter.3}% 19
\BOOKMARK [1][-]{section.3.3}{\376\377\000c\000o\000n\000c\000e\000p\000t}{chapter.3}% 20
\BOOKMARK [1][-]{section.3.4}{\376\377\220\000\121\372\117\335\142\244\147\072\122\066}{chapter.3}% 21
\BOOKMARK [1][-]{section.3.5}{\376\377\000C\000o\000o\000r\000d\000i\000n\000a\000t\000e\000d\000\040\000T\000u\000r\000n\000\040\123\117\214\003\217\154\137\057}{chapter.3}% 22
\BOOKMARK [1][-]{section.3.6}{\376\377\000K\000i\000n\000e\000m\000a\000t\000i\000c\000\040\000M\000o\000d\000e\000l\000\040\000o\000f\000\040\000C\000o\000n\000t\000r\000o\000l\000l\000e\000d\000\040\000F\000l\000i\000g\000h\000t}{chapter.3}% 23
\BOOKMARK [2][-]{subsection.3.6.1}{\376\377\000C\000o\000o\000r\000d\000i\000n\000a\000t\000e\000d\000\040\000T\000u\000r\000n}{section.3.6}% 24
\BOOKMARK [2][-]{subsection.3.6.2}{\376\377\000A\000c\000c\000e\000l\000e\000r\000a\000t\000i\000n\000g\000\040\000C\000l\000i\000m\000b}{section.3.6}% 25
