\BOOKMARK [0][-]{chapter.1}{\376\377\000f\000l\000y\000M\000o\000d\000e}{}% 1
\BOOKMARK [1][-]{section.1.1}{\376\377\000f\000l\000y\000\040\000m\000o\000d\000e\000s}{chapter.1}% 2
\BOOKMARK [1][-]{section.1.2}{\376\377\000t\000a\000k\000e\000O\000f\000f}{chapter.1}% 3
\BOOKMARK [1][-]{section.1.3}{\376\377\000m\000i\000s\000s\000i\000o\000n}{chapter.1}% 4
\BOOKMARK [1][-]{section.1.4}{\376\377\000l\000a\000n\000d\000i\000n\000g}{chapter.1}% 5
\BOOKMARK [1][-]{section.1.5}{\376\377\000o\000f\000f\000b\000o\000a\000r\000d}{chapter.1}% 6
\BOOKMARK [1][-]{section.1.6}{\376\377\000A\000L\000T\000C\000T\000L}{chapter.1}% 7
\BOOKMARK [0][-]{chapter.2}{\376\377\000u\000o\000r\000b}{}% 8
\BOOKMARK [1][-]{section.2.1}{\376\377\000S\000i\000n\000g\000l\000e\000\040\000u\000o\000r\000b}{chapter.2}% 9
\BOOKMARK [2][-]{subsection.2.1.1}{\376\377\000a\000d\000v\000e\000r\000t\000i\000s\000e}{section.2.1}% 10
\BOOKMARK [2][-]{subsection.2.1.2}{\376\377\000p\000u\000b\000l\000i\000s\000h\000e\000r}{section.2.1}% 11
\BOOKMARK [2][-]{subsection.2.1.3}{\376\377\000s\000u\000b\000s\000c\000r\000i\000b\000e\000r}{section.2.1}% 12
\BOOKMARK [1][-]{section.2.2}{\376\377\000M\000u\000l\000t\000i\000p\000l\000e\000\040\000u\000o\000r\000b}{chapter.2}% 13
\BOOKMARK [2][-]{subsection.2.2.1}{\376\377\000a\000d\000v\000e\000r\000t\000i\000s\000e}{section.2.2}% 14
\BOOKMARK [2][-]{subsection.2.2.2}{\376\377\000p\000u\000b\000l\000i\000s\000h\000e\000r}{section.2.2}% 15
\BOOKMARK [2][-]{subsection.2.2.3}{\376\377\000s\000u\000b\000s\000c\000r\000i\000b\000e\000r}{section.2.2}% 16
\BOOKMARK [0][-]{chapter.3}{\376\377\000n\000a\000v\000i\000g\000a\000t\000o\000r}{}% 17
\BOOKMARK [1][-]{section.3.1}{\376\377\000W\000a\000y\000p\000o\000i\000n\000t\000s\000\040\000L\000i\000s\000t}{chapter.3}% 18
\BOOKMARK [2][-]{subsection.3.1.1}{\376\377\000e\000n\000u\000\040\000W\000a\000y\000p\000o\000i\000n\000t\000s\000\040\000L\000i\000s\000t}{section.3.1}% 19
\BOOKMARK [2][-]{subsection.3.1.2}{\376\377\000w\000g\000s\0008\0004\000\040\000W\000a\000y\000p\000o\000i\000n\000t\000s\000\040\000l\000i\000s\000t}{section.3.1}% 20
\BOOKMARK [1][-]{section.3.2}{\376\377\000W\000a\000y\000p\000o\000i\000n\000t\000s\000\040\000C\000h\000a\000n\000g\000e\000d\000\040\000L\000o\000g\000i\000c}{chapter.3}% 21
\BOOKMARK [2][-]{subsection.3.2.1}{\376\377\000n\000o\000r\000m\000a\000l\000s\000\040\000t\000o\000\040\000n\000o\000r\000m\000a\000l\000s}{section.3.2}% 22
\BOOKMARK [2][-]{subsection.3.2.2}{\376\377\000n\000o\000r\000m\000a\000l\000s\000\040\000t\000o\000\040\000l\000o\000i\000t\000e\000r\000s}{section.3.2}% 23
\BOOKMARK [2][-]{subsection.3.2.3}{\376\377\000l\000o\000i\000t\000e\000r\000s\000\040\000t\000o\000\040\000l\000o\000i\000t\000e\000r\000s}{section.3.2}% 24
\BOOKMARK [2][-]{subsection.3.2.4}{\376\377\000l\000o\000i\000t\000e\000r\000s\000\040\000t\000o\000\040\000n\000o\000r\000m\000a\000l\000s}{section.3.2}% 25
\BOOKMARK [1][-]{section.3.3}{\376\377\000P\000u\000b\000l\000i\000s\000h\000i\000n\000g\000\040\000d\000a\000t\000e\000\040\000t\000o\000\040\000p\000o\000s\000i\000t\000i\000o\000n\000\040\000c\000o\000n\000t\000r\000o\000l\000l\000e\000r}{chapter.3}% 26
\BOOKMARK [0][-]{chapter.4}{\376\377\000p\000o\000s\000i\000t\000i\000o\000n\000\040\000c\000o\000n\000t\000r\000o\000l\000l\000e\000r}{}% 27
\BOOKMARK [1][-]{section.4.1}{\376\377\000S\000i\000n\000g\000l\000e\000\040\000v\000e\000h\000i\000c\000l\000e}{chapter.4}% 28
\BOOKMARK [2][-]{subsection.4.1.1}{\376\377\000o\000f\000f\000b\000o\000a\000r\000d\000\040\000c\000o\000n\000t\000r\000o\000l\000\040\000l\000o\000g\000i\000c}{section.4.1}% 29
\BOOKMARK [2][-]{subsection.4.1.2}{\376\377\000v\000f\000\040\000c\000o\000n\000t\000r\000o\000l\000\040\000l\000o\000g\000i\000c}{section.4.1}% 30
\BOOKMARK [1][-]{section.4.2}{\376\377\000M\000u\000l\000t\000i\000p\000l\000e\000\040\000v\000e\000h\000i\000c\000l\000e\000s}{chapter.4}% 31
\BOOKMARK [2][-]{subsection.4.2.1}{\376\377\000f\000o\000m\000a\000t\000i\000o\000n\000\040\000c\000o\000n\000t\000r\000o\000l\000\040\000l\000o\000g\000i\000c}{section.4.2}% 32
\BOOKMARK [1][-]{section.4.3}{\376\377\000P\000u\000b\000l\000i\000s\000h\000i\000n\000g\000\040\000d\000a\000t\000e\000\040\000t\000o\000\040\000a\000t\000t\000i\000t\000u\000d\000e\000\040\000c\000o\000n\000t\000r\000o\000l\000l\000e\000r}{chapter.4}% 33
\BOOKMARK [0][-]{chapter.5}{\376\377\000a\000t\000t\000i\000t\000u\000d\000e\000\040\000c\000o\000n\000t\000r\000o\000l\000l\000e\000r}{}% 34
\BOOKMARK [1][-]{section.5.1}{\376\377\000o\000f\000f\000b\000o\000a\000r\000d}{chapter.5}% 35
\BOOKMARK [2][-]{subsection.5.1.1}{\376\377\000m\000a\000v\000r\000o\000s\123\321\220\001\000o\000f\000f\000b\000o\000a\000r\000d\145\160\143\156\155\101}{section.5.1}% 36
\BOOKMARK [1][-]{section.5.2}{\376\377\000C\000o\000o\000r\000d\000i\000n\000a\000t\000e\000d\000\040\000T\000u\000r\000n\000\040\123\117\214\003\217\154\137\057}{chapter.5}% 37
\BOOKMARK [2][-]{subsection.5.2.1}{\376\377\000n\000o\000t\000\040\000b\000e\000i\000n\000g\000\040\000w\000i\000n\000d}{section.5.2}% 38
\BOOKMARK [2][-]{subsection.5.2.2}{\376\377\000b\000e\000i\000n\000g\000\040\000w\000i\000n\000d\000-\000K\000i\000n\000e\000m\000a\000t\000i\000c\000\040\000M\000o\000d\000e\000l\000\040\000o\000f\000\040\000C\000o\000n\000t\000r\000o\000l\000l\000e\000d\000\040\000F\000l\000i\000g\000h\000t}{section.5.2}% 39
\BOOKMARK [2][-]{subsection.5.2.3}{\376\377\000C\000o\000o\000r\000d\000i\000n\000a\000t\000e\000d\000\040\000T\000u\000r\000n}{section.5.2}% 40
\BOOKMARK [2][-]{subsection.5.2.4}{\376\377\000p\000x\0004\121\205\220\350\166\204\133\236\163\260}{section.5.2}% 41
\BOOKMARK [2][-]{subsection.5.2.5}{\376\377\153\047\142\311\211\322\000,\000\040\126\333\121\103\145\160\166\204\166\370\116\222\217\154\143\142}{section.5.2}% 42
\BOOKMARK [2][-]{subsection.5.2.6}{\376\377\224\210\133\371\000o\000f\000f\000b\000o\000a\000r\000d\133\371\000p\000x\0004\166\204\146\364\145\071}{section.5.2}% 43
\BOOKMARK [1][-]{section.5.3}{\376\377\000R\000C\000\040\000c\000o\000n\000t\000r\000o\000l}{chapter.5}% 44
\BOOKMARK [2][-]{subsection.5.3.1}{\376\377\000r\000a\000s\000p\000b\000e\000r\000r\000y\000'\000s\000\040\000h\000a\000n\000d\000l\000e\000d\000\040\000l\000o\000g\000i\000c\000\040\000a\000n\000d\000\040\000p\000x\0004\000'\000s\000\040\000r\000e\000c\000e\000i\000v\000e\000r}{section.5.3}% 45
\BOOKMARK [2][-]{subsection.5.3.2}{\376\377\121\166\116\326\220\350\122\006\166\204\213\242\226\005}{section.5.3}% 46
\BOOKMARK [2][-]{subsection.5.3.3}{\376\377\000O\000R\000B\000\137\000I\000D\000\050\000m\000a\000n\000u\000a\000l\000\137\000c\000o\000n\000t\000r\000o\000l\000\137\000s\000e\000t\000p\000o\000i\000n\000t\000\051}{section.5.3}% 47
\BOOKMARK [2][-]{subsection.5.3.4}{\376\377\000L\000o\000w\000\040\000p\000a\000s\000s\000\040\000f\000i\000l\000t\000e\000r}{section.5.3}% 48
\BOOKMARK [0][-]{chapter.6}{\376\377\000R\000a\000s\000p\000b\000e\000r\000r\000y}{}% 49
\BOOKMARK [1][-]{section.6.1}{\376\377\000r\000a\000s\000p\000b\000e\000r\000r\000y}{chapter.6}% 50
\BOOKMARK [2][-]{subsection.6.1.1}{\376\377\137\000\147\072\201\352\124\057\122\250\172\013\136\217\000s\000a\000m\000p\000l\000e}{section.6.1}% 51
\BOOKMARK [2][-]{subsection.6.1.2}{\376\377\121\340\171\315\137\000\147\072\201\352\124\057\122\250\166\204\145\271\154\325}{section.6.1}% 52
\BOOKMARK [2][-]{subsection.6.1.3}{\376\377\000/\000e\000t\000c\000/\000p\000r\000o\000f\000i\000l\000e\000.\000d}{section.6.1}% 53
\BOOKMARK [2][-]{subsection.6.1.4}{\376\377\117\177\165\050\000r\000c\000.\000l\000o\000c\000a\000l\117\356\145\071}{section.6.1}% 54
\BOOKMARK [2][-]{subsection.6.1.5}{\376\377\000i\000n\000i\000t\000.\000d\166\356\137\125\124\214\000/\000e\000t\000c\000/\000r\000c\000.\000l\000o\000c\000a\000l\166\204\123\072\122\053}{section.6.1}% 55
\BOOKMARK [2][-]{subsection.6.1.6}{\376\377\147\345\167\013\147\015\122\241\117\030\121\110\230\172\136\217}{section.6.1}% 56
\BOOKMARK [2][-]{subsection.6.1.7}{\376\377\000/\000e\000t\000c\000\040\000d\000i\000r\000e\000c\000t\000o\000r\000y}{section.6.1}% 57
\BOOKMARK [1][-]{section.6.2}{\376\377\000r\000a\000s\000p\000b\000e\000r\000r\000y\000\040\124\057\122\250\000\040\000s\000s\000h}{chapter.6}% 58
\BOOKMARK [1][-]{section.6.3}{\376\377\137\000\147\072\147\015\122\241\000:\000\040\000s\000y\000s\000t\000e\000m\000d}{chapter.6}% 59
\BOOKMARK [2][-]{subsection.6.3.1}{\376\377\122\033\136\372\147\015\122\241}{section.6.3}% 60
\BOOKMARK [2][-]{subsection.6.3.2}{\376\377\124\057\122\250\000/\120\134\153\142\147\015\122\241}{section.6.3}% 61
\BOOKMARK [2][-]{subsection.6.3.3}{\376\377\137\000\147\072\124\057\122\250\147\015\122\241}{section.6.3}% 62
\BOOKMARK [0][-]{chapter.7}{\376\377\000L\000i\000n\000u\000x}{}% 63
\BOOKMARK [1][-]{section.7.1}{\376\377\000t\000h\000e\000\040\000L\000i\000n\000u\000x\000\040\000O\000S\000\040\000S\000t\000a\000r\000t\000\040\000P\000r\000o\000c\000e\000s\000s\000\040}{chapter.7}% 64
\BOOKMARK [2][-]{subsection.7.1.1}{\376\377\0001\000s\000t\000\040\000s\000t\000a\000g\000e\000:\000\040\000p\000o\000w\000e\000r\000\040\000o\000n}{section.7.1}% 65
\BOOKMARK [2][-]{subsection.7.1.2}{\376\377\0002\000n\000d\000\040\000s\000t\000a\000g\000e\000:\000\040\000r\000u\000n\000\040\000b\000o\000o\000t\000c\000o\000d\000e\000.\000b\000i\000n}{section.7.1}% 66
\BOOKMARK [2][-]{subsection.7.1.3}{\376\377\0003\000r\000d\000\040\000s\000t\000a\000g\000e\000:\000\040\000l\000o\000a\000d\000\040\000s\000t\000a\000r\000t\000.\000e\000l\000f}{section.7.1}% 67
\BOOKMARK [2][-]{subsection.7.1.4}{\376\377\0004\000t\000h\000\040\000s\000t\000a\000g\000e\000:\000\040\000l\000o\000a\000d\000\040\000l\000i\000n\000u\000x\000\040\000k\000e\000r\000n\000e\000l}{section.7.1}% 68
\BOOKMARK [1][-]{section.7.2}{\376\377\000w\000h\000a\000t\000'\000s\000\040\000t\000h\000e\000\040\000s\000h\000e\000l\000l\000?}{chapter.7}% 69
\BOOKMARK [2][-]{subsection.7.2.1}{\376\377\116\300\116\110\146\057\000s\000h\000e\000l\000l\000?}{section.7.2}% 70
\BOOKMARK [2][-]{subsection.7.2.2}{\376\377\000s\000h\000e\000l\000l\000\040\131\202\117\125\124\057\122\250\000?}{section.7.2}% 71
\BOOKMARK [1][-]{section.7.3}{\376\377\000L\000i\000n\000u\000x\124\057\122\250\145\366\213\373\123\326\221\115\177\156\145\207\116\366\166\204\230\172\136\217}{chapter.7}% 72
\BOOKMARK [2][-]{subsection.7.3.1}{\376\377\124\004\116\052\221\115\177\156\145\207\116\366\166\204\117\134\165\050\127\337}{section.7.3}% 73
\BOOKMARK [1][-]{section.7.4}{\376\377\000b\000a\000s\000h\201\032\147\054\177\026\121\231}{chapter.7}% 74
\BOOKMARK [2][-]{subsection.7.4.1}{\376\377\124\016\123\360\217\320\210\114\143\007\116\344}{section.7.4}% 75
\BOOKMARK [2][-]{subsection.7.4.2}{\376\377\000b\000a\000s\000h\124\214\000s\000h\166\204\123\072\122\053}{section.7.4}% 76
\BOOKMARK [2][-]{subsection.7.4.3}{\376\377\201\032\147\054\211\343\221\312\126\150\122\240\116\012\000-\000e\123\302\145\160}{section.7.4}% 77
\BOOKMARK [1][-]{section.7.5}{\376\377\000s\000o\000u\000r\000c\000e\000,\000\040\000b\000a\000s\000h\000,\000\040\000s\000h\000,\000\040\000a\000n\000d\000\040\000.\000/}{chapter.7}% 78
\BOOKMARK [2][-]{subsection.7.5.1}{\376\377\000s\000o\000u\000r\000c\000e\000\040\000a\000n\000d\000\040\000.\000/}{section.7.5}% 79
\BOOKMARK [2][-]{subsection.7.5.2}{\376\377\000b\000a\000s\000h}{section.7.5}% 80
\BOOKMARK [2][-]{subsection.7.5.3}{\376\377\000s\000h}{section.7.5}% 81
\BOOKMARK [2][-]{subsection.7.5.4}{\376\377\123\072\122\053}{section.7.5}% 82
\BOOKMARK [1][-]{section.7.6}{\376\377\000c\000o\000m\000m\000a\000n\000d\000s}{chapter.7}% 83
\BOOKMARK [2][-]{subsection.7.6.1}{\376\377\000n\000o\000h\000u\000p}{section.7.6}% 84
\BOOKMARK [0][-]{chapter.8}{\376\377\000r\000o\000s}{}% 85
\BOOKMARK [1][-]{section.8.1}{\376\377\000r\000o\000s\000\040\000s\000y\000s\000t\000e\000m}{chapter.8}% 86
\BOOKMARK [1][-]{section.8.2}{\376\377\000r\000o\000s\000\040\213\276\177\156\137\000\147\072\201\352\124\057\122\250\000\040\000l\000a\000u\000n\000c\000h\000\040\145\207\116\366}{chapter.8}% 87
\BOOKMARK [2][-]{subsection.8.2.1}{\376\377\000r\000o\000b\000o\000t\000\137\000u\000p\000s\000t\000a\000r\000t}{section.8.2}% 88
\BOOKMARK [0][-]{chapter.9}{\376\377\122\115\131\007\167\345\213\306}{}% 89
\BOOKMARK [1][-]{section.9.1}{\376\377\000T\000h\000e\000\040\000c\000e\000n\000t\000r\000i\000f\000u\000g\000a\000l\000\040\000f\000o\000r\000c\000e\000\040\171\273\137\303\122\233}{chapter.9}% 90
\BOOKMARK [1][-]{section.9.2}{\376\377\202\052\124\021\211\322\124\214\120\117\202\052\211\322\116\345\123\312\123\107\122\233}{chapter.9}% 91
