This is pdfTeX, Version 3.14159265-2.6-1.40.21 (TeX Live 2020/W32TeX) (preloaded format=pdflatex 2020.5.11)  24 JUL 2020 11:06
entering extended mode
 restricted \write18 enabled.
 file:line:error style messages enabled.
 %&-line parsing enabled.
**"f:/2. UAV/10. ReportSummary/20200723/20200723.tex"
(f:/2. UAV/10. ReportSummary/20200723/20200723.tex
LaTeX2e <2020-02-02> patch level 5
L3 programming layer <2020-03-06>
f:/2. UAV/10. ReportSummary/20200723/20200723.tex:117: Undefined control sequence.
l.117     \chapter
                  {20200723}
The control sequence at the end of the top line
of your error message was never \def'ed. If you have
misspelled it (e.g., `\hobx'), type `I' and the correct
spelling (e.g., `I\hbox'). Otherwise just continue,
and I'll forget about whatever was undefined.


f:/2. UAV/10. ReportSummary/20200723/20200723.tex:117: LaTeX Error: Missing \begin{document}.

See the LaTeX manual or LaTeX Companion for explanation.
Type  H <return>  for immediate help.
 ...                                              
                                                  
l.117     \chapter{2
                    0200723}
You're in trouble here.  Try typing  <return>  to proceed.
If that doesn't work, type  X <return>  to quit.

Missing character: There is no 2 in font nullfont!
Missing character: There is no 0 in font nullfont!
Missing character: There is no 2 in font nullfont!
Missing character: There is no 0 in font nullfont!
Missing character: There is no 0 in font nullfont!
Missing character: There is no 7 in font nullfont!
Missing character: There is no 2 in font nullfont!
Missing character: There is no 3 in font nullfont!
f:/2. UAV/10. ReportSummary/20200723/20200723.tex:118: Undefined control sequence.
l.118     \section
                  {20200723}
The control sequence at the end of the top line
of your error message was never \def'ed. If you have
misspelled it (e.g., `\hobx'), type `I' and the correct
spelling (e.g., `I\hbox'). Otherwise just continue,
and I'll forget about whatever was undefined.

Missing character: There is no 2 in font nullfont!
Missing character: There is no 0 in font nullfont!
Missing character: There is no 2 in font nullfont!
Missing character: There is no 0 in font nullfont!
Missing character: There is no 0 in font nullfont!
Missing character: There is no 7 in font nullfont!
Missing character: There is no 2 in font nullfont!
Missing character: There is no 3 in font nullfont!

Overfull \hbox (20.0pt too wide) in paragraph at lines 117--119
[] 
 []

Missing character: There is no ( in font nullfont!
Missing character: There is no 1 in font nullfont!
Missing character: There is no ) in font nullfont!

f:/2. UAV/10. ReportSummary/20200723/20200723.tex:120: Package inputenc Error: Unicode character ç»™ (U+7ED9)
(inputenc)                not set up for use with LaTeX.

See the inputenc package documentation for explanation.
Type  H <return>  for immediate help.
 ...                                              
                                                  
l.120         \item[(1)] ç»™
                            ç¬¬ä¸€ç‰ˆåŠ ä¸Šäº†é€€å‡ºä¿æŠ¤æœºåˆ¶, è®©å…¶èƒ½é...
You may provide a definition with
\DeclareUnicodeCharacter 


f:/2. UAV/10. ReportSummary/20200723/20200723.tex:120: Package inputenc Error: Unicode character ç¬¬ (U+7B2C)
(inputenc)                not set up for use with LaTeX.

See the inputenc package documentation for explanation.
Type  H <return>  for immediate help.
 ...                                              
                                                  
l.120         \item[(1)] ç»™ç¬¬
                               ä¸€ç‰ˆåŠ ä¸Šäº†é€€å‡ºä¿æŠ¤æœºåˆ¶, è®©å…¶èƒ½é...
You may provide a definition with
\DeclareUnicodeCharacter 


f:/2. UAV/10. ReportSummary/20200723/20200723.tex:120: Package inputenc Error: Unicode character ä¸€ (U+4E00)
(inputenc)                not set up for use with LaTeX.

See the inputenc package documentation for explanation.
Type  H <return>  for immediate help.
 ...                                              
                                                  
l.120         \item[(1)] ç»™ç¬¬ä¸€
                                  ç‰ˆåŠ ä¸Šäº†é€€å‡ºä¿æŠ¤æœºåˆ¶, è®©å…¶èƒ½é...
You may provide a definition with
\DeclareUnicodeCharacter 


f:/2. UAV/10. ReportSummary/20200723/20200723.tex:120: Package inputenc Error: Unicode character ç‰ˆ (U+7248)
(inputenc)                not set up for use with LaTeX.

See the inputenc package documentation for explanation.
Type  H <return>  for immediate help.
 ...                                              
                                                  
l.120         \item[(1)] ç»™ç¬¬ä¸€ç‰ˆ
                                     åŠ ä¸Šäº†é€€å‡ºä¿æŠ¤æœºåˆ¶, è®©å…¶èƒ½é...
You may provide a definition with
\DeclareUnicodeCharacter 


f:/2. UAV/10. ReportSummary/20200723/20200723.tex:120: Package inputenc Error: Unicode character åŠ  (U+52A0)
(inputenc)                not set up for use with LaTeX.

See the inputenc package documentation for explanation.
Type  H <return>  for immediate help.
 ...                                              
                                                  
l.120         \item[(1)] ç»™ç¬¬ä¸€ç‰ˆåŠ 
                                        ä¸Šäº†é€€å‡ºä¿æŠ¤æœºåˆ¶, è®©å…¶èƒ½é...
You may provide a definition with
\DeclareUnicodeCharacter 


f:/2. UAV/10. ReportSummary/20200723/20200723.tex:120: Package inputenc Error: Unicode character ä¸Š (U+4E0A)
(inputenc)                not set up for use with LaTeX.

See the inputenc package documentation for explanation.
Type  H <return>  for immediate help.
 ...                                              
                                                  
l.120         \item[(1)] ç»™ç¬¬ä¸€ç‰ˆåŠ ä¸Š
                                           äº†é€€å‡ºä¿æŠ¤æœºåˆ¶, è®©å…¶èƒ½é...
You may provide a definition with
\DeclareUnicodeCharacter 


f:/2. UAV/10. ReportSummary/20200723/20200723.tex:120: Package inputenc Error: Unicode character äº† (U+4E86)
(inputenc)                not set up for use with LaTeX.

See the inputenc package documentation for explanation.
Type  H <return>  for immediate help.
 ...                                              
                                                  
l.120         \item[(1)] ç»™ç¬¬ä¸€ç‰ˆåŠ ä¸Šäº†
                                              é€€å‡ºä¿æŠ¤æœºåˆ¶, è®©å…¶èƒ½é...
You may provide a definition with
\DeclareUnicodeCharacter 


f:/2. UAV/10. ReportSummary/20200723/20200723.tex:120: Package inputenc Error: Unicode character é€€ (U+9000)
(inputenc)                not set up for use with LaTeX.

See the inputenc package documentation for explanation.
Type  H <return>  for immediate help.
 ...                                              
                                                  
l.120         \item[(1)] ç»™ç¬¬ä¸€ç‰ˆåŠ ä¸Šäº†é€€
                                                 å‡ºä¿æŠ¤æœºåˆ¶, è®©å…¶èƒ½é...
You may provide a definition with
\DeclareUnicodeCharacter 


f:/2. UAV/10. ReportSummary/20200723/20200723.tex:120: Package inputenc Error: Unicode character å‡º (U+51FA)
(inputenc)                not set up for use with LaTeX.

See the inputenc package documentation for explanation.
Type  H <return>  for immediate help.
 ...                                              
                                                  
l.120 ...   \item[(1)] ç»™ç¬¬ä¸€ç‰ˆåŠ ä¸Šäº†é€€å‡º
                                                  ä¿æŠ¤æœºåˆ¶, è®©å…¶èƒ½é€€...
You may provide a definition with
\DeclareUnicodeCharacter 


f:/2. UAV/10. ReportSummary/20200723/20200723.tex:120: Package inputenc Error: Unicode character ä¿ (U+4FDD)
(inputenc)                not set up for use with LaTeX.

See the inputenc package documentation for explanation.
Type  H <return>  for immediate help.
 ...                                              
                                                  
l.120 ...\item[(1)] ç»™ç¬¬ä¸€ç‰ˆåŠ ä¸Šäº†é€€å‡ºä¿
                                                  æŠ¤æœºåˆ¶, è®©å…¶èƒ½é€€å‡º...
You may provide a definition with
\DeclareUnicodeCharacter 


f:/2. UAV/10. ReportSummary/20200723/20200723.tex:120: Package inputenc Error: Unicode character æŠ¤ (U+62A4)
(inputenc)                not set up for use with LaTeX.

See the inputenc package documentation for explanation.
Type  H <return>  for immediate help.
 ...                                              
                                                  
l.120 ...em[(1)] ç»™ç¬¬ä¸€ç‰ˆåŠ ä¸Šäº†é€€å‡ºä¿æŠ¤
                                                  æœºåˆ¶, è®©å…¶èƒ½é€€å‡º at...
You may provide a definition with
\DeclareUnicodeCharacter 


f:/2. UAV/10. ReportSummary/20200723/20200723.tex:120: Package inputenc Error: Unicode character æœº (U+673A)
(inputenc)                not set up for use with LaTeX.

See the inputenc package documentation for explanation.
Type  H <return>  for immediate help.
 ...                                              
                                                  
l.120 ...(1)] ç»™ç¬¬ä¸€ç‰ˆåŠ ä¸Šäº†é€€å‡ºä¿æŠ¤æœº
                                                  åˆ¶, è®©å…¶èƒ½é€€å‡º attit...
You may provide a definition with
\DeclareUnicodeCharacter 


f:/2. UAV/10. ReportSummary/20200723/20200723.tex:120: Package inputenc Error: Unicode character åˆ¶ (U+5236)
(inputenc)                not set up for use with LaTeX.

See the inputenc package documentation for explanation.
Type  H <return>  for immediate help.
 ...                                              
                                                  
l.120 ...] ç»™ç¬¬ä¸€ç‰ˆåŠ ä¸Šäº†é€€å‡ºä¿æŠ¤æœºåˆ¶
                                                  , è®©å…¶èƒ½é€€å‡º attitude...
You may provide a definition with
\DeclareUnicodeCharacter 

Missing character: There is no , in font nullfont!

f:/2. UAV/10. ReportSummary/20200723/20200723.tex:120: Package inputenc Error: Unicode character è®© (U+8BA9)
(inputenc)                not set up for use with LaTeX.

See the inputenc package documentation for explanation.
Type  H <return>  for immediate help.
 ...                                              
                                                  
l.120 ...ç¬¬ä¸€ç‰ˆåŠ ä¸Šäº†é€€å‡ºä¿æŠ¤æœºåˆ¶, è®©
                                                  å…¶èƒ½é€€å‡º attitude cont...
You may provide a definition with
\DeclareUnicodeCharacter 


f:/2. UAV/10. ReportSummary/20200723/20200723.tex:120: Package inputenc Error: Unicode character å…¶ (U+5176)
(inputenc)                not set up for use with LaTeX.

See the inputenc package documentation for explanation.
Type  H <return>  for immediate help.
 ...                                              
                                                  
l.120 ...ä¸€ç‰ˆåŠ ä¸Šäº†é€€å‡ºä¿æŠ¤æœºåˆ¶, è®©å…¶
                                                  èƒ½é€€å‡º attitude control...
You may provide a definition with
\DeclareUnicodeCharacter 


f:/2. UAV/10. ReportSummary/20200723/20200723.tex:120: Package inputenc Error: Unicode character èƒ½ (U+80FD)
(inputenc)                not set up for use with LaTeX.

See the inputenc package documentation for explanation.
Type  H <return>  for immediate help.
 ...                                              
                                                  
l.120 ...ç‰ˆåŠ ä¸Šäº†é€€å‡ºä¿æŠ¤æœºåˆ¶, è®©å…¶èƒ½
                                                  é€€å‡º attitude controller...
You may provide a definition with
\DeclareUnicodeCharacter 


f:/2. UAV/10. ReportSummary/20200723/20200723.tex:120: Package inputenc Error: Unicode character é€€ (U+9000)
(inputenc)                not set up for use with LaTeX.

See the inputenc package documentation for explanation.
Type  H <return>  for immediate help.
 ...                                              
                                                  
l.120 ...åŠ ä¸Šäº†é€€å‡ºä¿æŠ¤æœºåˆ¶, è®©å…¶èƒ½é€€
                                                  å‡º attitude controller , ...
You may provide a definition with
\DeclareUnicodeCharacter 


f:/2. UAV/10. ReportSummary/20200723/20200723.tex:120: Package inputenc Error: Unicode character å‡º (U+51FA)
(inputenc)                not set up for use with LaTeX.

See the inputenc package documentation for explanation.
Type  H <return>  for immediate help.
 ...                                              
                                                  
l.120 ...ä¸Šäº†é€€å‡ºä¿æŠ¤æœºåˆ¶, è®©å…¶èƒ½é€€å‡º
                                                   attitude controller , ä»...
You may provide a definition with
\DeclareUnicodeCharacter 

Missing character: There is no a in font nullfont!
Missing character: There is no t in font nullfont!
Missing character: There is no t in font nullfont!
Missing character: There is no i in font nullfont!
Missing character: There is no t in font nullfont!
Missing character: There is no u in font nullfont!
Missing character: There is no d in font nullfont!
Missing character: There is no e in font nullfont!
Missing character: There is no c in font nullfont!
Missing character: There is no o in font nullfont!
Missing character: There is no n in font nullfont!
Missing character: There is no t in font nullfont!
Missing character: There is no r in font nullfont!
Missing character: There is no o in font nullfont!
Missing character: There is no l in font nullfont!
Missing character: There is no l in font nullfont!
Missing character: There is no e in font nullfont!
Missing character: There is no r in font nullfont!
Missing character: There is no , in font nullfont!

f:/2. UAV/10. ReportSummary/20200723/20200723.tex:120: Package inputenc Error: Unicode character ä» (U+4ECE)
(inputenc)                not set up for use with LaTeX.

See the inputenc package documentation for explanation.
Type  H <return>  for immediate help.
 ...                                              
                                                  
l.120 ...è®©å…¶èƒ½é€€å‡º attitude controller , ä»
                                                  è€Œå°†é£æ§çš„æ§åˆ¶æƒäº...
You may provide a definition with
\DeclareUnicodeCharacter 


f:/2. UAV/10. ReportSummary/20200723/20200723.tex:120: Package inputenc Error: Unicode character è€Œ (U+800C)
(inputenc)                not set up for use with LaTeX.

See the inputenc package documentation for explanation.
Type  H <return>  for immediate help.
 ...                                              
                                                  
l.120 ...å…¶èƒ½é€€å‡º attitude controller , ä»è€Œ
                                                  å°†é£æ§çš„æ§åˆ¶æƒäº¤ç»...
You may provide a definition with
\DeclareUnicodeCharacter 


f:/2. UAV/10. ReportSummary/20200723/20200723.tex:120: Package inputenc Error: Unicode character å°† (U+5C06)
(inputenc)                not set up for use with LaTeX.

See the inputenc package documentation for explanation.
Type  H <return>  for immediate help.
 ...                                              
                                                  
l.120 ...èƒ½é€€å‡º attitude controller , ä»è€Œå°†
                                                  é£æ§çš„æ§åˆ¶æƒäº¤ç»™qg...
You may provide a definition with
\DeclareUnicodeCharacter 


f:/2. UAV/10. ReportSummary/20200723/20200723.tex:120: Package inputenc Error: Unicode character é£ (U+98DE)
(inputenc)                not set up for use with LaTeX.

See the inputenc package documentation for explanation.
Type  H <return>  for immediate help.
 ...                                              
                                                  
l.120 ...é€€å‡º attitude controller , ä»è€Œå°†é£
                                                  æ§çš„æ§åˆ¶æƒäº¤ç»™qgcæˆ...
You may provide a definition with
\DeclareUnicodeCharacter 


f:/2. UAV/10. ReportSummary/20200723/20200723.tex:120: Package inputenc Error: Unicode character æ§ (U+63A7)
(inputenc)                not set up for use with LaTeX.

See the inputenc package documentation for explanation.
Type  H <return>  for immediate help.
 ...                                              
                                                  
l.120 ...å‡º attitude controller , ä»è€Œå°†é£æ§
                                                  çš„æ§åˆ¶æƒäº¤ç»™qgcæˆ–è€...
You may provide a definition with
\DeclareUnicodeCharacter 


f:/2. UAV/10. ReportSummary/20200723/20200723.tex:120: Package inputenc Error: Unicode character çš„ (U+7684)
(inputenc)                not set up for use with LaTeX.

See the inputenc package documentation for explanation.
Type  H <return>  for immediate help.
 ...                                              
                                                  
l.120 ... attitude controller , ä»è€Œå°†é£æ§çš„
                                                  æ§åˆ¶æƒäº¤ç»™qgcæˆ–è€…æ˜...
You may provide a definition with
\DeclareUnicodeCharacter 


f:/2. UAV/10. ReportSummary/20200723/20200723.tex:120: Package inputenc Error: Unicode character æ§ (U+63A7)
(inputenc)                not set up for use with LaTeX.

See the inputenc package documentation for explanation.
Type  H <return>  for immediate help.
 ...                                              
                                                  
l.120 ...titude controller , ä»è€Œå°†é£æ§çš„æ§
                                                  åˆ¶æƒäº¤ç»™qgcæˆ–è€…æ˜¯Jo...
You may provide a definition with
\DeclareUnicodeCharacter 


f:/2. UAV/10. ReportSummary/20200723/20200723.tex:120: Package inputenc Error: Unicode character åˆ¶ (U+5236)
(inputenc)                not set up for use with LaTeX.

See the inputenc package documentation for explanation.
Type  H <return>  for immediate help.
 ...                                              
                                                  
l.120 ...ude controller , ä»è€Œå°†é£æ§çš„æ§åˆ¶
                                                  æƒäº¤ç»™qgcæˆ–è€…æ˜¯Joyst...
You may provide a definition with
\DeclareUnicodeCharacter 


f:/2. UAV/10. ReportSummary/20200723/20200723.tex:120: Package inputenc Error: Unicode character æƒ (U+6743)
(inputenc)                not set up for use with LaTeX.

See the inputenc package documentation for explanation.
Type  H <return>  for immediate help.
 ...                                              
                                                  
l.120 ... controller , ä»è€Œå°†é£æ§çš„æ§åˆ¶æƒ
                                                  äº¤ç»™qgcæˆ–è€…æ˜¯Joystick...
You may provide a definition with
\DeclareUnicodeCharacter 


f:/2. UAV/10. ReportSummary/20200723/20200723.tex:120: Package inputenc Error: Unicode character äº¤ (U+4EA4)
(inputenc)                not set up for use with LaTeX.

See the inputenc package documentation for explanation.
Type  H <return>  for immediate help.
 ...                                              
                                                  
l.120 ...ntroller , ä»è€Œå°†é£æ§çš„æ§åˆ¶æƒäº¤
                                                  ç»™qgcæˆ–è€…æ˜¯Joystick. (...
You may provide a definition with
\DeclareUnicodeCharacter 


f:/2. UAV/10. ReportSummary/20200723/20200723.tex:120: Package inputenc Error: Unicode character ç»™ (U+7ED9)
(inputenc)                not set up for use with LaTeX.

See the inputenc package documentation for explanation.
Type  H <return>  for immediate help.
 ...                                              
                                                  
l.120 ...oller , ä»è€Œå°†é£æ§çš„æ§åˆ¶æƒäº¤ç»™
                                                  qgcæˆ–è€…æ˜¯Joystick. (è¯¦...
You may provide a definition with
\DeclareUnicodeCharacter 

Missing character: There is no q in font nullfont!
Missing character: There is no g in font nullfont!
Missing character: There is no c in font nullfont!

f:/2. UAV/10. ReportSummary/20200723/20200723.tex:120: Package inputenc Error: Unicode character æˆ– (U+6216)
(inputenc)                not set up for use with LaTeX.

See the inputenc package documentation for explanation.
Type  H <return>  for immediate help.
 ...                                              
                                                  
l.120 ..., ä»è€Œå°†é£æ§çš„æ§åˆ¶æƒäº¤ç»™qgcæˆ–
                                                  è€…æ˜¯Joystick. (è¯¦æƒ…å¯...
You may provide a definition with
\DeclareUnicodeCharacter 


f:/2. UAV/10. ReportSummary/20200723/20200723.tex:120: Package inputenc Error: Unicode character è€… (U+8005)
(inputenc)                not set up for use with LaTeX.

See the inputenc package documentation for explanation.
Type  H <return>  for immediate help.
 ...                                              
                                                  
l.120 ...»è€Œå°†é£æ§çš„æ§åˆ¶æƒäº¤ç»™qgcæˆ–è€…
                                                  æ˜¯Joystick. (è¯¦æƒ…å¯è§...
You may provide a definition with
\DeclareUnicodeCharacter 


f:/2. UAV/10. ReportSummary/20200723/20200723.tex:120: Package inputenc Error: Unicode character æ˜¯ (U+662F)
(inputenc)                not set up for use with LaTeX.

See the inputenc package documentation for explanation.
Type  H <return>  for immediate help.
 ...                                              
                                                  
l.120 ...€Œå°†é£æ§çš„æ§åˆ¶æƒäº¤ç»™qgcæˆ–è€…æ˜¯
                                                  Joystick. (è¯¦æƒ…å¯è§~\r...
You may provide a definition with
\DeclareUnicodeCharacter 

Missing character: There is no J in font nullfont!
Missing character: There is no o in font nullfont!
Missing character: There is no y in font nullfont!
Missing character: There is no s in font nullfont!
Missing character: There is no t in font nullfont!
Missing character: There is no i in font nullfont!
Missing character: There is no c in font nullfont!
Missing character: There is no k in font nullfont!
Missing character: There is no . in font nullfont!
Missing character: There is no ( in font nullfont!

f:/2. UAV/10. ReportSummary/20200723/20200723.tex:120: Package inputenc Error: Unicode character è¯¦ (U+8BE6)
(inputenc)                not set up for use with LaTeX.

See the inputenc package documentation for explanation.
Type  H <return>  for immediate help.
 ...                                              
                                                  
l.120 ...æ§åˆ¶æƒäº¤ç»™qgcæˆ–è€…æ˜¯Joystick. (è¯¦
                                                  æƒ…å¯è§~\ref{sec:protect})
You may provide a definition with
\DeclareUnicodeCharacter 


f:/2. UAV/10. ReportSummary/20200723/20200723.tex:120: Package inputenc Error: Unicode character æƒ… (U+60C5)
(inputenc)                not set up for use with LaTeX.

See the inputenc package documentation for explanation.
Type  H <return>  for immediate help.
 ...                                              
                                                  
l.120 ...åˆ¶æƒäº¤ç»™qgcæˆ–è€…æ˜¯Joystick. (è¯¦æƒ…
                                                  å¯è§~\ref{sec:protect})
You may provide a definition with
\DeclareUnicodeCharacter 


f:/2. UAV/10. ReportSummary/20200723/20200723.tex:120: Package inputenc Error: Unicode character å¯ (U+53EF)
(inputenc)                not set up for use with LaTeX.

See the inputenc package documentation for explanation.
Type  H <return>  for immediate help.
 ...                                              
                                                  
l.120 ...æƒäº¤ç»™qgcæˆ–è€…æ˜¯Joystick. (è¯¦æƒ…å¯
                                                  è§~\ref{sec:protect})
You may provide a definition with
\DeclareUnicodeCharacter 


f:/2. UAV/10. ReportSummary/20200723/20200723.tex:120: Package inputenc Error: Unicode character è§ (U+89C1)
(inputenc)                not set up for use with LaTeX.

See the inputenc package documentation for explanation.
Type  H <return>  for immediate help.
 ...                                              
                                                  
l.120 ...äº¤ç»™qgcæˆ–è€…æ˜¯Joystick. (è¯¦æƒ…å¯è§
                                                  ~\ref{sec:protect})
You may provide a definition with
\DeclareUnicodeCharacter 

f:/2. UAV/10. ReportSummary/20200723/20200723.tex:120: Undefined control sequence.
<write> ...ference `sec:protect' on page \thepage 
                                                  \space undefined\on@line .
l.120 ...Joystick. (è¯¦æƒ…å¯è§~\ref{sec:protect}
                                                  )
The control sequence at the end of the top line
of your error message was never \def'ed. If you have
misspelled it (e.g., `\hobx'), type `I' and the correct
spelling (e.g., `I\hbox'). Otherwise just continue,
and I'll forget about whatever was undefined.


LaTeX Warning: Reference `sec:protect' on page  undefined on input line 120.

Missing character: There is no ) in font nullfont!

Overfull \hbox (10.86105pt too wide) in paragraph at lines 120--121
[] 
 []

Missing character: There is no ( in font nullfont!
Missing character: There is no 2 in font nullfont!
Missing character: There is no ) in font nullfont!

f:/2. UAV/10. ReportSummary/20200723/20200723.tex:121: Package inputenc Error: Unicode character å¯¹ (U+5BF9)
(inputenc)                not set up for use with LaTeX.

See the inputenc package documentation for explanation.
Type  H <return>  for immediate help.
 ...                                              
                                                  
l.121         \item[(2)] å¯¹
                            offboardè¿›è¡Œäº†bugè°ƒèŠ‚
You may provide a definition with
\DeclareUnicodeCharacter 

Missing character: There is no o in font nullfont!
Missing character: There is no f in font nullfont!
Missing character: There is no f in font nullfont!
Missing character: There is no b in font nullfont!
Missing character: There is no o in font nullfont!
Missing character: There is no a in font nullfont!
Missing character: There is no r in font nullfont!
Missing character: There is no d in font nullfont!

f:/2. UAV/10. ReportSummary/20200723/20200723.tex:121: Package inputenc Error: Unicode character è¿› (U+8FDB)
(inputenc)                not set up for use with LaTeX.

See the inputenc package documentation for explanation.
Type  H <return>  for immediate help.
 ...                                              
                                                  
l.121         \item[(2)] å¯¹offboardè¿›
                                       è¡Œäº†bugè°ƒèŠ‚
You may provide a definition with
\DeclareUnicodeCharacter 


f:/2. UAV/10. ReportSummary/20200723/20200723.tex:121: Package inputenc Error: Unicode character è¡Œ (U+884C)
(inputenc)                not set up for use with LaTeX.

See the inputenc package documentation for explanation.
Type  H <return>  for immediate help.
 ...                                              
                                                  
l.121         \item[(2)] å¯¹offboardè¿›è¡Œ
                                          äº†bugè°ƒèŠ‚
You may provide a definition with
\DeclareUnicodeCharacter 


f:/2. UAV/10. ReportSummary/20200723/20200723.tex:121: Package inputenc Error: Unicode character äº† (U+4E86)
(inputenc)                not set up for use with LaTeX.

See the inputenc package documentation for explanation.
Type  H <return>  for immediate help.
 ...                                              
                                                  
l.121         \item[(2)] å¯¹offboardè¿›è¡Œäº†
                                             bugè°ƒèŠ‚
You may provide a definition with
\DeclareUnicodeCharacter 

Missing character: There is no b in font nullfont!
Missing character: There is no u in font nullfont!
Missing character: There is no g in font nullfont!

f:/2. UAV/10. ReportSummary/20200723/20200723.tex:121: Package inputenc Error: Unicode character è°ƒ (U+8C03)
(inputenc)                not set up for use with LaTeX.

See the inputenc package documentation for explanation.
Type  H <return>  for immediate help.
 ...                                              
                                                  
l.121 ...    \item[(2)] å¯¹offboardè¿›è¡Œäº†bugè°ƒ
                                                  èŠ‚
You may provide a definition with
\DeclareUnicodeCharacter 


f:/2. UAV/10. ReportSummary/20200723/20200723.tex:121: Package inputenc Error: Unicode character èŠ‚ (U+8282)
(inputenc)                not set up for use with LaTeX.

See the inputenc package documentation for explanation.
Type  H <return>  for immediate help.
 ...                                              
                                                  
l.121 ... \item[(2)] å¯¹offboardè¿›è¡Œäº†bugè°ƒèŠ‚
                                                  
You may provide a definition with
\DeclareUnicodeCharacter 

Missing character: There is no ( in font nullfont!
Missing character: There is no 3 in font nullfont!
Missing character: There is no ) in font nullfont!

f:/2. UAV/10. ReportSummary/20200723/20200723.tex:122: Package inputenc Error: Unicode character å (U+534F)
(inputenc)                not set up for use with LaTeX.

See the inputenc package documentation for explanation.
Type  H <return>  for immediate help.
 ...                                              
                                                  
l.122         \item[(3)] å
                            è°ƒè½¬å¼¯ (\textcolor{red}{$\dot{\psi} = \frac{g...
You may provide a definition with
\DeclareUnicodeCharacter 


f:/2. UAV/10. ReportSummary/20200723/20200723.tex:122: Package inputenc Error: Unicode character è°ƒ (U+8C03)
(inputenc)                not set up for use with LaTeX.

See the inputenc package documentation for explanation.
Type  H <return>  for immediate help.
 ...                                              
                                                  
l.122         \item[(3)] åè°ƒ
                               è½¬å¼¯ (\textcolor{red}{$\dot{\psi} = \frac{g...
You may provide a definition with
\DeclareUnicodeCharacter 


f:/2. UAV/10. ReportSummary/20200723/20200723.tex:122: Package inputenc Error: Unicode character è½¬ (U+8F6C)
(inputenc)                not set up for use with LaTeX.

See the inputenc package documentation for explanation.
Type  H <return>  for immediate help.
 ...                                              
                                                  
l.122         \item[(3)] åè°ƒè½¬
                                  å¼¯ (\textcolor{red}{$\dot{\psi} = \frac{g...
You may provide a definition with
\DeclareUnicodeCharacter 


f:/2. UAV/10. ReportSummary/20200723/20200723.tex:122: Package inputenc Error: Unicode character å¼¯ (U+5F2F)
(inputenc)                not set up for use with LaTeX.

See the inputenc package documentation for explanation.
Type  H <return>  for immediate help.
 ...                                              
                                                  
l.122         \item[(3)] åè°ƒè½¬å¼¯
                                      (\textcolor{red}{$\dot{\psi} = \frac{g...
You may provide a definition with
\DeclareUnicodeCharacter 

Missing character: There is no ( in font nullfont!
f:/2. UAV/10. ReportSummary/20200723/20200723.tex:122: Undefined control sequence.
l.122         \item[(3)] åè°ƒè½¬å¼¯ (\textcolor
                                                 {red}{$\dot{\psi} = \frac{g...
The control sequence at the end of the top line
of your error message was never \def'ed. If you have
misspelled it (e.g., `\hobx'), type `I' and the correct
spelling (e.g., `I\hbox'). Otherwise just continue,
and I'll forget about whatever was undefined.

Missing character: There is no r in font nullfont!
Missing character: There is no e in font nullfont!
Missing character: There is no d in font nullfont!
LaTeX Font Info:    External font `cmex10' loaded for size
(Font)              <7> on input line 122.
LaTeX Font Info:    External font `cmex10' loaded for size
(Font)              <5> on input line 122.
Missing character: There is no ) in font nullfont!
Missing character: There is no ( in font nullfont!

f:/2. UAV/10. ReportSummary/20200723/20200723.tex:122: Package inputenc Error: Unicode character è¯¦ (U+8BE6)
(inputenc)                not set up for use with LaTeX.

See the inputenc package documentation for explanation.
Type  H <return>  for immediate help.
 ...                                              
                                                  
l.122 ...\psi} = \frac{g}{V_{a}} tan \phi $}) (è¯¦
                                                  æƒ…å¯è§~\ref{sec:turn}).
You may provide a definition with
\DeclareUnicodeCharacter 


f:/2. UAV/10. ReportSummary/20200723/20200723.tex:122: Package inputenc Error: Unicode character æƒ… (U+60C5)
(inputenc)                not set up for use with LaTeX.

See the inputenc package documentation for explanation.
Type  H <return>  for immediate help.
 ...                                              
                                                  
l.122 ...i} = \frac{g}{V_{a}} tan \phi $}) (è¯¦æƒ…
                                                  å¯è§~\ref{sec:turn}).
You may provide a definition with
\DeclareUnicodeCharacter 


f:/2. UAV/10. ReportSummary/20200723/20200723.tex:122: Package inputenc Error: Unicode character å¯ (U+53EF)
(inputenc)                not set up for use with LaTeX.

See the inputenc package documentation for explanation.
Type  H <return>  for immediate help.
 ...                                              
                                                  
l.122 ...= \frac{g}{V_{a}} tan \phi $}) (è¯¦æƒ…å¯
                                                  è§~\ref{sec:turn}).
You may provide a definition with
\DeclareUnicodeCharacter 


f:/2. UAV/10. ReportSummary/20200723/20200723.tex:122: Package inputenc Error: Unicode character è§ (U+89C1)
(inputenc)                not set up for use with LaTeX.

See the inputenc package documentation for explanation.
Type  H <return>  for immediate help.
 ...                                              
                                                  
l.122 ...frac{g}{V_{a}} tan \phi $}) (è¯¦æƒ…å¯è§
                                                  ~\ref{sec:turn}).
You may provide a definition with
\DeclareUnicodeCharacter 

f:/2. UAV/10. ReportSummary/20200723/20200723.tex:122: Undefined control sequence.
<write> ... Reference `sec:turn' on page \thepage 
                                                  \space undefined\on@line .
l.122 ...tan \phi $}) (è¯¦æƒ…å¯è§~\ref{sec:turn}
                                                  ).
The control sequence at the end of the top line
of your error message was never \def'ed. If you have
misspelled it (e.g., `\hobx'), type `I' and the correct
spelling (e.g., `I\hbox'). Otherwise just continue,
and I'll forget about whatever was undefined.


LaTeX Warning: Reference `sec:turn' on page  undefined on input line 122.

Missing character: There is no ) in font nullfont!
Missing character: There is no . in font nullfont!

Overfull \hbox (17.4282pt too wide) in paragraph at lines 122--123
[] \OT1/cmr/m/n/10 =
 []


Overfull \hbox (32.35208pt too wide) in paragraph at lines 122--123
[]\OML/cmm/m/it/10 tan^^^$
 []


Overfull \hbox (10.86105pt too wide) in paragraph at lines 122--123
[] 
 []


f:/2. UAV/10. ReportSummary/20200723/20200723.tex:124: LaTeX Error: The font size command \normalsize is not defined:
               there is probably something wrong with the class file.

See the LaTeX manual or LaTeX Companion for explanation.
Type  H <return>  for immediate help.
 ...                                              
                                                  
l.124     \clearpage
                    
Your command was ignored.
Type  I <command> <return>  to replace it with another command,
or  <return>  to continue without it.

[1{d:/InstallSoftware/TexmakerLiver/texlive/2020/texmf-var/fonts/map/pdftex/updmap/pdftex.map}]
f:/2. UAV/10. ReportSummary/20200723/20200723.tex:126: Undefined control sequence.
l.126     \section
                  {The centrifugal force}
The control sequence at the end of the top line
of your error message was never \def'ed. If you have
misspelled it (e.g., `\hobx'), type `I' and the correct
spelling (e.g., `I\hbox'). Otherwise just continue,
and I'll forget about whatever was undefined.

Missing character: There is no T in font nullfont!
Missing character: There is no h in font nullfont!
Missing character: There is no e in font nullfont!
Missing character: There is no c in font nullfont!
Missing character: There is no e in font nullfont!
Missing character: There is no n in font nullfont!
Missing character: There is no t in font nullfont!
Missing character: There is no r in font nullfont!
Missing character: There is no i in font nullfont!
Missing character: There is no f in font nullfont!
Missing character: There is no u in font nullfont!
Missing character: There is no g in font nullfont!
Missing character: There is no a in font nullfont!
Missing character: There is no l in font nullfont!
Missing character: There is no f in font nullfont!
Missing character: There is no o in font nullfont!
Missing character: There is no r in font nullfont!
Missing character: There is no c in font nullfont!
Missing character: There is no e in font nullfont!

f:/2. UAV/10. ReportSummary/20200723/20200723.tex:127: Package inputenc Error: Unicode character å½“ (U+5F53)
(inputenc)                not set up for use with LaTeX.

See the inputenc package documentation for explanation.
Type  H <return>  for immediate help.
 ...                                              
                                                  
l.127     å½“
             ç‰©ä½“åœ¨åšéç›´çº¿è¿åŠ¨æ—¶ï¼ˆéç‰›é¡¿ç¯å¢ƒï¼Œä¾‹å¦‚ï¼šåœ†...
You may provide a definition with
\DeclareUnicodeCharacter 


f:/2. UAV/10. ReportSummary/20200723/20200723.tex:127: Package inputenc Error: Unicode character ç‰© (U+7269)
(inputenc)                not set up for use with LaTeX.

See the inputenc package documentation for explanation.
Type  H <return>  for immediate help.
 ...                                              
                                                  
l.127     å½“ç‰©
                ä½“åœ¨åšéç›´çº¿è¿åŠ¨æ—¶ï¼ˆéç‰›é¡¿ç¯å¢ƒï¼Œä¾‹å¦‚ï¼šåœ†...
You may provide a definition with
\DeclareUnicodeCharacter 


f:/2. UAV/10. ReportSummary/20200723/20200723.tex:127: Package inputenc Error: Unicode character ä½“ (U+4F53)
(inputenc)                not set up for use with LaTeX.

See the inputenc package documentation for explanation.
Type  H <return>  for immediate help.
 ...                                              
                                                  
l.127     å½“ç‰©ä½“
                   åœ¨åšéç›´çº¿è¿åŠ¨æ—¶ï¼ˆéç‰›é¡¿ç¯å¢ƒï¼Œä¾‹å¦‚ï¼šåœ†...
You may provide a definition with
\DeclareUnicodeCharacter 


f:/2. UAV/10. ReportSummary/20200723/20200723.tex:127: Package inputenc Error: Unicode character åœ¨ (U+5728)
(inputenc)                not set up for use with LaTeX.

See the inputenc package documentation for explanation.
Type  H <return>  for immediate help.
 ...                                              
                                                  
l.127     å½“ç‰©ä½“åœ¨
                      åšéç›´çº¿è¿åŠ¨æ—¶ï¼ˆéç‰›é¡¿ç¯å¢ƒï¼Œä¾‹å¦‚ï¼šåœ†...
You may provide a definition with
\DeclareUnicodeCharacter 


f:/2. UAV/10. ReportSummary/20200723/20200723.tex:127: Package inputenc Error: Unicode character åš (U+505A)
(inputenc)                not set up for use with LaTeX.

See the inputenc package documentation for explanation.
Type  H <return>  for immediate help.
 ...                                              
                                                  
l.127     å½“ç‰©ä½“åœ¨åš
                         éç›´çº¿è¿åŠ¨æ—¶ï¼ˆéç‰›é¡¿ç¯å¢ƒï¼Œä¾‹å¦‚ï¼šåœ†...
You may provide a definition with
\DeclareUnicodeCharacter 


f:/2. UAV/10. ReportSummary/20200723/20200723.tex:127: Package inputenc Error: Unicode character é (U+975E)
(inputenc)                not set up for use with LaTeX.

See the inputenc package documentation for explanation.
Type  H <return>  for immediate help.
 ...                                              
                                                  
l.127     å½“ç‰©ä½“åœ¨åšé
                            ç›´çº¿è¿åŠ¨æ—¶ï¼ˆéç‰›é¡¿ç¯å¢ƒï¼Œä¾‹å¦‚ï¼šåœ†...
You may provide a definition with
\DeclareUnicodeCharacter 


f:/2. UAV/10. ReportSummary/20200723/20200723.tex:127: Package inputenc Error: Unicode character ç›´ (U+76F4)
(inputenc)                not set up for use with LaTeX.

See the inputenc package documentation for explanation.
Type  H <return>  for immediate help.
 ...                                              
                                                  
l.127     å½“ç‰©ä½“åœ¨åšéç›´
                               çº¿è¿åŠ¨æ—¶ï¼ˆéç‰›é¡¿ç¯å¢ƒï¼Œä¾‹å¦‚ï¼šåœ†...
You may provide a definition with
\DeclareUnicodeCharacter 


f:/2. UAV/10. ReportSummary/20200723/20200723.tex:127: Package inputenc Error: Unicode character çº¿ (U+7EBF)
(inputenc)                not set up for use with LaTeX.

See the inputenc package documentation for explanation.
Type  H <return>  for immediate help.
 ...                                              
                                                  
l.127     å½“ç‰©ä½“åœ¨åšéç›´çº¿
                                  è¿åŠ¨æ—¶ï¼ˆéç‰›é¡¿ç¯å¢ƒï¼Œä¾‹å¦‚ï¼šåœ†...
You may provide a definition with
\DeclareUnicodeCharacter 


f:/2. UAV/10. ReportSummary/20200723/20200723.tex:127: Package inputenc Error: Unicode character è¿ (U+8FD0)
(inputenc)                not set up for use with LaTeX.

See the inputenc package documentation for explanation.
Type  H <return>  for immediate help.
 ...                                              
                                                  
l.127     å½“ç‰©ä½“åœ¨åšéç›´çº¿è¿
                                     åŠ¨æ—¶ï¼ˆéç‰›é¡¿ç¯å¢ƒï¼Œä¾‹å¦‚ï¼šåœ†...
You may provide a definition with
\DeclareUnicodeCharacter 


f:/2. UAV/10. ReportSummary/20200723/20200723.tex:127: Package inputenc Error: Unicode character åŠ¨ (U+52A8)
(inputenc)                not set up for use with LaTeX.

See the inputenc package documentation for explanation.
Type  H <return>  for immediate help.
 ...                                              
                                                  
l.127     å½“ç‰©ä½“åœ¨åšéç›´çº¿è¿åŠ¨
                                        æ—¶ï¼ˆéç‰›é¡¿ç¯å¢ƒï¼Œä¾‹å¦‚ï¼šåœ†...
You may provide a definition with
\DeclareUnicodeCharacter 


f:/2. UAV/10. ReportSummary/20200723/20200723.tex:127: Package inputenc Error: Unicode character æ—¶ (U+65F6)
(inputenc)                not set up for use with LaTeX.

See the inputenc package documentation for explanation.
Type  H <return>  for immediate help.
 ...                                              
                                                  
l.127     å½“ç‰©ä½“åœ¨åšéç›´çº¿è¿åŠ¨æ—¶
                                           ï¼ˆéç‰›é¡¿ç¯å¢ƒï¼Œä¾‹å¦‚ï¼šåœ†...
You may provide a definition with
\DeclareUnicodeCharacter 


f:/2. UAV/10. ReportSummary/20200723/20200723.tex:127: Package inputenc Error: Unicode character ï¼ˆ (U+FF08)
(inputenc)                not set up for use with LaTeX.

See the inputenc package documentation for explanation.
Type  H <return>  for immediate help.
 ...                                              
                                                  
l.127     å½“ç‰©ä½“åœ¨åšéç›´çº¿è¿åŠ¨æ—¶ï¼ˆ
                                              éç‰›é¡¿ç¯å¢ƒï¼Œä¾‹å¦‚ï¼šåœ†...
You may provide a definition with
\DeclareUnicodeCharacter 


f:/2. UAV/10. ReportSummary/20200723/20200723.tex:127: Package inputenc Error: Unicode character é (U+975E)
(inputenc)                not set up for use with LaTeX.

See the inputenc package documentation for explanation.
Type  H <return>  for immediate help.
 ...                                              
                                                  
l.127     å½“ç‰©ä½“åœ¨åšéç›´çº¿è¿åŠ¨æ—¶ï¼ˆé
                                                 ç‰›é¡¿ç¯å¢ƒï¼Œä¾‹å¦‚ï¼šåœ†...
You may provide a definition with
\DeclareUnicodeCharacter 


f:/2. UAV/10. ReportSummary/20200723/20200723.tex:127: Package inputenc Error: Unicode character ç‰› (U+725B)
(inputenc)                not set up for use with LaTeX.

See the inputenc package documentation for explanation.
Type  H <return>  for immediate help.
 ...                                              
                                                  
l.127 ...½“ç‰©ä½“åœ¨åšéç›´çº¿è¿åŠ¨æ—¶ï¼ˆéç‰›
                                                  é¡¿ç¯å¢ƒï¼Œä¾‹å¦‚ï¼šåœ†å‘...
You may provide a definition with
\DeclareUnicodeCharacter 


f:/2. UAV/10. ReportSummary/20200723/20200723.tex:127: Package inputenc Error: Unicode character é¡¿ (U+987F)
(inputenc)                not set up for use with LaTeX.

See the inputenc package documentation for explanation.
Type  H <return>  for immediate help.
 ...                                              
                                                  
l.127 ...‰©ä½“åœ¨åšéç›´çº¿è¿åŠ¨æ—¶ï¼ˆéç‰›é¡¿
                                                  ç¯å¢ƒï¼Œä¾‹å¦‚ï¼šåœ†å‘¨è¿...
You may provide a definition with
\DeclareUnicodeCharacter 


f:/2. UAV/10. ReportSummary/20200723/20200723.tex:127: Package inputenc Error: Unicode character ç¯ (U+73AF)
(inputenc)                not set up for use with LaTeX.

See the inputenc package documentation for explanation.
Type  H <return>  for immediate help.
 ...                                              
                                                  
l.127 ...½“åœ¨åšéç›´çº¿è¿åŠ¨æ—¶ï¼ˆéç‰›é¡¿ç¯
                                                  å¢ƒï¼Œä¾‹å¦‚ï¼šåœ†å‘¨è¿åŠ...
You may provide a definition with
\DeclareUnicodeCharacter 


f:/2. UAV/10. ReportSummary/20200723/20200723.tex:127: Package inputenc Error: Unicode character å¢ƒ (U+5883)
(inputenc)                not set up for use with LaTeX.

See the inputenc package documentation for explanation.
Type  H <return>  for immediate help.
 ...                                              
                                                  
l.127 ...œ¨åšéç›´çº¿è¿åŠ¨æ—¶ï¼ˆéç‰›é¡¿ç¯å¢ƒ
                                                  ï¼Œä¾‹å¦‚ï¼šåœ†å‘¨è¿åŠ¨æˆ...
You may provide a definition with
\DeclareUnicodeCharacter 


f:/2. UAV/10. ReportSummary/20200723/20200723.tex:127: Package inputenc Error: Unicode character ï¼Œ (U+FF0C)
(inputenc)                not set up for use with LaTeX.

See the inputenc package documentation for explanation.
Type  H <return>  for immediate help.
 ...                                              
                                                  
l.127 ...šéç›´çº¿è¿åŠ¨æ—¶ï¼ˆéç‰›é¡¿ç¯å¢ƒï¼Œ
                                                  ä¾‹å¦‚ï¼šåœ†å‘¨è¿åŠ¨æˆ–è½...
You may provide a definition with
\DeclareUnicodeCharacter 


f:/2. UAV/10. ReportSummary/20200723/20200723.tex:127: Package inputenc Error: Unicode character ä¾‹ (U+4F8B)
(inputenc)                not set up for use with LaTeX.

See the inputenc package documentation for explanation.
Type  H <return>  for immediate help.
 ...                                              
                                                  
l.127 ...ç›´çº¿è¿åŠ¨æ—¶ï¼ˆéç‰›é¡¿ç¯å¢ƒï¼Œä¾‹
                                                  å¦‚ï¼šåœ†å‘¨è¿åŠ¨æˆ–è½¬å¼...
You may provide a definition with
\DeclareUnicodeCharacter 


f:/2. UAV/10. ReportSummary/20200723/20200723.tex:127: Package inputenc Error: Unicode character å¦‚ (U+5982)
(inputenc)                not set up for use with LaTeX.

See the inputenc package documentation for explanation.
Type  H <return>  for immediate help.
 ...                                              
                                                  
l.127 ...›´çº¿è¿åŠ¨æ—¶ï¼ˆéç‰›é¡¿ç¯å¢ƒï¼Œä¾‹å¦‚
                                                  ï¼šåœ†å‘¨è¿åŠ¨æˆ–è½¬å¼¯è¿...
You may provide a definition with
\DeclareUnicodeCharacter 


f:/2. UAV/10. ReportSummary/20200723/20200723.tex:127: Package inputenc Error: Unicode character ï¼š (U+FF1A)
(inputenc)                not set up for use with LaTeX.

See the inputenc package documentation for explanation.
Type  H <return>  for immediate help.
 ...                                              
                                                  
l.127 ...º¿è¿åŠ¨æ—¶ï¼ˆéç‰›é¡¿ç¯å¢ƒï¼Œä¾‹å¦‚ï¼š
                                                  åœ†å‘¨è¿åŠ¨æˆ–è½¬å¼¯è¿åŠ...
You may provide a definition with
\DeclareUnicodeCharacter 


f:/2. UAV/10. ReportSummary/20200723/20200723.tex:127: Package inputenc Error: Unicode character åœ† (U+5706)
(inputenc)                not set up for use with LaTeX.

See the inputenc package documentation for explanation.
Type  H <return>  for immediate help.
 ...                                              
                                                  
l.127 ...¿åŠ¨æ—¶ï¼ˆéç‰›é¡¿ç¯å¢ƒï¼Œä¾‹å¦‚ï¼šåœ†
                                                  å‘¨è¿åŠ¨æˆ–è½¬å¼¯è¿åŠ¨ï¼...
You may provide a definition with
\DeclareUnicodeCharacter 


f:/2. UAV/10. ReportSummary/20200723/20200723.tex:127: Package inputenc Error: Unicode character å‘¨ (U+5468)
(inputenc)                not set up for use with LaTeX.

See the inputenc package documentation for explanation.
Type  H <return>  for immediate help.
 ...                                              
                                                  
l.127 ...Š¨æ—¶ï¼ˆéç‰›é¡¿ç¯å¢ƒï¼Œä¾‹å¦‚ï¼šåœ†å‘¨
                                                  è¿åŠ¨æˆ–è½¬å¼¯è¿åŠ¨ï¼‰ï¼Œ
You may provide a definition with
\DeclareUnicodeCharacter 


f:/2. UAV/10. ReportSummary/20200723/20200723.tex:127: Package inputenc Error: Unicode character è¿ (U+8FD0)
(inputenc)                not set up for use with LaTeX.

See the inputenc package documentation for explanation.
Type  H <return>  for immediate help.
 ...                                              
                                                  
l.127 ...—¶ï¼ˆéç‰›é¡¿ç¯å¢ƒï¼Œä¾‹å¦‚ï¼šåœ†å‘¨è¿
                                                  åŠ¨æˆ–è½¬å¼¯è¿åŠ¨ï¼‰ï¼Œ
You may provide a definition with
\DeclareUnicodeCharacter 


f:/2. UAV/10. ReportSummary/20200723/20200723.tex:127: Package inputenc Error: Unicode character åŠ¨ (U+52A8)
(inputenc)                not set up for use with LaTeX.

See the inputenc package documentation for explanation.
Type  H <return>  for immediate help.
 ...                                              
                                                  
l.127 ...¼ˆéç‰›é¡¿ç¯å¢ƒï¼Œä¾‹å¦‚ï¼šåœ†å‘¨è¿åŠ¨
                                                  æˆ–è½¬å¼¯è¿åŠ¨ï¼‰ï¼Œ
You may provide a definition with
\DeclareUnicodeCharacter 


f:/2. UAV/10. ReportSummary/20200723/20200723.tex:127: Package inputenc Error: Unicode character æˆ– (U+6216)
(inputenc)                not set up for use with LaTeX.

See the inputenc package documentation for explanation.
Type  H <return>  for immediate help.
 ...                                              
                                                  
l.127 ...ç‰›é¡¿ç¯å¢ƒï¼Œä¾‹å¦‚ï¼šåœ†å‘¨è¿åŠ¨æˆ–
                                                  è½¬å¼¯è¿åŠ¨ï¼‰ï¼Œ
You may provide a definition with
\DeclareUnicodeCharacter 


f:/2. UAV/10. ReportSummary/20200723/20200723.tex:127: Package inputenc Error: Unicode character è½¬ (U+8F6C)
(inputenc)                not set up for use with LaTeX.

See the inputenc package documentation for explanation.
Type  H <return>  for immediate help.
 ...                                              
                                                  
l.127 ...‰›é¡¿ç¯å¢ƒï¼Œä¾‹å¦‚ï¼šåœ†å‘¨è¿åŠ¨æˆ–è½¬
                                                  å¼¯è¿åŠ¨ï¼‰ï¼Œ
You may provide a definition with
\DeclareUnicodeCharacter 


f:/2. UAV/10. ReportSummary/20200723/20200723.tex:127: Package inputenc Error: Unicode character å¼¯ (U+5F2F)
(inputenc)                not set up for use with LaTeX.

See the inputenc package documentation for explanation.
Type  H <return>  for immediate help.
 ...                                              
                                                  
l.127 ...¡¿ç¯å¢ƒï¼Œä¾‹å¦‚ï¼šåœ†å‘¨è¿åŠ¨æˆ–è½¬å¼¯
                                                  è¿åŠ¨ï¼‰ï¼Œ
You may provide a definition with
\DeclareUnicodeCharacter 


f:/2. UAV/10. ReportSummary/20200723/20200723.tex:127: Package inputenc Error: Unicode character è¿ (U+8FD0)
(inputenc)                not set up for use with LaTeX.

See the inputenc package documentation for explanation.
Type  H <return>  for immediate help.
 ...                                              
                                                  
l.127 ...¯å¢ƒï¼Œä¾‹å¦‚ï¼šåœ†å‘¨è¿åŠ¨æˆ–è½¬å¼¯è¿
                                                  åŠ¨ï¼‰ï¼Œ
You may provide a definition with
\DeclareUnicodeCharacter 


f:/2. UAV/10. ReportSummary/20200723/20200723.tex:127: Package inputenc Error: Unicode character åŠ¨ (U+52A8)
(inputenc)                not set up for use with LaTeX.

See the inputenc package documentation for explanation.
Type  H <return>  for immediate help.
 ...                                              
                                                  
l.127 ...¢ƒï¼Œä¾‹å¦‚ï¼šåœ†å‘¨è¿åŠ¨æˆ–è½¬å¼¯è¿åŠ¨
                                                  ï¼‰ï¼Œ
You may provide a definition with
\DeclareUnicodeCharacter 


f:/2. UAV/10. ReportSummary/20200723/20200723.tex:127: Package inputenc Error: Unicode character ï¼‰ (U+FF09)
(inputenc)                not set up for use with LaTeX.

See the inputenc package documentation for explanation.
Type  H <return>  for immediate help.
 ...                                              
                                                  
l.127 ...¼Œä¾‹å¦‚ï¼šåœ†å‘¨è¿åŠ¨æˆ–è½¬å¼¯è¿åŠ¨ï¼‰
                                                  ï¼Œ
You may provide a definition with
\DeclareUnicodeCharacter 


f:/2. UAV/10. ReportSummary/20200723/20200723.tex:127: Package inputenc Error: Unicode character ï¼Œ (U+FF0C)
(inputenc)                not set up for use with LaTeX.

See the inputenc package documentation for explanation.
Type  H <return>  for immediate help.
 ...                                              
                                                  
l.127 ...¾‹å¦‚ï¼šåœ†å‘¨è¿åŠ¨æˆ–è½¬å¼¯è¿åŠ¨ï¼‰ï¼Œ
                                                  
You may provide a definition with
\DeclareUnicodeCharacter 


f:/2. UAV/10. ReportSummary/20200723/20200723.tex:128: Package inputenc Error: Unicode character å›  (U+56E0)
(inputenc)                not set up for use with LaTeX.

See the inputenc package documentation for explanation.
Type  H <return>  for immediate help.
 ...                                              
                                                  
l.128     å› 
             ç‰©ä½“ä¸€å®šæœ‰æœ¬èº«çš„è´¨é‡å­˜åœ¨ï¼Œ
You may provide a definition with
\DeclareUnicodeCharacter 


f:/2. UAV/10. ReportSummary/20200723/20200723.tex:128: Package inputenc Error: Unicode character ç‰© (U+7269)
(inputenc)                not set up for use with LaTeX.

See the inputenc package documentation for explanation.
Type  H <return>  for immediate help.
 ...                                              
                                                  
l.128     å› ç‰©
                ä½“ä¸€å®šæœ‰æœ¬èº«çš„è´¨é‡å­˜åœ¨ï¼Œ
You may provide a definition with
\DeclareUnicodeCharacter 


f:/2. UAV/10. ReportSummary/20200723/20200723.tex:128: Package inputenc Error: Unicode character ä½“ (U+4F53)
(inputenc)                not set up for use with LaTeX.

See the inputenc package documentation for explanation.
Type  H <return>  for immediate help.
 ...                                              
                                                  
l.128     å› ç‰©ä½“
                   ä¸€å®šæœ‰æœ¬èº«çš„è´¨é‡å­˜åœ¨ï¼Œ
You may provide a definition with
\DeclareUnicodeCharacter 


f:/2. UAV/10. ReportSummary/20200723/20200723.tex:128: Package inputenc Error: Unicode character ä¸€ (U+4E00)
(inputenc)                not set up for use with LaTeX.

See the inputenc package documentation for explanation.
Type  H <return>  for immediate help.
 ...                                              
                                                  
l.128     å› ç‰©ä½“ä¸€
                      å®šæœ‰æœ¬èº«çš„è´¨é‡å­˜åœ¨ï¼Œ
You may provide a definition with
\DeclareUnicodeCharacter 


f:/2. UAV/10. ReportSummary/20200723/20200723.tex:128: Package inputenc Error: Unicode character å®š (U+5B9A)
(inputenc)                not set up for use with LaTeX.

See the inputenc package documentation for explanation.
Type  H <return>  for immediate help.
 ...                                              
                                                  
l.128     å› ç‰©ä½“ä¸€å®š
                         æœ‰æœ¬èº«çš„è´¨é‡å­˜åœ¨ï¼Œ
You may provide a definition with
\DeclareUnicodeCharacter 


f:/2. UAV/10. ReportSummary/20200723/20200723.tex:128: Package inputenc Error: Unicode character æœ‰ (U+6709)
(inputenc)                not set up for use with LaTeX.

See the inputenc package documentation for explanation.
Type  H <return>  for immediate help.
 ...                                              
                                                  
l.128     å› ç‰©ä½“ä¸€å®šæœ‰
                            æœ¬èº«çš„è´¨é‡å­˜åœ¨ï¼Œ
You may provide a definition with
\DeclareUnicodeCharacter 


f:/2. UAV/10. ReportSummary/20200723/20200723.tex:128: Package inputenc Error: Unicode character æœ¬ (U+672C)
(inputenc)                not set up for use with LaTeX.

See the inputenc package documentation for explanation.
Type  H <return>  for immediate help.
 ...                                              
                                                  
l.128     å› ç‰©ä½“ä¸€å®šæœ‰æœ¬
                               èº«çš„è´¨é‡å­˜åœ¨ï¼Œ
You may provide a definition with
\DeclareUnicodeCharacter 


f:/2. UAV/10. ReportSummary/20200723/20200723.tex:128: Package inputenc Error: Unicode character èº« (U+8EAB)
(inputenc)                not set up for use with LaTeX.

See the inputenc package documentation for explanation.
Type  H <return>  for immediate help.
 ...                                              
                                                  
l.128     å› ç‰©ä½“ä¸€å®šæœ‰æœ¬èº«
                                  çš„è´¨é‡å­˜åœ¨ï¼Œ
You may provide a definition with
\DeclareUnicodeCharacter 


f:/2. UAV/10. ReportSummary/20200723/20200723.tex:128: Package inputenc Error: Unicode character çš„ (U+7684)
(inputenc)                not set up for use with LaTeX.

See the inputenc package documentation for explanation.
Type  H <return>  for immediate help.
 ...                                              
                                                  
l.128     å› ç‰©ä½“ä¸€å®šæœ‰æœ¬èº«çš„
                                     è´¨é‡å­˜åœ¨ï¼Œ
You may provide a definition with
\DeclareUnicodeCharacter 


f:/2. UAV/10. ReportSummary/20200723/20200723.tex:128: Package inputenc Error: Unicode character è´¨ (U+8D28)
(inputenc)                not set up for use with LaTeX.

See the inputenc package documentation for explanation.
Type  H <return>  for immediate help.
 ...                                              
                                                  
l.128     å› ç‰©ä½“ä¸€å®šæœ‰æœ¬èº«çš„è´¨
                                        é‡å­˜åœ¨ï¼Œ
You may provide a definition with
\DeclareUnicodeCharacter 


f:/2. UAV/10. ReportSummary/20200723/20200723.tex:128: Package inputenc Error: Unicode character é‡ (U+91CF)
(inputenc)                not set up for use with LaTeX.

See the inputenc package documentation for explanation.
Type  H <return>  for immediate help.
 ...                                              
                                                  
l.128     å› ç‰©ä½“ä¸€å®šæœ‰æœ¬èº«çš„è´¨é‡
                                           å­˜åœ¨ï¼Œ
You may provide a definition with
\DeclareUnicodeCharacter 


f:/2. UAV/10. ReportSummary/20200723/20200723.tex:128: Package inputenc Error: Unicode character å­˜ (U+5B58)
(inputenc)                not set up for use with LaTeX.

See the inputenc package documentation for explanation.
Type  H <return>  for immediate help.
 ...                                              
                                                  
l.128     å› ç‰©ä½“ä¸€å®šæœ‰æœ¬èº«çš„è´¨é‡å­˜
                                              åœ¨ï¼Œ
You may provide a definition with
\DeclareUnicodeCharacter 


f:/2. UAV/10. ReportSummary/20200723/20200723.tex:128: Package inputenc Error: Unicode character åœ¨ (U+5728)
(inputenc)                not set up for use with LaTeX.

See the inputenc package documentation for explanation.
Type  H <return>  for immediate help.
 ...                                              
                                                  
l.128     å› ç‰©ä½“ä¸€å®šæœ‰æœ¬èº«çš„è´¨é‡å­˜åœ¨
                                                 ï¼Œ
You may provide a definition with
\DeclareUnicodeCharacter 


f:/2. UAV/10. ReportSummary/20200723/20200723.tex:128: Package inputenc Error: Unicode character ï¼Œ (U+FF0C)
(inputenc)                not set up for use with LaTeX.

See the inputenc package documentation for explanation.
Type  H <return>  for immediate help.
 ...                                              
                                                  
l.128 ...› ç‰©ä½“ä¸€å®šæœ‰æœ¬èº«çš„è´¨é‡å­˜åœ¨ï¼Œ
                                                  
You may provide a definition with
\DeclareUnicodeCharacter 


f:/2. UAV/10. ReportSummary/20200723/20200723.tex:129: Package inputenc Error: Unicode character è´¨ (U+8D28)
(inputenc)                not set up for use with LaTeX.

See the inputenc package documentation for explanation.
Type  H <return>  for immediate help.
 ...                                              
                                                  
l.129     è´¨
             é‡é€ æˆçš„æƒ¯æ€§ä¼šå¼ºè¿«ç‰©ä½“ç»§ç»­æœç€è¿åŠ¨è½¨è¿¹çš„åˆ‡...
You may provide a definition with
\DeclareUnicodeCharacter 


f:/2. UAV/10. ReportSummary/20200723/20200723.tex:129: Package inputenc Error: Unicode character é‡ (U+91CF)
(inputenc)                not set up for use with LaTeX.

See the inputenc package documentation for explanation.
Type  H <return>  for immediate help.
 ...                                              
                                                  
l.129     è´¨é‡
                é€ æˆçš„æƒ¯æ€§ä¼šå¼ºè¿«ç‰©ä½“ç»§ç»­æœç€è¿åŠ¨è½¨è¿¹çš„åˆ‡...
You may provide a definition with
\DeclareUnicodeCharacter 


f:/2. UAV/10. ReportSummary/20200723/20200723.tex:129: Package inputenc Error: Unicode character é€  (U+9020)
(inputenc)                not set up for use with LaTeX.

See the inputenc package documentation for explanation.
Type  H <return>  for immediate help.
 ...                                              
                                                  
l.129     è´¨é‡é€ 
                   æˆçš„æƒ¯æ€§ä¼šå¼ºè¿«ç‰©ä½“ç»§ç»­æœç€è¿åŠ¨è½¨è¿¹çš„åˆ‡...
You may provide a definition with
\DeclareUnicodeCharacter 


f:/2. UAV/10. ReportSummary/20200723/20200723.tex:129: Package inputenc Error: Unicode character æˆ (U+6210)
(inputenc)                not set up for use with LaTeX.

See the inputenc package documentation for explanation.
Type  H <return>  for immediate help.
 ...                                              
                                                  
l.129     è´¨é‡é€ æˆ
                      çš„æƒ¯æ€§ä¼šå¼ºè¿«ç‰©ä½“ç»§ç»­æœç€è¿åŠ¨è½¨è¿¹çš„åˆ‡...
You may provide a definition with
\DeclareUnicodeCharacter 


f:/2. UAV/10. ReportSummary/20200723/20200723.tex:129: Package inputenc Error: Unicode character çš„ (U+7684)
(inputenc)                not set up for use with LaTeX.

See the inputenc package documentation for explanation.
Type  H <return>  for immediate help.
 ...                                              
                                                  
l.129     è´¨é‡é€ æˆçš„
                         æƒ¯æ€§ä¼šå¼ºè¿«ç‰©ä½“ç»§ç»­æœç€è¿åŠ¨è½¨è¿¹çš„åˆ‡...
You may provide a definition with
\DeclareUnicodeCharacter 


f:/2. UAV/10. ReportSummary/20200723/20200723.tex:129: Package inputenc Error: Unicode character æƒ¯ (U+60EF)
(inputenc)                not set up for use with LaTeX.

See the inputenc package documentation for explanation.
Type  H <return>  for immediate help.
 ...                                              
                                                  
l.129     è´¨é‡é€ æˆçš„æƒ¯
                            æ€§ä¼šå¼ºè¿«ç‰©ä½“ç»§ç»­æœç€è¿åŠ¨è½¨è¿¹çš„åˆ‡...
You may provide a definition with
\DeclareUnicodeCharacter 


f:/2. UAV/10. ReportSummary/20200723/20200723.tex:129: Package inputenc Error: Unicode character æ€§ (U+6027)
(inputenc)                not set up for use with LaTeX.

See the inputenc package documentation for explanation.
Type  H <return>  for immediate help.
 ...                                              
                                                  
l.129     è´¨é‡é€ æˆçš„æƒ¯æ€§
                               ä¼šå¼ºè¿«ç‰©ä½“ç»§ç»­æœç€è¿åŠ¨è½¨è¿¹çš„åˆ‡...
You may provide a definition with
\DeclareUnicodeCharacter 


f:/2. UAV/10. ReportSummary/20200723/20200723.tex:129: Package inputenc Error: Unicode character ä¼š (U+4F1A)
(inputenc)                not set up for use with LaTeX.

See the inputenc package documentation for explanation.
Type  H <return>  for immediate help.
 ...                                              
                                                  
l.129     è´¨é‡é€ æˆçš„æƒ¯æ€§ä¼š
                                  å¼ºè¿«ç‰©ä½“ç»§ç»­æœç€è¿åŠ¨è½¨è¿¹çš„åˆ‡...
You may provide a definition with
\DeclareUnicodeCharacter 


f:/2. UAV/10. ReportSummary/20200723/20200723.tex:129: Package inputenc Error: Unicode character å¼º (U+5F3A)
(inputenc)                not set up for use with LaTeX.

See the inputenc package documentation for explanation.
Type  H <return>  for immediate help.
 ...                                              
                                                  
l.129     è´¨é‡é€ æˆçš„æƒ¯æ€§ä¼šå¼º
                                     è¿«ç‰©ä½“ç»§ç»­æœç€è¿åŠ¨è½¨è¿¹çš„åˆ‡...
You may provide a definition with
\DeclareUnicodeCharacter 


f:/2. UAV/10. ReportSummary/20200723/20200723.tex:129: Package inputenc Error: Unicode character è¿« (U+8FEB)
(inputenc)                not set up for use with LaTeX.

See the inputenc package documentation for explanation.
Type  H <return>  for immediate help.
 ...                                              
                                                  
l.129     è´¨é‡é€ æˆçš„æƒ¯æ€§ä¼šå¼ºè¿«
                                        ç‰©ä½“ç»§ç»­æœç€è¿åŠ¨è½¨è¿¹çš„åˆ‡...
You may provide a definition with
\DeclareUnicodeCharacter 


f:/2. UAV/10. ReportSummary/20200723/20200723.tex:129: Package inputenc Error: Unicode character ç‰© (U+7269)
(inputenc)                not set up for use with LaTeX.

See the inputenc package documentation for explanation.
Type  H <return>  for immediate help.
 ...                                              
                                                  
l.129     è´¨é‡é€ æˆçš„æƒ¯æ€§ä¼šå¼ºè¿«ç‰©
                                           ä½“ç»§ç»­æœç€è¿åŠ¨è½¨è¿¹çš„åˆ‡...
You may provide a definition with
\DeclareUnicodeCharacter 


f:/2. UAV/10. ReportSummary/20200723/20200723.tex:129: Package inputenc Error: Unicode character ä½“ (U+4F53)
(inputenc)                not set up for use with LaTeX.

See the inputenc package documentation for explanation.
Type  H <return>  for immediate help.
 ...                                              
                                                  
l.129     è´¨é‡é€ æˆçš„æƒ¯æ€§ä¼šå¼ºè¿«ç‰©ä½“
                                              ç»§ç»­æœç€è¿åŠ¨è½¨è¿¹çš„åˆ‡...
You may provide a definition with
\DeclareUnicodeCharacter 


f:/2. UAV/10. ReportSummary/20200723/20200723.tex:129: Package inputenc Error: Unicode character ç»§ (U+7EE7)
(inputenc)                not set up for use with LaTeX.

See the inputenc package documentation for explanation.
Type  H <return>  for immediate help.
 ...                                              
                                                  
l.129     è´¨é‡é€ æˆçš„æƒ¯æ€§ä¼šå¼ºè¿«ç‰©ä½“ç»§
                                                 ç»­æœç€è¿åŠ¨è½¨è¿¹çš„åˆ‡...
You may provide a definition with
\DeclareUnicodeCharacter 


f:/2. UAV/10. ReportSummary/20200723/20200723.tex:129: Package inputenc Error: Unicode character ç»­ (U+7EED)
(inputenc)                not set up for use with LaTeX.

See the inputenc package documentation for explanation.
Type  H <return>  for immediate help.
 ...                                              
                                                  
l.129 ...´¨é‡é€ æˆçš„æƒ¯æ€§ä¼šå¼ºè¿«ç‰©ä½“ç»§ç»­
                                                  æœç€è¿åŠ¨è½¨è¿¹çš„åˆ‡çº...
You may provide a definition with
\DeclareUnicodeCharacter 


f:/2. UAV/10. ReportSummary/20200723/20200723.tex:129: Package inputenc Error: Unicode character æœ (U+671D)
(inputenc)                not set up for use with LaTeX.

See the inputenc package documentation for explanation.
Type  H <return>  for immediate help.
 ...                                              
                                                  
l.129 ...‡é€ æˆçš„æƒ¯æ€§ä¼šå¼ºè¿«ç‰©ä½“ç»§ç»­æœ
                                                  ç€è¿åŠ¨è½¨è¿¹çš„åˆ‡çº¿æ–...
You may provide a definition with
\DeclareUnicodeCharacter 


f:/2. UAV/10. ReportSummary/20200723/20200723.tex:129: Package inputenc Error: Unicode character ç€ (U+7740)
(inputenc)                not set up for use with LaTeX.

See the inputenc package documentation for explanation.
Type  H <return>  for immediate help.
 ...                                              
                                                  
l.129 ...€ æˆçš„æƒ¯æ€§ä¼šå¼ºè¿«ç‰©ä½“ç»§ç»­æœç€
                                                  è¿åŠ¨è½¨è¿¹çš„åˆ‡çº¿æ–¹å...
You may provide a definition with
\DeclareUnicodeCharacter 


f:/2. UAV/10. ReportSummary/20200723/20200723.tex:129: Package inputenc Error: Unicode character è¿ (U+8FD0)
(inputenc)                not set up for use with LaTeX.

See the inputenc package documentation for explanation.
Type  H <return>  for immediate help.
 ...                                              
                                                  
l.129 ...ˆçš„æƒ¯æ€§ä¼šå¼ºè¿«ç‰©ä½“ç»§ç»­æœç€è¿
                                                  åŠ¨è½¨è¿¹çš„åˆ‡çº¿æ–¹å‘ï¼...
You may provide a definition with
\DeclareUnicodeCharacter 


f:/2. UAV/10. ReportSummary/20200723/20200723.tex:129: Package inputenc Error: Unicode character åŠ¨ (U+52A8)
(inputenc)                not set up for use with LaTeX.

See the inputenc package documentation for explanation.
Type  H <return>  for immediate help.
 ...                                              
                                                  
l.129 ...š„æƒ¯æ€§ä¼šå¼ºè¿«ç‰©ä½“ç»§ç»­æœç€è¿åŠ¨
                                                  è½¨è¿¹çš„åˆ‡çº¿æ–¹å‘ï¼ˆå...
You may provide a definition with
\DeclareUnicodeCharacter 


f:/2. UAV/10. ReportSummary/20200723/20200723.tex:129: Package inputenc Error: Unicode character è½¨ (U+8F68)
(inputenc)                not set up for use with LaTeX.

See the inputenc package documentation for explanation.
Type  H <return>  for immediate help.
 ...                                              
                                                  
l.129 ...ƒ¯æ€§ä¼šå¼ºè¿«ç‰©ä½“ç»§ç»­æœç€è¿åŠ¨è½¨
                                                  è¿¹çš„åˆ‡çº¿æ–¹å‘ï¼ˆåŸæ...
You may provide a definition with
\DeclareUnicodeCharacter 


f:/2. UAV/10. ReportSummary/20200723/20200723.tex:129: Package inputenc Error: Unicode character è¿¹ (U+8FF9)
(inputenc)                not set up for use with LaTeX.

See the inputenc package documentation for explanation.
Type  H <return>  for immediate help.
 ...                                              
                                                  
l.129 ...€§ä¼šå¼ºè¿«ç‰©ä½“ç»§ç»­æœç€è¿åŠ¨è½¨è¿¹
                                                  çš„åˆ‡çº¿æ–¹å‘ï¼ˆåŸæ¥é‚...
You may provide a definition with
\DeclareUnicodeCharacter 


f:/2. UAV/10. ReportSummary/20200723/20200723.tex:129: Package inputenc Error: Unicode character çš„ (U+7684)
(inputenc)                not set up for use with LaTeX.

See the inputenc package documentation for explanation.
Type  H <return>  for immediate help.
 ...                                              
                                                  
l.129 ...¼šå¼ºè¿«ç‰©ä½“ç»§ç»­æœç€è¿åŠ¨è½¨è¿¹çš„
                                                  åˆ‡çº¿æ–¹å‘ï¼ˆåŸæ¥é‚£ä¸...
You may provide a definition with
\DeclareUnicodeCharacter 


f:/2. UAV/10. ReportSummary/20200723/20200723.tex:129: Package inputenc Error: Unicode character åˆ‡ (U+5207)
(inputenc)                not set up for use with LaTeX.

See the inputenc package documentation for explanation.
Type  H <return>  for immediate help.
 ...                                              
                                                  
l.129 ...¼ºè¿«ç‰©ä½“ç»§ç»­æœç€è¿åŠ¨è½¨è¿¹çš„åˆ‡
                                                  çº¿æ–¹å‘ï¼ˆåŸæ¥é‚£ä¸€ç...
You may provide a definition with
\DeclareUnicodeCharacter 


f:/2. UAV/10. ReportSummary/20200723/20200723.tex:129: Package inputenc Error: Unicode character çº¿ (U+7EBF)
(inputenc)                not set up for use with LaTeX.

See the inputenc package documentation for explanation.
Type  H <return>  for immediate help.
 ...                                              
                                                  
l.129 ...¿«ç‰©ä½“ç»§ç»­æœç€è¿åŠ¨è½¨è¿¹çš„åˆ‡çº¿
                                                  æ–¹å‘ï¼ˆåŸæ¥é‚£ä¸€ç¬é—...
You may provide a definition with
\DeclareUnicodeCharacter 


f:/2. UAV/10. ReportSummary/20200723/20200723.tex:129: Package inputenc Error: Unicode character æ–¹ (U+65B9)
(inputenc)                not set up for use with LaTeX.

See the inputenc package documentation for explanation.
Type  H <return>  for immediate help.
 ...                                              
                                                  
l.129 ...‰©ä½“ç»§ç»­æœç€è¿åŠ¨è½¨è¿¹çš„åˆ‡çº¿æ–¹
                                                  å‘ï¼ˆåŸæ¥é‚£ä¸€ç¬é—´å‰...
You may provide a definition with
\DeclareUnicodeCharacter 


f:/2. UAV/10. ReportSummary/20200723/20200723.tex:129: Package inputenc Error: Unicode character å‘ (U+5411)
(inputenc)                not set up for use with LaTeX.

See the inputenc package documentation for explanation.
Type  H <return>  for immediate help.
 ...                                              
                                                  
l.129 ...½“ç»§ç»­æœç€è¿åŠ¨è½¨è¿¹çš„åˆ‡çº¿æ–¹å‘
                                                  ï¼ˆåŸæ¥é‚£ä¸€ç¬é—´å‰è¿...
You may provide a definition with
\DeclareUnicodeCharacter 


f:/2. UAV/10. ReportSummary/20200723/20200723.tex:129: Package inputenc Error: Unicode character ï¼ˆ (U+FF08)
(inputenc)                not set up for use with LaTeX.

See the inputenc package documentation for explanation.
Type  H <return>  for immediate help.
 ...                                              
                                                  
l.129 ...»§ç»­æœç€è¿åŠ¨è½¨è¿¹çš„åˆ‡çº¿æ–¹å‘ï¼ˆ
                                                  åŸæ¥é‚£ä¸€ç¬é—´å‰è¿›çš...
You may provide a definition with
\DeclareUnicodeCharacter 


f:/2. UAV/10. ReportSummary/20200723/20200723.tex:129: Package inputenc Error: Unicode character åŸ (U+539F)
(inputenc)                not set up for use with LaTeX.

See the inputenc package documentation for explanation.
Type  H <return>  for immediate help.
 ...                                              
                                                  
l.129 ...»­æœç€è¿åŠ¨è½¨è¿¹çš„åˆ‡çº¿æ–¹å‘ï¼ˆåŸ
                                                  æ¥é‚£ä¸€ç¬é—´å‰è¿›çš„ç›...
You may provide a definition with
\DeclareUnicodeCharacter 


f:/2. UAV/10. ReportSummary/20200723/20200723.tex:129: Package inputenc Error: Unicode character æ¥ (U+6765)
(inputenc)                not set up for use with LaTeX.

See the inputenc package documentation for explanation.
Type  H <return>  for immediate help.
 ...                                              
                                                  
l.129 ...œç€è¿åŠ¨è½¨è¿¹çš„åˆ‡çº¿æ–¹å‘ï¼ˆåŸæ¥
                                                  é‚£ä¸€ç¬é—´å‰è¿›çš„ç›´çº...
You may provide a definition with
\DeclareUnicodeCharacter 


f:/2. UAV/10. ReportSummary/20200723/20200723.tex:129: Package inputenc Error: Unicode character é‚£ (U+90A3)
(inputenc)                not set up for use with LaTeX.

See the inputenc package documentation for explanation.
Type  H <return>  for immediate help.
 ...                                              
                                                  
l.129 ...€è¿åŠ¨è½¨è¿¹çš„åˆ‡çº¿æ–¹å‘ï¼ˆåŸæ¥é‚£
                                                  ä¸€ç¬é—´å‰è¿›çš„ç›´çº¿æ–...
You may provide a definition with
\DeclareUnicodeCharacter 


f:/2. UAV/10. ReportSummary/20200723/20200723.tex:129: Package inputenc Error: Unicode character ä¸€ (U+4E00)
(inputenc)                not set up for use with LaTeX.

See the inputenc package documentation for explanation.
Type  H <return>  for immediate help.
 ...                                              
                                                  
l.129 ...¿åŠ¨è½¨è¿¹çš„åˆ‡çº¿æ–¹å‘ï¼ˆåŸæ¥é‚£ä¸€
                                                  ç¬é—´å‰è¿›çš„ç›´çº¿æ–¹å...
You may provide a definition with
\DeclareUnicodeCharacter 


f:/2. UAV/10. ReportSummary/20200723/20200723.tex:129: Package inputenc Error: Unicode character ç¬ (U+77AC)
(inputenc)                not set up for use with LaTeX.

See the inputenc package documentation for explanation.
Type  H <return>  for immediate help.
 ...                                              
                                                  
l.129 ...Š¨è½¨è¿¹çš„åˆ‡çº¿æ–¹å‘ï¼ˆåŸæ¥é‚£ä¸€ç¬
                                                  é—´å‰è¿›çš„ç›´çº¿æ–¹å‘ï¼...
You may provide a definition with
\DeclareUnicodeCharacter 


f:/2. UAV/10. ReportSummary/20200723/20200723.tex:129: Package inputenc Error: Unicode character é—´ (U+95F4)
(inputenc)                not set up for use with LaTeX.

See the inputenc package documentation for explanation.
Type  H <return>  for immediate help.
 ...                                              
                                                  
l.129 ...½¨è¿¹çš„åˆ‡çº¿æ–¹å‘ï¼ˆåŸæ¥é‚£ä¸€ç¬é—´
                                                  å‰è¿›çš„ç›´çº¿æ–¹å‘ï¼‰å‰...
You may provide a definition with
\DeclareUnicodeCharacter 


f:/2. UAV/10. ReportSummary/20200723/20200723.tex:129: Package inputenc Error: Unicode character å‰ (U+524D)
(inputenc)                not set up for use with LaTeX.

See the inputenc package documentation for explanation.
Type  H <return>  for immediate help.
 ...                                              
                                                  
l.129 ...¿¹çš„åˆ‡çº¿æ–¹å‘ï¼ˆåŸæ¥é‚£ä¸€ç¬é—´å‰
                                                  è¿›çš„ç›´çº¿æ–¹å‘ï¼‰å‰è¿...
You may provide a definition with
\DeclareUnicodeCharacter 


f:/2. UAV/10. ReportSummary/20200723/20200723.tex:129: Package inputenc Error: Unicode character è¿› (U+8FDB)
(inputenc)                not set up for use with LaTeX.

See the inputenc package documentation for explanation.
Type  H <return>  for immediate help.
 ...                                              
                                                  
l.129 ...š„åˆ‡çº¿æ–¹å‘ï¼ˆåŸæ¥é‚£ä¸€ç¬é—´å‰è¿›
                                                  çš„ç›´çº¿æ–¹å‘ï¼‰å‰è¿›ï¼Œ
You may provide a definition with
\DeclareUnicodeCharacter 


f:/2. UAV/10. ReportSummary/20200723/20200723.tex:129: Package inputenc Error: Unicode character çš„ (U+7684)
(inputenc)                not set up for use with LaTeX.

See the inputenc package documentation for explanation.
Type  H <return>  for immediate help.
 ...                                              
                                                  
l.129 ...ˆ‡çº¿æ–¹å‘ï¼ˆåŸæ¥é‚£ä¸€ç¬é—´å‰è¿›çš„
                                                  ç›´çº¿æ–¹å‘ï¼‰å‰è¿›ï¼Œ
You may provide a definition with
\DeclareUnicodeCharacter 


f:/2. UAV/10. ReportSummary/20200723/20200723.tex:129: Package inputenc Error: Unicode character ç›´ (U+76F4)
(inputenc)                not set up for use with LaTeX.

See the inputenc package documentation for explanation.
Type  H <return>  for immediate help.
 ...                                              
                                                  
l.129 ...º¿æ–¹å‘ï¼ˆåŸæ¥é‚£ä¸€ç¬é—´å‰è¿›çš„ç›´
                                                  çº¿æ–¹å‘ï¼‰å‰è¿›ï¼Œ
You may provide a definition with
\DeclareUnicodeCharacter 


f:/2. UAV/10. ReportSummary/20200723/20200723.tex:129: Package inputenc Error: Unicode character çº¿ (U+7EBF)
(inputenc)                not set up for use with LaTeX.

See the inputenc package documentation for explanation.
Type  H <return>  for immediate help.
 ...                                              
                                                  
l.129 ...–¹å‘ï¼ˆåŸæ¥é‚£ä¸€ç¬é—´å‰è¿›çš„ç›´çº¿
                                                  æ–¹å‘ï¼‰å‰è¿›ï¼Œ
You may provide a definition with
\DeclareUnicodeCharacter 


f:/2. UAV/10. ReportSummary/20200723/20200723.tex:129: Package inputenc Error: Unicode character æ–¹ (U+65B9)
(inputenc)                not set up for use with LaTeX.

See the inputenc package documentation for explanation.
Type  H <return>  for immediate help.
 ...                                              
                                                  
l.129 ...‘ï¼ˆåŸæ¥é‚£ä¸€ç¬é—´å‰è¿›çš„ç›´çº¿æ–¹
                                                  å‘ï¼‰å‰è¿›ï¼Œ
You may provide a definition with
\DeclareUnicodeCharacter 


f:/2. UAV/10. ReportSummary/20200723/20200723.tex:129: Package inputenc Error: Unicode character å‘ (U+5411)
(inputenc)                not set up for use with LaTeX.

See the inputenc package documentation for explanation.
Type  H <return>  for immediate help.
 ...                                              
                                                  
l.129 ...¼ˆåŸæ¥é‚£ä¸€ç¬é—´å‰è¿›çš„ç›´çº¿æ–¹å‘
                                                  ï¼‰å‰è¿›ï¼Œ
You may provide a definition with
\DeclareUnicodeCharacter 


f:/2. UAV/10. ReportSummary/20200723/20200723.tex:129: Package inputenc Error: Unicode character ï¼‰ (U+FF09)
(inputenc)                not set up for use with LaTeX.

See the inputenc package documentation for explanation.
Type  H <return>  for immediate help.
 ...                                              
                                                  
l.129 ...Ÿæ¥é‚£ä¸€ç¬é—´å‰è¿›çš„ç›´çº¿æ–¹å‘ï¼‰
                                                  å‰è¿›ï¼Œ
You may provide a definition with
\DeclareUnicodeCharacter 


f:/2. UAV/10. ReportSummary/20200723/20200723.tex:129: Package inputenc Error: Unicode character å‰ (U+524D)
(inputenc)                not set up for use with LaTeX.

See the inputenc package documentation for explanation.
Type  H <return>  for immediate help.
 ...                                              
                                                  
l.129 ...¥é‚£ä¸€ç¬é—´å‰è¿›çš„ç›´çº¿æ–¹å‘ï¼‰å‰
                                                  è¿›ï¼Œ
You may provide a definition with
\DeclareUnicodeCharacter 


f:/2. UAV/10. ReportSummary/20200723/20200723.tex:129: Package inputenc Error: Unicode character è¿› (U+8FDB)
(inputenc)                not set up for use with LaTeX.

See the inputenc package documentation for explanation.
Type  H <return>  for immediate help.
 ...                                              
                                                  
l.129 ...‚£ä¸€ç¬é—´å‰è¿›çš„ç›´çº¿æ–¹å‘ï¼‰å‰è¿›
                                                  ï¼Œ
You may provide a definition with
\DeclareUnicodeCharacter 


f:/2. UAV/10. ReportSummary/20200723/20200723.tex:129: Package inputenc Error: Unicode character ï¼Œ (U+FF0C)
(inputenc)                not set up for use with LaTeX.

See the inputenc package documentation for explanation.
Type  H <return>  for immediate help.
 ...                                              
                                                  
l.129 ...¸€ç¬é—´å‰è¿›çš„ç›´çº¿æ–¹å‘ï¼‰å‰è¿›ï¼Œ
                                                  
You may provide a definition with
\DeclareUnicodeCharacter 


f:/2. UAV/10. ReportSummary/20200723/20200723.tex:130: Package inputenc Error: Unicode character è€Œ (U+800C)
(inputenc)                not set up for use with LaTeX.

See the inputenc package documentation for explanation.
Type  H <return>  for immediate help.
 ...                                              
                                                  
l.130     è€Œ
             éé¡ºç€æ¥ä¸‹æ¥è½¬å¼¯è¿‡å»çš„æ–¹å‘èµ°ã€‚
You may provide a definition with
\DeclareUnicodeCharacter 


f:/2. UAV/10. ReportSummary/20200723/20200723.tex:130: Package inputenc Error: Unicode character é (U+975E)
(inputenc)                not set up for use with LaTeX.

See the inputenc package documentation for explanation.
Type  H <return>  for immediate help.
 ...                                              
                                                  
l.130     è€Œé
                é¡ºç€æ¥ä¸‹æ¥è½¬å¼¯è¿‡å»çš„æ–¹å‘èµ°ã€‚
You may provide a definition with
\DeclareUnicodeCharacter 


f:/2. UAV/10. ReportSummary/20200723/20200723.tex:130: Package inputenc Error: Unicode character é¡º (U+987A)
(inputenc)                not set up for use with LaTeX.

See the inputenc package documentation for explanation.
Type  H <return>  for immediate help.
 ...                                              
                                                  
l.130     è€Œéé¡º
                   ç€æ¥ä¸‹æ¥è½¬å¼¯è¿‡å»çš„æ–¹å‘èµ°ã€‚
You may provide a definition with
\DeclareUnicodeCharacter 


f:/2. UAV/10. ReportSummary/20200723/20200723.tex:130: Package inputenc Error: Unicode character ç€ (U+7740)
(inputenc)                not set up for use with LaTeX.

See the inputenc package documentation for explanation.
Type  H <return>  for immediate help.
 ...                                              
                                                  
l.130     è€Œéé¡ºç€
                      æ¥ä¸‹æ¥è½¬å¼¯è¿‡å»çš„æ–¹å‘èµ°ã€‚
You may provide a definition with
\DeclareUnicodeCharacter 


f:/2. UAV/10. ReportSummary/20200723/20200723.tex:130: Package inputenc Error: Unicode character æ¥ (U+63A5)
(inputenc)                not set up for use with LaTeX.

See the inputenc package documentation for explanation.
Type  H <return>  for immediate help.
 ...                                              
                                                  
l.130     è€Œéé¡ºç€æ¥
                         ä¸‹æ¥è½¬å¼¯è¿‡å»çš„æ–¹å‘èµ°ã€‚
You may provide a definition with
\DeclareUnicodeCharacter 


f:/2. UAV/10. ReportSummary/20200723/20200723.tex:130: Package inputenc Error: Unicode character ä¸‹ (U+4E0B)
(inputenc)                not set up for use with LaTeX.

See the inputenc package documentation for explanation.
Type  H <return>  for immediate help.
 ...                                              
                                                  
l.130     è€Œéé¡ºç€æ¥ä¸‹
                            æ¥è½¬å¼¯è¿‡å»çš„æ–¹å‘èµ°ã€‚
You may provide a definition with
\DeclareUnicodeCharacter 


f:/2. UAV/10. ReportSummary/20200723/20200723.tex:130: Package inputenc Error: Unicode character æ¥ (U+6765)
(inputenc)                not set up for use with LaTeX.

See the inputenc package documentation for explanation.
Type  H <return>  for immediate help.
 ...                                              
                                                  
l.130     è€Œéé¡ºç€æ¥ä¸‹æ¥
                               è½¬å¼¯è¿‡å»çš„æ–¹å‘èµ°ã€‚
You may provide a definition with
\DeclareUnicodeCharacter 


f:/2. UAV/10. ReportSummary/20200723/20200723.tex:130: Package inputenc Error: Unicode character è½¬ (U+8F6C)
(inputenc)                not set up for use with LaTeX.

See the inputenc package documentation for explanation.
Type  H <return>  for immediate help.
 ...                                              
                                                  
l.130     è€Œéé¡ºç€æ¥ä¸‹æ¥è½¬
                                  å¼¯è¿‡å»çš„æ–¹å‘èµ°ã€‚
You may provide a definition with
\DeclareUnicodeCharacter 


f:/2. UAV/10. ReportSummary/20200723/20200723.tex:130: Package inputenc Error: Unicode character å¼¯ (U+5F2F)
(inputenc)                not set up for use with LaTeX.

See the inputenc package documentation for explanation.
Type  H <return>  for immediate help.
 ...                                              
                                                  
l.130     è€Œéé¡ºç€æ¥ä¸‹æ¥è½¬å¼¯
                                     è¿‡å»çš„æ–¹å‘èµ°ã€‚
(That makes 100 errors; please try again.) 
Here is how much of TeX's memory you used:
 124 strings out of 480608
 1467 string characters out of 5892806
 240604 words of memory out of 5000000
 16112 multiletter control sequences out of 15000+600000
 532646 words of font info for 25 fonts, out of 8000000 for 9000
 1141 hyphenation exceptions out of 8191
 18i,4n,15p,255b,163s stack positions out of 5000i,500n,10000p,200000b,80000s

f:/2. UAV/10. ReportSummary/20200723/20200723.tex:130:  ==> Fatal error occurred, no output PDF file produced!
