This is pdfTeX, Version 3.14159265-2.6-1.40.21 (TeX Live 2020/W32TeX) (preloaded format=pdflatex 2020.5.11)  24 JUL 2020 11:39
entering extended mode
 restricted \write18 enabled.
 file:line:error style messages enabled.
 %&-line parsing enabled.
**"f:/2. UAV/10. ReportSummary/chapter1/conclusion.tex"
(f:/2. UAV/10. ReportSummary/chapter1/conclusion.tex
LaTeX2e <2020-02-02> patch level 5
L3 programming layer <2020-03-06>
f:/2. UAV/10. ReportSummary/chapter1/conclusion.tex:2: Undefined control sequence.
l.2     \chapter
                {20200707}
The control sequence at the end of the top line
of your error message was never \def'ed. If you have
misspelled it (e.g., `\hobx'), type `I' and the correct
spelling (e.g., `I\hbox'). Otherwise just continue,
and I'll forget about whatever was undefined.


f:/2. UAV/10. ReportSummary/chapter1/conclusion.tex:2: LaTeX Error: Missing \begin{document}.

See the LaTeX manual or LaTeX Companion for explanation.
Type  H <return>  for immediate help.
 ...                                              
                                                  
l.2     \chapter{2
                  0200707}
You're in trouble here.  Try typing  <return>  to proceed.
If that doesn't work, type  X <return>  to quit.

Missing character: There is no 2 in font nullfont!
Missing character: There is no 0 in font nullfont!
Missing character: There is no 2 in font nullfont!
Missing character: There is no 0 in font nullfont!
Missing character: There is no 0 in font nullfont!
Missing character: There is no 7 in font nullfont!
Missing character: There is no 0 in font nullfont!
Missing character: There is no 7 in font nullfont!
f:/2. UAV/10. ReportSummary/chapter1/conclusion.tex:3: Undefined control sequence.
l.3     \section
                {20200707}
The control sequence at the end of the top line
of your error message was never \def'ed. If you have
misspelled it (e.g., `\hobx'), type `I' and the correct
spelling (e.g., `I\hbox'). Otherwise just continue,
and I'll forget about whatever was undefined.

Missing character: There is no 2 in font nullfont!
Missing character: There is no 0 in font nullfont!
Missing character: There is no 2 in font nullfont!
Missing character: There is no 0 in font nullfont!
Missing character: There is no 0 in font nullfont!
Missing character: There is no 7 in font nullfont!
Missing character: There is no 0 in font nullfont!
Missing character: There is no 7 in font nullfont!
f:/2. UAV/10. ReportSummary/chapter1/conclusion.tex:4: Undefined control sequence.
l.4         \subsection
                       {chapter 3}
The control sequence at the end of the top line
of your error message was never \def'ed. If you have
misspelled it (e.g., `\hobx'), type `I' and the correct
spelling (e.g., `I\hbox'). Otherwise just continue,
and I'll forget about whatever was undefined.

Missing character: There is no c in font nullfont!
Missing character: There is no h in font nullfont!
Missing character: There is no a in font nullfont!
Missing character: There is no p in font nullfont!
Missing character: There is no t in font nullfont!
Missing character: There is no e in font nullfont!
Missing character: There is no r in font nullfont!
Missing character: There is no 3 in font nullfont!

f:/2. UAV/10. ReportSummary/chapter1/conclusion.tex:5: Package inputenc Error: Unicode character æœ¬ (U+672C)
(inputenc)                not set up for use with LaTeX.

See the inputenc package documentation for explanation.
Type  H <return>  for immediate help.
 ...                                              
                                                  
l.5         æœ¬
               ç« , ä¸»è¦ä»‹ç»äº†åˆšä½“è¿åŠ¨çš„è¿åŠ¨å­¦(kinematics)å’ŒåŠ...
You may provide a definition with
\DeclareUnicodeCharacter 


f:/2. UAV/10. ReportSummary/chapter1/conclusion.tex:5: Package inputenc Error: Unicode character ç«  (U+7AE0)
(inputenc)                not set up for use with LaTeX.

See the inputenc package documentation for explanation.
Type  H <return>  for immediate help.
 ...                                              
                                                  
l.5         æœ¬ç« 
                  , ä¸»è¦ä»‹ç»äº†åˆšä½“è¿åŠ¨çš„è¿åŠ¨å­¦(kinematics)å’ŒåŠ...
You may provide a definition with
\DeclareUnicodeCharacter 

Missing character: There is no , in font nullfont!

f:/2. UAV/10. ReportSummary/chapter1/conclusion.tex:5: Package inputenc Error: Unicode character ä¸» (U+4E3B)
(inputenc)                not set up for use with LaTeX.

See the inputenc package documentation for explanation.
Type  H <return>  for immediate help.
 ...                                              
                                                  
l.5         æœ¬ç« , ä¸»
                       è¦ä»‹ç»äº†åˆšä½“è¿åŠ¨çš„è¿åŠ¨å­¦(kinematics)å’ŒåŠ...
You may provide a definition with
\DeclareUnicodeCharacter 


f:/2. UAV/10. ReportSummary/chapter1/conclusion.tex:5: Package inputenc Error: Unicode character è¦ (U+8981)
(inputenc)                not set up for use with LaTeX.

See the inputenc package documentation for explanation.
Type  H <return>  for immediate help.
 ...                                              
                                                  
l.5         æœ¬ç« , ä¸»è¦
                          ä»‹ç»äº†åˆšä½“è¿åŠ¨çš„è¿åŠ¨å­¦(kinematics)å’ŒåŠ...
You may provide a definition with
\DeclareUnicodeCharacter 


f:/2. UAV/10. ReportSummary/chapter1/conclusion.tex:5: Package inputenc Error: Unicode character ä»‹ (U+4ECB)
(inputenc)                not set up for use with LaTeX.

See the inputenc package documentation for explanation.
Type  H <return>  for immediate help.
 ...                                              
                                                  
l.5         æœ¬ç« , ä¸»è¦ä»‹
                             ç»äº†åˆšä½“è¿åŠ¨çš„è¿åŠ¨å­¦(kinematics)å’ŒåŠ...
You may provide a definition with
\DeclareUnicodeCharacter 


f:/2. UAV/10. ReportSummary/chapter1/conclusion.tex:5: Package inputenc Error: Unicode character ç» (U+7ECD)
(inputenc)                not set up for use with LaTeX.

See the inputenc package documentation for explanation.
Type  H <return>  for immediate help.
 ...                                              
                                                  
l.5         æœ¬ç« , ä¸»è¦ä»‹ç»
                                äº†åˆšä½“è¿åŠ¨çš„è¿åŠ¨å­¦(kinematics)å’ŒåŠ...
You may provide a definition with
\DeclareUnicodeCharacter 


f:/2. UAV/10. ReportSummary/chapter1/conclusion.tex:5: Package inputenc Error: Unicode character äº† (U+4E86)
(inputenc)                not set up for use with LaTeX.

See the inputenc package documentation for explanation.
Type  H <return>  for immediate help.
 ...                                              
                                                  
l.5         æœ¬ç« , ä¸»è¦ä»‹ç»äº†
                                   åˆšä½“è¿åŠ¨çš„è¿åŠ¨å­¦(kinematics)å’ŒåŠ...
You may provide a definition with
\DeclareUnicodeCharacter 


f:/2. UAV/10. ReportSummary/chapter1/conclusion.tex:5: Package inputenc Error: Unicode character åˆš (U+521A)
(inputenc)                not set up for use with LaTeX.

See the inputenc package documentation for explanation.
Type  H <return>  for immediate help.
 ...                                              
                                                  
l.5         æœ¬ç« , ä¸»è¦ä»‹ç»äº†åˆš
                                      ä½“è¿åŠ¨çš„è¿åŠ¨å­¦(kinematics)å’ŒåŠ...
You may provide a definition with
\DeclareUnicodeCharacter 


f:/2. UAV/10. ReportSummary/chapter1/conclusion.tex:5: Package inputenc Error: Unicode character ä½“ (U+4F53)
(inputenc)                not set up for use with LaTeX.

See the inputenc package documentation for explanation.
Type  H <return>  for immediate help.
 ...                                              
                                                  
l.5         æœ¬ç« , ä¸»è¦ä»‹ç»äº†åˆšä½“
                                         è¿åŠ¨çš„è¿åŠ¨å­¦(kinematics)å’ŒåŠ...
You may provide a definition with
\DeclareUnicodeCharacter 


f:/2. UAV/10. ReportSummary/chapter1/conclusion.tex:5: Package inputenc Error: Unicode character è¿ (U+8FD0)
(inputenc)                not set up for use with LaTeX.

See the inputenc package documentation for explanation.
Type  H <return>  for immediate help.
 ...                                              
                                                  
l.5         æœ¬ç« , ä¸»è¦ä»‹ç»äº†åˆšä½“è¿
                                            åŠ¨çš„è¿åŠ¨å­¦(kinematics)å’ŒåŠ...
You may provide a definition with
\DeclareUnicodeCharacter 


f:/2. UAV/10. ReportSummary/chapter1/conclusion.tex:5: Package inputenc Error: Unicode character åŠ¨ (U+52A8)
(inputenc)                not set up for use with LaTeX.

See the inputenc package documentation for explanation.
Type  H <return>  for immediate help.
 ...                                              
                                                  
l.5         æœ¬ç« , ä¸»è¦ä»‹ç»äº†åˆšä½“è¿åŠ¨
                                               çš„è¿åŠ¨å­¦(kinematics)å’ŒåŠ...
You may provide a definition with
\DeclareUnicodeCharacter 


f:/2. UAV/10. ReportSummary/chapter1/conclusion.tex:5: Package inputenc Error: Unicode character çš„ (U+7684)
(inputenc)                not set up for use with LaTeX.

See the inputenc package documentation for explanation.
Type  H <return>  for immediate help.
 ...                                              
                                                  
l.5         æœ¬ç« , ä¸»è¦ä»‹ç»äº†åˆšä½“è¿åŠ¨çš„
                                                  è¿åŠ¨å­¦(kinematics)å’ŒåŠ...
You may provide a definition with
\DeclareUnicodeCharacter 


f:/2. UAV/10. ReportSummary/chapter1/conclusion.tex:5: Package inputenc Error: Unicode character è¿ (U+8FD0)
(inputenc)                not set up for use with LaTeX.

See the inputenc package documentation for explanation.
Type  H <return>  for immediate help.
 ...                                              
                                                  
l.5 ...  æœ¬ç« , ä¸»è¦ä»‹ç»äº†åˆšä½“è¿åŠ¨çš„è¿
                                                  åŠ¨å­¦(kinematics)å’ŒåŠ¨åŠ...
You may provide a definition with
\DeclareUnicodeCharacter 


f:/2. UAV/10. ReportSummary/chapter1/conclusion.tex:5: Package inputenc Error: Unicode character åŠ¨ (U+52A8)
(inputenc)                not set up for use with LaTeX.

See the inputenc package documentation for explanation.
Type  H <return>  for immediate help.
 ...                                              
                                                  
l.5 ...œ¬ç« , ä¸»è¦ä»‹ç»äº†åˆšä½“è¿åŠ¨çš„è¿åŠ¨
                                                  å­¦(kinematics)å’ŒåŠ¨åŠ›å­...
You may provide a definition with
\DeclareUnicodeCharacter 


f:/2. UAV/10. ReportSummary/chapter1/conclusion.tex:5: Package inputenc Error: Unicode character å­¦ (U+5B66)
(inputenc)                not set up for use with LaTeX.

See the inputenc package documentation for explanation.
Type  H <return>  for immediate help.
 ...                                              
                                                  
l.5 ...« , ä¸»è¦ä»‹ç»äº†åˆšä½“è¿åŠ¨çš„è¿åŠ¨å­¦
                                                  (kinematics)å’ŒåŠ¨åŠ›å­¦(d...
You may provide a definition with
\DeclareUnicodeCharacter 

Missing character: There is no ( in font nullfont!
Missing character: There is no k in font nullfont!
Missing character: There is no i in font nullfont!
Missing character: There is no n in font nullfont!
Missing character: There is no e in font nullfont!
Missing character: There is no m in font nullfont!
Missing character: There is no a in font nullfont!
Missing character: There is no t in font nullfont!
Missing character: There is no i in font nullfont!
Missing character: There is no c in font nullfont!
Missing character: There is no s in font nullfont!
Missing character: There is no ) in font nullfont!

f:/2. UAV/10. ReportSummary/chapter1/conclusion.tex:5: Package inputenc Error: Unicode character å’Œ (U+548C)
(inputenc)                not set up for use with LaTeX.

See the inputenc package documentation for explanation.
Type  H <return>  for immediate help.
 ...                                              
                                                  
l.5 ...äº†åˆšä½“è¿åŠ¨çš„è¿åŠ¨å­¦(kinematics)å’Œ
                                                  åŠ¨åŠ›å­¦(dynamics); å…¶ä¸...
You may provide a definition with
\DeclareUnicodeCharacter 


f:/2. UAV/10. ReportSummary/chapter1/conclusion.tex:5: Package inputenc Error: Unicode character åŠ¨ (U+52A8)
(inputenc)                not set up for use with LaTeX.

See the inputenc package documentation for explanation.
Type  H <return>  for immediate help.
 ...                                              
                                                  
l.5 ...†åˆšä½“è¿åŠ¨çš„è¿åŠ¨å­¦(kinematics)å’ŒåŠ¨
                                                  åŠ›å­¦(dynamics); å…¶ä¸­ä¸...
You may provide a definition with
\DeclareUnicodeCharacter 


f:/2. UAV/10. ReportSummary/chapter1/conclusion.tex:5: Package inputenc Error: Unicode character åŠ› (U+529B)
(inputenc)                not set up for use with LaTeX.

See the inputenc package documentation for explanation.
Type  H <return>  for immediate help.
 ...                                              
                                                  
l.5 ...šä½“è¿åŠ¨çš„è¿åŠ¨å­¦(kinematics)å’ŒåŠ¨åŠ›
                                                  å­¦(dynamics); å…¶ä¸­ä¸»è¦...
You may provide a definition with
\DeclareUnicodeCharacter 


f:/2. UAV/10. ReportSummary/chapter1/conclusion.tex:5: Package inputenc Error: Unicode character å­¦ (U+5B66)
(inputenc)                not set up for use with LaTeX.

See the inputenc package documentation for explanation.
Type  H <return>  for immediate help.
 ...                                              
                                                  
l.5 ...“è¿åŠ¨çš„è¿åŠ¨å­¦(kinematics)å’ŒåŠ¨åŠ›å­¦
                                                  (dynamics); å…¶ä¸­ä¸»è¦å®...
You may provide a definition with
\DeclareUnicodeCharacter 

Missing character: There is no ( in font nullfont!
Missing character: There is no d in font nullfont!
Missing character: There is no y in font nullfont!
Missing character: There is no n in font nullfont!
Missing character: There is no a in font nullfont!
Missing character: There is no m in font nullfont!
Missing character: There is no i in font nullfont!
Missing character: There is no c in font nullfont!
Missing character: There is no s in font nullfont!
Missing character: There is no ) in font nullfont!
Missing character: There is no ; in font nullfont!

f:/2. UAV/10. ReportSummary/chapter1/conclusion.tex:5: Package inputenc Error: Unicode character å…¶ (U+5176)
(inputenc)                not set up for use with LaTeX.

See the inputenc package documentation for explanation.
Type  H <return>  for immediate help.
 ...                                              
                                                  
l.5 ...¨å­¦(kinematics)å’ŒåŠ¨åŠ›å­¦(dynamics); å…¶
                                                  ä¸­ä¸»è¦å®šä¹‰äº†
You may provide a definition with
\DeclareUnicodeCharacter 


f:/2. UAV/10. ReportSummary/chapter1/conclusion.tex:5: Package inputenc Error: Unicode character ä¸­ (U+4E2D)
(inputenc)                not set up for use with LaTeX.

See the inputenc package documentation for explanation.
Type  H <return>  for immediate help.
 ...                                              
                                                  
l.5 ...¦(kinematics)å’ŒåŠ¨åŠ›å­¦(dynamics); å…¶ä¸­
                                                  ä¸»è¦å®šä¹‰äº†
You may provide a definition with
\DeclareUnicodeCharacter 


f:/2. UAV/10. ReportSummary/chapter1/conclusion.tex:5: Package inputenc Error: Unicode character ä¸» (U+4E3B)
(inputenc)                not set up for use with LaTeX.

See the inputenc package documentation for explanation.
Type  H <return>  for immediate help.
 ...                                              
                                                  
l.5 ...inematics)å’ŒåŠ¨åŠ›å­¦(dynamics); å…¶ä¸­ä¸»
                                                  è¦å®šä¹‰äº†
You may provide a definition with
\DeclareUnicodeCharacter 


f:/2. UAV/10. ReportSummary/chapter1/conclusion.tex:5: Package inputenc Error: Unicode character è¦ (U+8981)
(inputenc)                not set up for use with LaTeX.

See the inputenc package documentation for explanation.
Type  H <return>  for immediate help.
 ...                                              
                                                  
l.5 ...matics)å’ŒåŠ¨åŠ›å­¦(dynamics); å…¶ä¸­ä¸»è¦
                                                  å®šä¹‰äº†
You may provide a definition with
\DeclareUnicodeCharacter 


f:/2. UAV/10. ReportSummary/chapter1/conclusion.tex:5: Package inputenc Error: Unicode character å®š (U+5B9A)
(inputenc)                not set up for use with LaTeX.

See the inputenc package documentation for explanation.
Type  H <return>  for immediate help.
 ...                                              
                                                  
l.5 ...ics)å’ŒåŠ¨åŠ›å­¦(dynamics); å…¶ä¸­ä¸»è¦å®š
                                                  ä¹‰äº†
You may provide a definition with
\DeclareUnicodeCharacter 


f:/2. UAV/10. ReportSummary/chapter1/conclusion.tex:5: Package inputenc Error: Unicode character ä¹‰ (U+4E49)
(inputenc)                not set up for use with LaTeX.

See the inputenc package documentation for explanation.
Type  H <return>  for immediate help.
 ...                                              
                                                  
l.5 ...)å’ŒåŠ¨åŠ›å­¦(dynamics); å…¶ä¸­ä¸»è¦å®šä¹‰
                                                  äº†
You may provide a definition with
\DeclareUnicodeCharacter 


f:/2. UAV/10. ReportSummary/chapter1/conclusion.tex:5: Package inputenc Error: Unicode character äº† (U+4E86)
(inputenc)                not set up for use with LaTeX.

See the inputenc package documentation for explanation.
Type  H <return>  for immediate help.
 ...                                              
                                                  
l.5 ...ŒåŠ¨åŠ›å­¦(dynamics); å…¶ä¸­ä¸»è¦å®šä¹‰äº†
                                                  
You may provide a definition with
\DeclareUnicodeCharacter 


Overfull \hbox (20.0pt too wide) in paragraph at lines 2--6
[]
 []


f:/2. UAV/10. ReportSummary/chapter1/conclusion.tex:7: Package inputenc Error: Unicode character ä½ (U+4F4D)
(inputenc)                not set up for use with LaTeX.

See the inputenc package documentation for explanation.
Type  H <return>  for immediate help.
 ...                                              
                                                  
l.7           \item ä½
                       ç½®å’Œé€Ÿåº¦çš„å…³ç³»(kinematics)
You may provide a definition with
\DeclareUnicodeCharacter 


f:/2. UAV/10. ReportSummary/chapter1/conclusion.tex:7: Package inputenc Error: Unicode character ç½® (U+7F6E)
(inputenc)                not set up for use with LaTeX.

See the inputenc package documentation for explanation.
Type  H <return>  for immediate help.
 ...                                              
                                                  
l.7           \item ä½ç½®
                          å’Œé€Ÿåº¦çš„å…³ç³»(kinematics)
You may provide a definition with
\DeclareUnicodeCharacter 


f:/2. UAV/10. ReportSummary/chapter1/conclusion.tex:7: Package inputenc Error: Unicode character å’Œ (U+548C)
(inputenc)                not set up for use with LaTeX.

See the inputenc package documentation for explanation.
Type  H <return>  for immediate help.
 ...                                              
                                                  
l.7           \item ä½ç½®å’Œ
                             é€Ÿåº¦çš„å…³ç³»(kinematics)
You may provide a definition with
\DeclareUnicodeCharacter 


f:/2. UAV/10. ReportSummary/chapter1/conclusion.tex:7: Package inputenc Error: Unicode character é€Ÿ (U+901F)
(inputenc)                not set up for use with LaTeX.

See the inputenc package documentation for explanation.
Type  H <return>  for immediate help.
 ...                                              
                                                  
l.7           \item ä½ç½®å’Œé€Ÿ
                                åº¦çš„å…³ç³»(kinematics)
You may provide a definition with
\DeclareUnicodeCharacter 


f:/2. UAV/10. ReportSummary/chapter1/conclusion.tex:7: Package inputenc Error: Unicode character åº¦ (U+5EA6)
(inputenc)                not set up for use with LaTeX.

See the inputenc package documentation for explanation.
Type  H <return>  for immediate help.
 ...                                              
                                                  
l.7           \item ä½ç½®å’Œé€Ÿåº¦
                                   çš„å…³ç³»(kinematics)
You may provide a definition with
\DeclareUnicodeCharacter 


f:/2. UAV/10. ReportSummary/chapter1/conclusion.tex:7: Package inputenc Error: Unicode character çš„ (U+7684)
(inputenc)                not set up for use with LaTeX.

See the inputenc package documentation for explanation.
Type  H <return>  for immediate help.
 ...                                              
                                                  
l.7           \item ä½ç½®å’Œé€Ÿåº¦çš„
                                      å…³ç³»(kinematics)
You may provide a definition with
\DeclareUnicodeCharacter 


f:/2. UAV/10. ReportSummary/chapter1/conclusion.tex:7: Package inputenc Error: Unicode character å…³ (U+5173)
(inputenc)                not set up for use with LaTeX.

See the inputenc package documentation for explanation.
Type  H <return>  for immediate help.
 ...                                              
                                                  
l.7           \item ä½ç½®å’Œé€Ÿåº¦çš„å…³
                                         ç³»(kinematics)
You may provide a definition with
\DeclareUnicodeCharacter 


f:/2. UAV/10. ReportSummary/chapter1/conclusion.tex:7: Package inputenc Error: Unicode character ç³» (U+7CFB)
(inputenc)                not set up for use with LaTeX.

See the inputenc package documentation for explanation.
Type  H <return>  for immediate help.
 ...                                              
                                                  
l.7           \item ä½ç½®å’Œé€Ÿåº¦çš„å…³ç³»
                                            (kinematics)
You may provide a definition with
\DeclareUnicodeCharacter 

Missing character: There is no ( in font nullfont!
Missing character: There is no k in font nullfont!
Missing character: There is no i in font nullfont!
Missing character: There is no n in font nullfont!
Missing character: There is no e in font nullfont!
Missing character: There is no m in font nullfont!
Missing character: There is no a in font nullfont!
Missing character: There is no t in font nullfont!
Missing character: There is no i in font nullfont!
Missing character: There is no c in font nullfont!
Missing character: There is no s in font nullfont!
Missing character: There is no ) in font nullfont!

f:/2. UAV/10. ReportSummary/chapter1/conclusion.tex:8: Package inputenc Error: Unicode character åŠ¨ (U+52A8)
(inputenc)                not set up for use with LaTeX.

See the inputenc package documentation for explanation.
Type  H <return>  for immediate help.
 ...                                              
                                                  
l.8           \item åŠ¨
                       åŠ›å­¦è¡¨è¾¾å¼
You may provide a definition with
\DeclareUnicodeCharacter 


f:/2. UAV/10. ReportSummary/chapter1/conclusion.tex:8: Package inputenc Error: Unicode character åŠ› (U+529B)
(inputenc)                not set up for use with LaTeX.

See the inputenc package documentation for explanation.
Type  H <return>  for immediate help.
 ...                                              
                                                  
l.8           \item åŠ¨åŠ›
                          å­¦è¡¨è¾¾å¼
You may provide a definition with
\DeclareUnicodeCharacter 


f:/2. UAV/10. ReportSummary/chapter1/conclusion.tex:8: Package inputenc Error: Unicode character å­¦ (U+5B66)
(inputenc)                not set up for use with LaTeX.

See the inputenc package documentation for explanation.
Type  H <return>  for immediate help.
 ...                                              
                                                  
l.8           \item åŠ¨åŠ›å­¦
                             è¡¨è¾¾å¼
You may provide a definition with
\DeclareUnicodeCharacter 


f:/2. UAV/10. ReportSummary/chapter1/conclusion.tex:8: Package inputenc Error: Unicode character è¡¨ (U+8868)
(inputenc)                not set up for use with LaTeX.

See the inputenc package documentation for explanation.
Type  H <return>  for immediate help.
 ...                                              
                                                  
l.8           \item åŠ¨åŠ›å­¦è¡¨
                                è¾¾å¼
You may provide a definition with
\DeclareUnicodeCharacter 


f:/2. UAV/10. ReportSummary/chapter1/conclusion.tex:8: Package inputenc Error: Unicode character è¾¾ (U+8FBE)
(inputenc)                not set up for use with LaTeX.

See the inputenc package documentation for explanation.
Type  H <return>  for immediate help.
 ...                                              
                                                  
l.8           \item åŠ¨åŠ›å­¦è¡¨è¾¾
                                   å¼
You may provide a definition with
\DeclareUnicodeCharacter 


f:/2. UAV/10. ReportSummary/chapter1/conclusion.tex:8: Package inputenc Error: Unicode character å¼ (U+5F0F)
(inputenc)                not set up for use with LaTeX.

See the inputenc package documentation for explanation.
Type  H <return>  for immediate help.
 ...                                              
                                                  
l.8           \item åŠ¨åŠ›å­¦è¡¨è¾¾å¼
                                      
You may provide a definition with
\DeclareUnicodeCharacter 

Missing character: There is no 1 in font nullfont!
Missing character: There is no 2 in font nullfont!

f:/2. UAV/10. ReportSummary/chapter1/conclusion.tex:9: Package inputenc Error: Unicode character ä¸ª (U+4E2A)
(inputenc)                not set up for use with LaTeX.

See the inputenc package documentation for explanation.
Type  H <return>  for immediate help.
 ...                                              
                                                  
l.9           \item 12ä¸ª
                         çŠ¶æ€é‡çš„è¡¨è¾¾å¼
You may provide a definition with
\DeclareUnicodeCharacter 


f:/2. UAV/10. ReportSummary/chapter1/conclusion.tex:9: Package inputenc Error: Unicode character çŠ¶ (U+72B6)
(inputenc)                not set up for use with LaTeX.

See the inputenc package documentation for explanation.
Type  H <return>  for immediate help.
 ...                                              
                                                  
l.9           \item 12ä¸ªçŠ¶
                            æ€é‡çš„è¡¨è¾¾å¼
You may provide a definition with
\DeclareUnicodeCharacter 


f:/2. UAV/10. ReportSummary/chapter1/conclusion.tex:9: Package inputenc Error: Unicode character æ€ (U+6001)
(inputenc)                not set up for use with LaTeX.

See the inputenc package documentation for explanation.
Type  H <return>  for immediate help.
 ...                                              
                                                  
l.9           \item 12ä¸ªçŠ¶æ€
                               é‡çš„è¡¨è¾¾å¼
You may provide a definition with
\DeclareUnicodeCharacter 


f:/2. UAV/10. ReportSummary/chapter1/conclusion.tex:9: Package inputenc Error: Unicode character é‡ (U+91CF)
(inputenc)                not set up for use with LaTeX.

See the inputenc package documentation for explanation.
Type  H <return>  for immediate help.
 ...                                              
                                                  
l.9           \item 12ä¸ªçŠ¶æ€é‡
                                  çš„è¡¨è¾¾å¼
You may provide a definition with
\DeclareUnicodeCharacter 


f:/2. UAV/10. ReportSummary/chapter1/conclusion.tex:9: Package inputenc Error: Unicode character çš„ (U+7684)
(inputenc)                not set up for use with LaTeX.

See the inputenc package documentation for explanation.
Type  H <return>  for immediate help.
 ...                                              
                                                  
l.9           \item 12ä¸ªçŠ¶æ€é‡çš„
                                     è¡¨è¾¾å¼
You may provide a definition with
\DeclareUnicodeCharacter 


f:/2. UAV/10. ReportSummary/chapter1/conclusion.tex:9: Package inputenc Error: Unicode character è¡¨ (U+8868)
(inputenc)                not set up for use with LaTeX.

See the inputenc package documentation for explanation.
Type  H <return>  for immediate help.
 ...                                              
                                                  
l.9           \item 12ä¸ªçŠ¶æ€é‡çš„è¡¨
                                        è¾¾å¼
You may provide a definition with
\DeclareUnicodeCharacter 


f:/2. UAV/10. ReportSummary/chapter1/conclusion.tex:9: Package inputenc Error: Unicode character è¾¾ (U+8FBE)
(inputenc)                not set up for use with LaTeX.

See the inputenc package documentation for explanation.
Type  H <return>  for immediate help.
 ...                                              
                                                  
l.9           \item 12ä¸ªçŠ¶æ€é‡çš„è¡¨è¾¾
                                           å¼
You may provide a definition with
\DeclareUnicodeCharacter 


f:/2. UAV/10. ReportSummary/chapter1/conclusion.tex:9: Package inputenc Error: Unicode character å¼ (U+5F0F)
(inputenc)                not set up for use with LaTeX.

See the inputenc package documentation for explanation.
Type  H <return>  for immediate help.
 ...                                              
                                                  
l.9           \item 12ä¸ªçŠ¶æ€é‡çš„è¡¨è¾¾å¼
                                              
You may provide a definition with
\DeclareUnicodeCharacter 


f:/2. UAV/10. ReportSummary/chapter1/conclusion.tex:11: Package inputenc Error: Unicode character é¦– (U+9996)
(inputenc)                not set up for use with LaTeX.

See the inputenc package documentation for explanation.
Type  H <return>  for immediate help.
 ...                                              
                                                  
l.11         é¦–
                å…ˆä»‹ç»äº†\textcolor{red}{å£°æ˜äº†MAVçŠ¶æ€å˜é‡}, 12ä¸ª,
You may provide a definition with
\DeclareUnicodeCharacter 


f:/2. UAV/10. ReportSummary/chapter1/conclusion.tex:11: Package inputenc Error: Unicode character å…ˆ (U+5148)
(inputenc)                not set up for use with LaTeX.

See the inputenc package documentation for explanation.
Type  H <return>  for immediate help.
 ...                                              
                                                  
l.11         é¦–å…ˆ
                   ä»‹ç»äº†\textcolor{red}{å£°æ˜äº†MAVçŠ¶æ€å˜é‡}, 12ä¸ª,
You may provide a definition with
\DeclareUnicodeCharacter 


f:/2. UAV/10. ReportSummary/chapter1/conclusion.tex:11: Package inputenc Error: Unicode character ä»‹ (U+4ECB)
(inputenc)                not set up for use with LaTeX.

See the inputenc package documentation for explanation.
Type  H <return>  for immediate help.
 ...                                              
                                                  
l.11         é¦–å…ˆä»‹
                      ç»äº†\textcolor{red}{å£°æ˜äº†MAVçŠ¶æ€å˜é‡}, 12ä¸ª,
You may provide a definition with
\DeclareUnicodeCharacter 


f:/2. UAV/10. ReportSummary/chapter1/conclusion.tex:11: Package inputenc Error: Unicode character ç» (U+7ECD)
(inputenc)                not set up for use with LaTeX.

See the inputenc package documentation for explanation.
Type  H <return>  for immediate help.
 ...                                              
                                                  
l.11         é¦–å…ˆä»‹ç»
                         äº†\textcolor{red}{å£°æ˜äº†MAVçŠ¶æ€å˜é‡}, 12ä¸ª,
You may provide a definition with
\DeclareUnicodeCharacter 


f:/2. UAV/10. ReportSummary/chapter1/conclusion.tex:11: Package inputenc Error: Unicode character äº† (U+4E86)
(inputenc)                not set up for use with LaTeX.

See the inputenc package documentation for explanation.
Type  H <return>  for immediate help.
 ...                                              
                                                  
l.11         é¦–å…ˆä»‹ç»äº†
                            \textcolor{red}{å£°æ˜äº†MAVçŠ¶æ€å˜é‡}, 12ä¸ª,
You may provide a definition with
\DeclareUnicodeCharacter 

f:/2. UAV/10. ReportSummary/chapter1/conclusion.tex:11: Undefined control sequence.
l.11         é¦–å…ˆä»‹ç»äº†\textcolor
                                      {red}{å£°æ˜äº†MAVçŠ¶æ€å˜é‡}, 12ä¸ª,
The control sequence at the end of the top line
of your error message was never \def'ed. If you have
misspelled it (e.g., `\hobx'), type `I' and the correct
spelling (e.g., `I\hbox'). Otherwise just continue,
and I'll forget about whatever was undefined.

Missing character: There is no r in font nullfont!
Missing character: There is no e in font nullfont!
Missing character: There is no d in font nullfont!

f:/2. UAV/10. ReportSummary/chapter1/conclusion.tex:11: Package inputenc Error: Unicode character å£° (U+58F0)
(inputenc)                not set up for use with LaTeX.

See the inputenc package documentation for explanation.
Type  H <return>  for immediate help.
 ...                                              
                                                  
l.11         é¦–å…ˆä»‹ç»äº†\textcolor{red}{å£°
                                               æ˜äº†MAVçŠ¶æ€å˜é‡}, 12ä¸ª,
You may provide a definition with
\DeclareUnicodeCharacter 


f:/2. UAV/10. ReportSummary/chapter1/conclusion.tex:11: Package inputenc Error: Unicode character æ˜ (U+660E)
(inputenc)                not set up for use with LaTeX.

See the inputenc package documentation for explanation.
Type  H <return>  for immediate help.
 ...                                              
                                                  
l.11         é¦–å…ˆä»‹ç»äº†\textcolor{red}{å£°æ˜
                                                  äº†MAVçŠ¶æ€å˜é‡}, 12ä¸ª,
You may provide a definition with
\DeclareUnicodeCharacter 


f:/2. UAV/10. ReportSummary/chapter1/conclusion.tex:11: Package inputenc Error: Unicode character äº† (U+4E86)
(inputenc)                not set up for use with LaTeX.

See the inputenc package documentation for explanation.
Type  H <return>  for immediate help.
 ...                                              
                                                  
l.11 ...  é¦–å…ˆä»‹ç»äº†\textcolor{red}{å£°æ˜äº†
                                                  MAVçŠ¶æ€å˜é‡}, 12ä¸ª,
You may provide a definition with
\DeclareUnicodeCharacter 

Missing character: There is no M in font nullfont!
Missing character: There is no A in font nullfont!
Missing character: There is no V in font nullfont!

f:/2. UAV/10. ReportSummary/chapter1/conclusion.tex:11: Package inputenc Error: Unicode character çŠ¶ (U+72B6)
(inputenc)                not set up for use with LaTeX.

See the inputenc package documentation for explanation.
Type  H <return>  for immediate help.
 ...                                              
                                                  
l.11 ...…ˆä»‹ç»äº†\textcolor{red}{å£°æ˜äº†MAVçŠ¶
                                                  æ€å˜é‡}, 12ä¸ª,
You may provide a definition with
\DeclareUnicodeCharacter 


f:/2. UAV/10. ReportSummary/chapter1/conclusion.tex:11: Package inputenc Error: Unicode character æ€ (U+6001)
(inputenc)                not set up for use with LaTeX.

See the inputenc package documentation for explanation.
Type  H <return>  for immediate help.
 ...                                              
                                                  
l.11 ...»‹ç»äº†\textcolor{red}{å£°æ˜äº†MAVçŠ¶æ€
                                                  å˜é‡}, 12ä¸ª,
You may provide a definition with
\DeclareUnicodeCharacter 


f:/2. UAV/10. ReportSummary/chapter1/conclusion.tex:11: Package inputenc Error: Unicode character å˜ (U+53D8)
(inputenc)                not set up for use with LaTeX.

See the inputenc package documentation for explanation.
Type  H <return>  for immediate help.
 ...                                              
                                                  
l.11 ...»äº†\textcolor{red}{å£°æ˜äº†MAVçŠ¶æ€å˜
                                                  é‡}, 12ä¸ª,
You may provide a definition with
\DeclareUnicodeCharacter 


f:/2. UAV/10. ReportSummary/chapter1/conclusion.tex:11: Package inputenc Error: Unicode character é‡ (U+91CF)
(inputenc)                not set up for use with LaTeX.

See the inputenc package documentation for explanation.
Type  H <return>  for immediate help.
 ...                                              
                                                  
l.11 ...º†\textcolor{red}{å£°æ˜äº†MAVçŠ¶æ€å˜é‡
                                                  }, 12ä¸ª,
You may provide a definition with
\DeclareUnicodeCharacter 

Missing character: There is no , in font nullfont!
Missing character: There is no 1 in font nullfont!
Missing character: There is no 2 in font nullfont!

f:/2. UAV/10. ReportSummary/chapter1/conclusion.tex:11: Package inputenc Error: Unicode character ä¸ª (U+4E2A)
(inputenc)                not set up for use with LaTeX.

See the inputenc package documentation for explanation.
Type  H <return>  for immediate help.
 ...                                              
                                                  
l.11 ...olor{red}{å£°æ˜äº†MAVçŠ¶æ€å˜é‡}, 12ä¸ª
                                                  ,
You may provide a definition with
\DeclareUnicodeCharacter 

Missing character: There is no , in font nullfont!

f:/2. UAV/10. ReportSummary/chapter1/conclusion.tex:12: Package inputenc Error: Unicode character å…¶ (U+5176)
(inputenc)                not set up for use with LaTeX.

See the inputenc package documentation for explanation.
Type  H <return>  for immediate help.
 ...                                              
                                                  
l.12         å…¶
                ä¸­, å’Œå¹³ç§»è¿åŠ¨ç›¸å…³çš„ä¸‰ä¸ªä½ç½®å˜é‡(ned),
You may provide a definition with
\DeclareUnicodeCharacter 


f:/2. UAV/10. ReportSummary/chapter1/conclusion.tex:12: Package inputenc Error: Unicode character ä¸­ (U+4E2D)
(inputenc)                not set up for use with LaTeX.

See the inputenc package documentation for explanation.
Type  H <return>  for immediate help.
 ...                                              
                                                  
l.12         å…¶ä¸­
                   , å’Œå¹³ç§»è¿åŠ¨ç›¸å…³çš„ä¸‰ä¸ªä½ç½®å˜é‡(ned),
You may provide a definition with
\DeclareUnicodeCharacter 

Missing character: There is no , in font nullfont!

f:/2. UAV/10. ReportSummary/chapter1/conclusion.tex:12: Package inputenc Error: Unicode character å’Œ (U+548C)
(inputenc)                not set up for use with LaTeX.

See the inputenc package documentation for explanation.
Type  H <return>  for immediate help.
 ...                                              
                                                  
l.12         å…¶ä¸­, å’Œ
                        å¹³ç§»è¿åŠ¨ç›¸å…³çš„ä¸‰ä¸ªä½ç½®å˜é‡(ned),
You may provide a definition with
\DeclareUnicodeCharacter 


f:/2. UAV/10. ReportSummary/chapter1/conclusion.tex:12: Package inputenc Error: Unicode character å¹³ (U+5E73)
(inputenc)                not set up for use with LaTeX.

See the inputenc package documentation for explanation.
Type  H <return>  for immediate help.
 ...                                              
                                                  
l.12         å…¶ä¸­, å’Œå¹³
                           ç§»è¿åŠ¨ç›¸å…³çš„ä¸‰ä¸ªä½ç½®å˜é‡(ned),
You may provide a definition with
\DeclareUnicodeCharacter 


f:/2. UAV/10. ReportSummary/chapter1/conclusion.tex:12: Package inputenc Error: Unicode character ç§» (U+79FB)
(inputenc)                not set up for use with LaTeX.

See the inputenc package documentation for explanation.
Type  H <return>  for immediate help.
 ...                                              
                                                  
l.12         å…¶ä¸­, å’Œå¹³ç§»
                              è¿åŠ¨ç›¸å…³çš„ä¸‰ä¸ªä½ç½®å˜é‡(ned),
You may provide a definition with
\DeclareUnicodeCharacter 


f:/2. UAV/10. ReportSummary/chapter1/conclusion.tex:12: Package inputenc Error: Unicode character è¿ (U+8FD0)
(inputenc)                not set up for use with LaTeX.

See the inputenc package documentation for explanation.
Type  H <return>  for immediate help.
 ...                                              
                                                  
l.12         å…¶ä¸­, å’Œå¹³ç§»è¿
                                 åŠ¨ç›¸å…³çš„ä¸‰ä¸ªä½ç½®å˜é‡(ned),
You may provide a definition with
\DeclareUnicodeCharacter 


f:/2. UAV/10. ReportSummary/chapter1/conclusion.tex:12: Package inputenc Error: Unicode character åŠ¨ (U+52A8)
(inputenc)                not set up for use with LaTeX.

See the inputenc package documentation for explanation.
Type  H <return>  for immediate help.
 ...                                              
                                                  
l.12         å…¶ä¸­, å’Œå¹³ç§»è¿åŠ¨
                                    ç›¸å…³çš„ä¸‰ä¸ªä½ç½®å˜é‡(ned),
You may provide a definition with
\DeclareUnicodeCharacter 


f:/2. UAV/10. ReportSummary/chapter1/conclusion.tex:12: Package inputenc Error: Unicode character ç›¸ (U+76F8)
(inputenc)                not set up for use with LaTeX.

See the inputenc package documentation for explanation.
Type  H <return>  for immediate help.
 ...                                              
                                                  
l.12         å…¶ä¸­, å’Œå¹³ç§»è¿åŠ¨ç›¸
                                       å…³çš„ä¸‰ä¸ªä½ç½®å˜é‡(ned),
You may provide a definition with
\DeclareUnicodeCharacter 


f:/2. UAV/10. ReportSummary/chapter1/conclusion.tex:12: Package inputenc Error: Unicode character å…³ (U+5173)
(inputenc)                not set up for use with LaTeX.

See the inputenc package documentation for explanation.
Type  H <return>  for immediate help.
 ...                                              
                                                  
l.12         å…¶ä¸­, å’Œå¹³ç§»è¿åŠ¨ç›¸å…³
                                          çš„ä¸‰ä¸ªä½ç½®å˜é‡(ned),
You may provide a definition with
\DeclareUnicodeCharacter 


f:/2. UAV/10. ReportSummary/chapter1/conclusion.tex:12: Package inputenc Error: Unicode character çš„ (U+7684)
(inputenc)                not set up for use with LaTeX.

See the inputenc package documentation for explanation.
Type  H <return>  for immediate help.
 ...                                              
                                                  
l.12         å…¶ä¸­, å’Œå¹³ç§»è¿åŠ¨ç›¸å…³çš„
                                             ä¸‰ä¸ªä½ç½®å˜é‡(ned),
You may provide a definition with
\DeclareUnicodeCharacter 


f:/2. UAV/10. ReportSummary/chapter1/conclusion.tex:12: Package inputenc Error: Unicode character ä¸‰ (U+4E09)
(inputenc)                not set up for use with LaTeX.

See the inputenc package documentation for explanation.
Type  H <return>  for immediate help.
 ...                                              
                                                  
l.12         å…¶ä¸­, å’Œå¹³ç§»è¿åŠ¨ç›¸å…³çš„ä¸‰
                                                ä¸ªä½ç½®å˜é‡(ned),
You may provide a definition with
\DeclareUnicodeCharacter 


f:/2. UAV/10. ReportSummary/chapter1/conclusion.tex:12: Package inputenc Error: Unicode character ä¸ª (U+4E2A)
(inputenc)                not set up for use with LaTeX.

See the inputenc package documentation for explanation.
Type  H <return>  for immediate help.
 ...                                              
                                                  
l.12 ...    å…¶ä¸­, å’Œå¹³ç§»è¿åŠ¨ç›¸å…³çš„ä¸‰ä¸ª
                                                  ä½ç½®å˜é‡(ned),
You may provide a definition with
\DeclareUnicodeCharacter 


f:/2. UAV/10. ReportSummary/chapter1/conclusion.tex:12: Package inputenc Error: Unicode character ä½ (U+4F4D)
(inputenc)                not set up for use with LaTeX.

See the inputenc package documentation for explanation.
Type  H <return>  for immediate help.
 ...                                              
                                                  
l.12 ... å…¶ä¸­, å’Œå¹³ç§»è¿åŠ¨ç›¸å…³çš„ä¸‰ä¸ªä½
                                                  ç½®å˜é‡(ned),
You may provide a definition with
\DeclareUnicodeCharacter 


f:/2. UAV/10. ReportSummary/chapter1/conclusion.tex:12: Package inputenc Error: Unicode character ç½® (U+7F6E)
(inputenc)                not set up for use with LaTeX.

See the inputenc package documentation for explanation.
Type  H <return>  for immediate help.
 ...                                              
                                                  
l.12 ...¶ä¸­, å’Œå¹³ç§»è¿åŠ¨ç›¸å…³çš„ä¸‰ä¸ªä½ç½®
                                                  å˜é‡(ned),
You may provide a definition with
\DeclareUnicodeCharacter 


f:/2. UAV/10. ReportSummary/chapter1/conclusion.tex:12: Package inputenc Error: Unicode character å˜ (U+53D8)
(inputenc)                not set up for use with LaTeX.

See the inputenc package documentation for explanation.
Type  H <return>  for immediate help.
 ...                                              
                                                  
l.12 ...­, å’Œå¹³ç§»è¿åŠ¨ç›¸å…³çš„ä¸‰ä¸ªä½ç½®å˜
                                                  é‡(ned),
You may provide a definition with
\DeclareUnicodeCharacter 


f:/2. UAV/10. ReportSummary/chapter1/conclusion.tex:12: Package inputenc Error: Unicode character é‡ (U+91CF)
(inputenc)                not set up for use with LaTeX.

See the inputenc package documentation for explanation.
Type  H <return>  for immediate help.
 ...                                              
                                                  
l.12 ...å’Œå¹³ç§»è¿åŠ¨ç›¸å…³çš„ä¸‰ä¸ªä½ç½®å˜é‡
                                                  (ned),
You may provide a definition with
\DeclareUnicodeCharacter 

Missing character: There is no ( in font nullfont!
Missing character: There is no n in font nullfont!
Missing character: There is no e in font nullfont!
Missing character: There is no d in font nullfont!
Missing character: There is no ) in font nullfont!
Missing character: There is no , in font nullfont!

f:/2. UAV/10. ReportSummary/chapter1/conclusion.tex:13: Package inputenc Error: Unicode character ä¸‰ (U+4E09)
(inputenc)                not set up for use with LaTeX.

See the inputenc package documentation for explanation.
Type  H <return>  for immediate help.
 ...                                              
                                                  
l.13         ä¸‰
                ä¸ªé€Ÿåº¦å˜é‡($u, v, \omega$, $i^{b}, j^{b}, k^{b}$),
You may provide a definition with
\DeclareUnicodeCharacter 


f:/2. UAV/10. ReportSummary/chapter1/conclusion.tex:13: Package inputenc Error: Unicode character ä¸ª (U+4E2A)
(inputenc)                not set up for use with LaTeX.

See the inputenc package documentation for explanation.
Type  H <return>  for immediate help.
 ...                                              
                                                  
l.13         ä¸‰ä¸ª
                   é€Ÿåº¦å˜é‡($u, v, \omega$, $i^{b}, j^{b}, k^{b}$),
You may provide a definition with
\DeclareUnicodeCharacter 


f:/2. UAV/10. ReportSummary/chapter1/conclusion.tex:13: Package inputenc Error: Unicode character é€Ÿ (U+901F)
(inputenc)                not set up for use with LaTeX.

See the inputenc package documentation for explanation.
Type  H <return>  for immediate help.
 ...                                              
                                                  
l.13         ä¸‰ä¸ªé€Ÿ
                      åº¦å˜é‡($u, v, \omega$, $i^{b}, j^{b}, k^{b}$),
You may provide a definition with
\DeclareUnicodeCharacter 


f:/2. UAV/10. ReportSummary/chapter1/conclusion.tex:13: Package inputenc Error: Unicode character åº¦ (U+5EA6)
(inputenc)                not set up for use with LaTeX.

See the inputenc package documentation for explanation.
Type  H <return>  for immediate help.
 ...                                              
                                                  
l.13         ä¸‰ä¸ªé€Ÿåº¦
                         å˜é‡($u, v, \omega$, $i^{b}, j^{b}, k^{b}$),
You may provide a definition with
\DeclareUnicodeCharacter 


f:/2. UAV/10. ReportSummary/chapter1/conclusion.tex:13: Package inputenc Error: Unicode character å˜ (U+53D8)
(inputenc)                not set up for use with LaTeX.

See the inputenc package documentation for explanation.
Type  H <return>  for immediate help.
 ...                                              
                                                  
l.13         ä¸‰ä¸ªé€Ÿåº¦å˜
                            é‡($u, v, \omega$, $i^{b}, j^{b}, k^{b}$),
You may provide a definition with
\DeclareUnicodeCharacter 


f:/2. UAV/10. ReportSummary/chapter1/conclusion.tex:13: Package inputenc Error: Unicode character é‡ (U+91CF)
(inputenc)                not set up for use with LaTeX.

See the inputenc package documentation for explanation.
Type  H <return>  for immediate help.
 ...                                              
                                                  
l.13         ä¸‰ä¸ªé€Ÿåº¦å˜é‡
                               ($u, v, \omega$, $i^{b}, j^{b}, k^{b}$),
You may provide a definition with
\DeclareUnicodeCharacter 

Missing character: There is no ( in font nullfont!
LaTeX Font Info:    External font `cmex10' loaded for size
(Font)              <7> on input line 13.
LaTeX Font Info:    External font `cmex10' loaded for size
(Font)              <5> on input line 13.
Missing character: There is no , in font nullfont!
Missing character: There is no ) in font nullfont!
Missing character: There is no , in font nullfont!

f:/2. UAV/10. ReportSummary/chapter1/conclusion.tex:14: Package inputenc Error: Unicode character ä¸‰ (U+4E09)
(inputenc)                not set up for use with LaTeX.

See the inputenc package documentation for explanation.
Type  H <return>  for immediate help.
 ...                                              
                                                  
l.14         ä¸‰
                ä¸ªè§’åº¦(roll($F^{v2}$), pitch($F^{v1}$), yaw($F^{v}$)),
You may provide a definition with
\DeclareUnicodeCharacter 


f:/2. UAV/10. ReportSummary/chapter1/conclusion.tex:14: Package inputenc Error: Unicode character ä¸ª (U+4E2A)
(inputenc)                not set up for use with LaTeX.

See the inputenc package documentation for explanation.
Type  H <return>  for immediate help.
 ...                                              
                                                  
l.14         ä¸‰ä¸ª
                   è§’åº¦(roll($F^{v2}$), pitch($F^{v1}$), yaw($F^{v}$)),
You may provide a definition with
\DeclareUnicodeCharacter 


f:/2. UAV/10. ReportSummary/chapter1/conclusion.tex:14: Package inputenc Error: Unicode character è§’ (U+89D2)
(inputenc)                not set up for use with LaTeX.

See the inputenc package documentation for explanation.
Type  H <return>  for immediate help.
 ...                                              
                                                  
l.14         ä¸‰ä¸ªè§’
                      åº¦(roll($F^{v2}$), pitch($F^{v1}$), yaw($F^{v}$)),
You may provide a definition with
\DeclareUnicodeCharacter 


f:/2. UAV/10. ReportSummary/chapter1/conclusion.tex:14: Package inputenc Error: Unicode character åº¦ (U+5EA6)
(inputenc)                not set up for use with LaTeX.

See the inputenc package documentation for explanation.
Type  H <return>  for immediate help.
 ...                                              
                                                  
l.14         ä¸‰ä¸ªè§’åº¦
                         (roll($F^{v2}$), pitch($F^{v1}$), yaw($F^{v}$)),
You may provide a definition with
\DeclareUnicodeCharacter 

Missing character: There is no ( in font nullfont!
Missing character: There is no r in font nullfont!
Missing character: There is no o in font nullfont!
Missing character: There is no l in font nullfont!
Missing character: There is no l in font nullfont!
Missing character: There is no ( in font nullfont!
Missing character: There is no ) in font nullfont!
Missing character: There is no , in font nullfont!
Missing character: There is no p in font nullfont!
Missing character: There is no i in font nullfont!
Missing character: There is no t in font nullfont!
Missing character: There is no c in font nullfont!
Missing character: There is no h in font nullfont!
Missing character: There is no ( in font nullfont!
Missing character: There is no ) in font nullfont!
Missing character: There is no , in font nullfont!
Missing character: There is no y in font nullfont!
Missing character: There is no a in font nullfont!
Missing character: There is no w in font nullfont!
Missing character: There is no ( in font nullfont!
Missing character: There is no ) in font nullfont!
Missing character: There is no ) in font nullfont!
Missing character: There is no , in font nullfont!

f:/2. UAV/10. ReportSummary/chapter1/conclusion.tex:15: Package inputenc Error: Unicode character ä¸‰ (U+4E09)
(inputenc)                not set up for use with LaTeX.

See the inputenc package documentation for explanation.
Type  H <return>  for immediate help.
 ...                                              
                                                  
l.15         ä¸‰
                ä¸ªè§’é€Ÿåº¦($i^{b}, j^{b}, k^{b}$);
You may provide a definition with
\DeclareUnicodeCharacter 


f:/2. UAV/10. ReportSummary/chapter1/conclusion.tex:15: Package inputenc Error: Unicode character ä¸ª (U+4E2A)
(inputenc)                not set up for use with LaTeX.

See the inputenc package documentation for explanation.
Type  H <return>  for immediate help.
 ...                                              
                                                  
l.15         ä¸‰ä¸ª
                   è§’é€Ÿåº¦($i^{b}, j^{b}, k^{b}$);
You may provide a definition with
\DeclareUnicodeCharacter 


f:/2. UAV/10. ReportSummary/chapter1/conclusion.tex:15: Package inputenc Error: Unicode character è§’ (U+89D2)
(inputenc)                not set up for use with LaTeX.

See the inputenc package documentation for explanation.
Type  H <return>  for immediate help.
 ...                                              
                                                  
l.15         ä¸‰ä¸ªè§’
                      é€Ÿåº¦($i^{b}, j^{b}, k^{b}$);
You may provide a definition with
\DeclareUnicodeCharacter 


f:/2. UAV/10. ReportSummary/chapter1/conclusion.tex:15: Package inputenc Error: Unicode character é€Ÿ (U+901F)
(inputenc)                not set up for use with LaTeX.

See the inputenc package documentation for explanation.
Type  H <return>  for immediate help.
 ...                                              
                                                  
l.15         ä¸‰ä¸ªè§’é€Ÿ
                         åº¦($i^{b}, j^{b}, k^{b}$);
You may provide a definition with
\DeclareUnicodeCharacter 


f:/2. UAV/10. ReportSummary/chapter1/conclusion.tex:15: Package inputenc Error: Unicode character åº¦ (U+5EA6)
(inputenc)                not set up for use with LaTeX.

See the inputenc package documentation for explanation.
Type  H <return>  for immediate help.
 ...                                              
                                                  
l.15         ä¸‰ä¸ªè§’é€Ÿåº¦
                            ($i^{b}, j^{b}, k^{b}$);
You may provide a definition with
\DeclareUnicodeCharacter 

Missing character: There is no ( in font nullfont!
Missing character: There is no ) in font nullfont!
Missing character: There is no ; in font nullfont!

f:/2. UAV/10. ReportSummary/chapter1/conclusion.tex:16: Package inputenc Error: Unicode character å…¶ (U+5176)
(inputenc)                not set up for use with LaTeX.

See the inputenc package documentation for explanation.
Type  H <return>  for immediate help.
 ...                                              
                                                  
l.16         å…¶
                æ¬¡æ¨å¯¼äº†\textcolor{red}{è¿åŠ¨å­¦, å³ä½ç½®å’Œé€Ÿåº¦çš„...
You may provide a definition with
\DeclareUnicodeCharacter 


f:/2. UAV/10. ReportSummary/chapter1/conclusion.tex:16: Package inputenc Error: Unicode character æ¬¡ (U+6B21)
(inputenc)                not set up for use with LaTeX.

See the inputenc package documentation for explanation.
Type  H <return>  for immediate help.
 ...                                              
                                                  
l.16         å…¶æ¬¡
                   æ¨å¯¼äº†\textcolor{red}{è¿åŠ¨å­¦, å³ä½ç½®å’Œé€Ÿåº¦çš„...
You may provide a definition with
\DeclareUnicodeCharacter 


f:/2. UAV/10. ReportSummary/chapter1/conclusion.tex:16: Package inputenc Error: Unicode character æ¨ (U+63A8)
(inputenc)                not set up for use with LaTeX.

See the inputenc package documentation for explanation.
Type  H <return>  for immediate help.
 ...                                              
                                                  
l.16         å…¶æ¬¡æ¨
                      å¯¼äº†\textcolor{red}{è¿åŠ¨å­¦, å³ä½ç½®å’Œé€Ÿåº¦çš„...
You may provide a definition with
\DeclareUnicodeCharacter 


f:/2. UAV/10. ReportSummary/chapter1/conclusion.tex:16: Package inputenc Error: Unicode character å¯¼ (U+5BFC)
(inputenc)                not set up for use with LaTeX.

See the inputenc package documentation for explanation.
Type  H <return>  for immediate help.
 ...                                              
                                                  
l.16         å…¶æ¬¡æ¨å¯¼
                         äº†\textcolor{red}{è¿åŠ¨å­¦, å³ä½ç½®å’Œé€Ÿåº¦çš„...
You may provide a definition with
\DeclareUnicodeCharacter 


f:/2. UAV/10. ReportSummary/chapter1/conclusion.tex:16: Package inputenc Error: Unicode character äº† (U+4E86)
(inputenc)                not set up for use with LaTeX.

See the inputenc package documentation for explanation.
Type  H <return>  for immediate help.
 ...                                              
                                                  
l.16         å…¶æ¬¡æ¨å¯¼äº†
                            \textcolor{red}{è¿åŠ¨å­¦, å³ä½ç½®å’Œé€Ÿåº¦çš„...
You may provide a definition with
\DeclareUnicodeCharacter 

f:/2. UAV/10. ReportSummary/chapter1/conclusion.tex:16: Undefined control sequence.
l.16         å…¶æ¬¡æ¨å¯¼äº†\textcolor
                                      {red}{è¿åŠ¨å­¦, å³ä½ç½®å’Œé€Ÿåº¦çš„...
The control sequence at the end of the top line
of your error message was never \def'ed. If you have
misspelled it (e.g., `\hobx'), type `I' and the correct
spelling (e.g., `I\hbox'). Otherwise just continue,
and I'll forget about whatever was undefined.

Missing character: There is no r in font nullfont!
Missing character: There is no e in font nullfont!
Missing character: There is no d in font nullfont!

f:/2. UAV/10. ReportSummary/chapter1/conclusion.tex:16: Package inputenc Error: Unicode character è¿ (U+8FD0)
(inputenc)                not set up for use with LaTeX.

See the inputenc package documentation for explanation.
Type  H <return>  for immediate help.
 ...                                              
                                                  
l.16         å…¶æ¬¡æ¨å¯¼äº†\textcolor{red}{è¿
                                               åŠ¨å­¦, å³ä½ç½®å’Œé€Ÿåº¦çš„...
You may provide a definition with
\DeclareUnicodeCharacter 


f:/2. UAV/10. ReportSummary/chapter1/conclusion.tex:16: Package inputenc Error: Unicode character åŠ¨ (U+52A8)
(inputenc)                not set up for use with LaTeX.

See the inputenc package documentation for explanation.
Type  H <return>  for immediate help.
 ...                                              
                                                  
l.16         å…¶æ¬¡æ¨å¯¼äº†\textcolor{red}{è¿åŠ¨
                                                  å­¦, å³ä½ç½®å’Œé€Ÿåº¦çš„...
You may provide a definition with
\DeclareUnicodeCharacter 


f:/2. UAV/10. ReportSummary/chapter1/conclusion.tex:16: Package inputenc Error: Unicode character å­¦ (U+5B66)
(inputenc)                not set up for use with LaTeX.

See the inputenc package documentation for explanation.
Type  H <return>  for immediate help.
 ...                                              
                                                  
l.16 ...  å…¶æ¬¡æ¨å¯¼äº†\textcolor{red}{è¿åŠ¨å­¦
                                                  , å³ä½ç½®å’Œé€Ÿåº¦çš„å…³...
You may provide a definition with
\DeclareUnicodeCharacter 

Missing character: There is no , in font nullfont!

f:/2. UAV/10. ReportSummary/chapter1/conclusion.tex:16: Package inputenc Error: Unicode character å³ (U+5373)
(inputenc)                not set up for use with LaTeX.

See the inputenc package documentation for explanation.
Type  H <return>  for immediate help.
 ...                                              
                                                  
l.16 ...æ¬¡æ¨å¯¼äº†\textcolor{red}{è¿åŠ¨å­¦, å³
                                                  ä½ç½®å’Œé€Ÿåº¦çš„å…³ç³»},
You may provide a definition with
\DeclareUnicodeCharacter 


f:/2. UAV/10. ReportSummary/chapter1/conclusion.tex:16: Package inputenc Error: Unicode character ä½ (U+4F4D)
(inputenc)                not set up for use with LaTeX.

See the inputenc package documentation for explanation.
Type  H <return>  for immediate help.
 ...                                              
                                                  
l.16 ...æ¨å¯¼äº†\textcolor{red}{è¿åŠ¨å­¦, å³ä½
                                                  ç½®å’Œé€Ÿåº¦çš„å…³ç³»},
You may provide a definition with
\DeclareUnicodeCharacter 


f:/2. UAV/10. ReportSummary/chapter1/conclusion.tex:16: Package inputenc Error: Unicode character ç½® (U+7F6E)
(inputenc)                not set up for use with LaTeX.

See the inputenc package documentation for explanation.
Type  H <return>  for immediate help.
 ...                                              
                                                  
l.16 ...å¯¼äº†\textcolor{red}{è¿åŠ¨å­¦, å³ä½ç½®
                                                  å’Œé€Ÿåº¦çš„å…³ç³»},
You may provide a definition with
\DeclareUnicodeCharacter 


f:/2. UAV/10. ReportSummary/chapter1/conclusion.tex:16: Package inputenc Error: Unicode character å’Œ (U+548C)
(inputenc)                not set up for use with LaTeX.

See the inputenc package documentation for explanation.
Type  H <return>  for immediate help.
 ...                                              
                                                  
l.16 ...äº†\textcolor{red}{è¿åŠ¨å­¦, å³ä½ç½®å’Œ
                                                  é€Ÿåº¦çš„å…³ç³»},
You may provide a definition with
\DeclareUnicodeCharacter 


f:/2. UAV/10. ReportSummary/chapter1/conclusion.tex:16: Package inputenc Error: Unicode character é€Ÿ (U+901F)
(inputenc)                not set up for use with LaTeX.

See the inputenc package documentation for explanation.
Type  H <return>  for immediate help.
 ...                                              
                                                  
l.16 ...\textcolor{red}{è¿åŠ¨å­¦, å³ä½ç½®å’Œé€Ÿ
                                                  åº¦çš„å…³ç³»},
You may provide a definition with
\DeclareUnicodeCharacter 


f:/2. UAV/10. ReportSummary/chapter1/conclusion.tex:16: Package inputenc Error: Unicode character åº¦ (U+5EA6)
(inputenc)                not set up for use with LaTeX.

See the inputenc package documentation for explanation.
Type  H <return>  for immediate help.
 ...                                              
                                                  
l.16 ...xtcolor{red}{è¿åŠ¨å­¦, å³ä½ç½®å’Œé€Ÿåº¦
                                                  çš„å…³ç³»},
You may provide a definition with
\DeclareUnicodeCharacter 


f:/2. UAV/10. ReportSummary/chapter1/conclusion.tex:16: Package inputenc Error: Unicode character çš„ (U+7684)
(inputenc)                not set up for use with LaTeX.

See the inputenc package documentation for explanation.
Type  H <return>  for immediate help.
 ...                                              
                                                  
l.16 ...olor{red}{è¿åŠ¨å­¦, å³ä½ç½®å’Œé€Ÿåº¦çš„
                                                  å…³ç³»},
You may provide a definition with
\DeclareUnicodeCharacter 


f:/2. UAV/10. ReportSummary/chapter1/conclusion.tex:16: Package inputenc Error: Unicode character å…³ (U+5173)
(inputenc)                not set up for use with LaTeX.

See the inputenc package documentation for explanation.
Type  H <return>  for immediate help.
 ...                                              
                                                  
l.16 ...r{red}{è¿åŠ¨å­¦, å³ä½ç½®å’Œé€Ÿåº¦çš„å…³
                                                  ç³»},
You may provide a definition with
\DeclareUnicodeCharacter 


f:/2. UAV/10. ReportSummary/chapter1/conclusion.tex:16: Package inputenc Error: Unicode character ç³» (U+7CFB)
(inputenc)                not set up for use with LaTeX.

See the inputenc package documentation for explanation.
Type  H <return>  for immediate help.
 ...                                              
                                                  
l.16 ...ed}{è¿åŠ¨å­¦, å³ä½ç½®å’Œé€Ÿåº¦çš„å…³ç³»
                                                  },
You may provide a definition with
\DeclareUnicodeCharacter 

Missing character: There is no , in font nullfont!

f:/2. UAV/10. ReportSummary/chapter1/conclusion.tex:17: Package inputenc Error: Unicode character æˆ‘ (U+6211)
(inputenc)                not set up for use with LaTeX.

See the inputenc package documentation for explanation.
Type  H <return>  for immediate help.
 ...                                              
                                                  
l.17         æˆ‘
                ä»¬éœ€è¦å°†å…¶ä»ä½ç½®çš„å¯¼æ•°å³é€Ÿåº¦ä»ä½“åæ ‡ç³»ä¸‹...
You may provide a definition with
\DeclareUnicodeCharacter 


f:/2. UAV/10. ReportSummary/chapter1/conclusion.tex:17: Package inputenc Error: Unicode character ä»¬ (U+4EEC)
(inputenc)                not set up for use with LaTeX.

See the inputenc package documentation for explanation.
Type  H <return>  for immediate help.
 ...                                              
                                                  
l.17         æˆ‘ä»¬
                   éœ€è¦å°†å…¶ä»ä½ç½®çš„å¯¼æ•°å³é€Ÿåº¦ä»ä½“åæ ‡ç³»ä¸‹...
You may provide a definition with
\DeclareUnicodeCharacter 


f:/2. UAV/10. ReportSummary/chapter1/conclusion.tex:17: Package inputenc Error: Unicode character éœ€ (U+9700)
(inputenc)                not set up for use with LaTeX.

See the inputenc package documentation for explanation.
Type  H <return>  for immediate help.
 ...                                              
                                                  
l.17         æˆ‘ä»¬éœ€
                      è¦å°†å…¶ä»ä½ç½®çš„å¯¼æ•°å³é€Ÿåº¦ä»ä½“åæ ‡ç³»ä¸‹...
You may provide a definition with
\DeclareUnicodeCharacter 


f:/2. UAV/10. ReportSummary/chapter1/conclusion.tex:17: Package inputenc Error: Unicode character è¦ (U+8981)
(inputenc)                not set up for use with LaTeX.

See the inputenc package documentation for explanation.
Type  H <return>  for immediate help.
 ...                                              
                                                  
l.17         æˆ‘ä»¬éœ€è¦
                         å°†å…¶ä»ä½ç½®çš„å¯¼æ•°å³é€Ÿåº¦ä»ä½“åæ ‡ç³»ä¸‹...
You may provide a definition with
\DeclareUnicodeCharacter 


f:/2. UAV/10. ReportSummary/chapter1/conclusion.tex:17: Package inputenc Error: Unicode character å°† (U+5C06)
(inputenc)                not set up for use with LaTeX.

See the inputenc package documentation for explanation.
Type  H <return>  for immediate help.
 ...                                              
                                                  
l.17         æˆ‘ä»¬éœ€è¦å°†
                            å…¶ä»ä½ç½®çš„å¯¼æ•°å³é€Ÿåº¦ä»ä½“åæ ‡ç³»ä¸‹...
You may provide a definition with
\DeclareUnicodeCharacter 


f:/2. UAV/10. ReportSummary/chapter1/conclusion.tex:17: Package inputenc Error: Unicode character å…¶ (U+5176)
(inputenc)                not set up for use with LaTeX.

See the inputenc package documentation for explanation.
Type  H <return>  for immediate help.
 ...                                              
                                                  
l.17         æˆ‘ä»¬éœ€è¦å°†å…¶
                               ä»ä½ç½®çš„å¯¼æ•°å³é€Ÿåº¦ä»ä½“åæ ‡ç³»ä¸‹...
You may provide a definition with
\DeclareUnicodeCharacter 


f:/2. UAV/10. ReportSummary/chapter1/conclusion.tex:17: Package inputenc Error: Unicode character ä» (U+4ECE)
(inputenc)                not set up for use with LaTeX.

See the inputenc package documentation for explanation.
Type  H <return>  for immediate help.
 ...                                              
                                                  
l.17         æˆ‘ä»¬éœ€è¦å°†å…¶ä»
                                  ä½ç½®çš„å¯¼æ•°å³é€Ÿåº¦ä»ä½“åæ ‡ç³»ä¸‹...
You may provide a definition with
\DeclareUnicodeCharacter 


f:/2. UAV/10. ReportSummary/chapter1/conclusion.tex:17: Package inputenc Error: Unicode character ä½ (U+4F4D)
(inputenc)                not set up for use with LaTeX.

See the inputenc package documentation for explanation.
Type  H <return>  for immediate help.
 ...                                              
                                                  
l.17         æˆ‘ä»¬éœ€è¦å°†å…¶ä»ä½
                                     ç½®çš„å¯¼æ•°å³é€Ÿåº¦ä»ä½“åæ ‡ç³»ä¸‹...
You may provide a definition with
\DeclareUnicodeCharacter 


f:/2. UAV/10. ReportSummary/chapter1/conclusion.tex:17: Package inputenc Error: Unicode character ç½® (U+7F6E)
(inputenc)                not set up for use with LaTeX.

See the inputenc package documentation for explanation.
Type  H <return>  for immediate help.
 ...                                              
                                                  
l.17         æˆ‘ä»¬éœ€è¦å°†å…¶ä»ä½ç½®
                                        çš„å¯¼æ•°å³é€Ÿåº¦ä»ä½“åæ ‡ç³»ä¸‹...
You may provide a definition with
\DeclareUnicodeCharacter 


f:/2. UAV/10. ReportSummary/chapter1/conclusion.tex:17: Package inputenc Error: Unicode character çš„ (U+7684)
(inputenc)                not set up for use with LaTeX.

See the inputenc package documentation for explanation.
Type  H <return>  for immediate help.
 ...                                              
                                                  
l.17         æˆ‘ä»¬éœ€è¦å°†å…¶ä»ä½ç½®çš„
                                           å¯¼æ•°å³é€Ÿåº¦ä»ä½“åæ ‡ç³»ä¸‹...
You may provide a definition with
\DeclareUnicodeCharacter 


f:/2. UAV/10. ReportSummary/chapter1/conclusion.tex:17: Package inputenc Error: Unicode character å¯¼ (U+5BFC)
(inputenc)                not set up for use with LaTeX.

See the inputenc package documentation for explanation.
Type  H <return>  for immediate help.
 ...                                              
                                                  
l.17         æˆ‘ä»¬éœ€è¦å°†å…¶ä»ä½ç½®çš„å¯¼
                                              æ•°å³é€Ÿåº¦ä»ä½“åæ ‡ç³»ä¸‹...
You may provide a definition with
\DeclareUnicodeCharacter 


f:/2. UAV/10. ReportSummary/chapter1/conclusion.tex:17: Package inputenc Error: Unicode character æ•° (U+6570)
(inputenc)                not set up for use with LaTeX.

See the inputenc package documentation for explanation.
Type  H <return>  for immediate help.
 ...                                              
                                                  
l.17         æˆ‘ä»¬éœ€è¦å°†å…¶ä»ä½ç½®çš„å¯¼æ•°
                                                 å³é€Ÿåº¦ä»ä½“åæ ‡ç³»ä¸‹...
You may provide a definition with
\DeclareUnicodeCharacter 


f:/2. UAV/10. ReportSummary/chapter1/conclusion.tex:17: Package inputenc Error: Unicode character å³ (U+5373)
(inputenc)                not set up for use with LaTeX.

See the inputenc package documentation for explanation.
Type  H <return>  for immediate help.
 ...                                              
                                                  
l.17 ...   æˆ‘ä»¬éœ€è¦å°†å…¶ä»ä½ç½®çš„å¯¼æ•°å³
                                                  é€Ÿåº¦ä»ä½“åæ ‡ç³»ä¸‹è½...
You may provide a definition with
\DeclareUnicodeCharacter 


f:/2. UAV/10. ReportSummary/chapter1/conclusion.tex:17: Package inputenc Error: Unicode character é€Ÿ (U+901F)
(inputenc)                not set up for use with LaTeX.

See the inputenc package documentation for explanation.
Type  H <return>  for immediate help.
 ...                                              
                                                  
l.17 ...æˆ‘ä»¬éœ€è¦å°†å…¶ä»ä½ç½®çš„å¯¼æ•°å³é€Ÿ
                                                  åº¦ä»ä½“åæ ‡ç³»ä¸‹è½¬æ...
You may provide a definition with
\DeclareUnicodeCharacter 


f:/2. UAV/10. ReportSummary/chapter1/conclusion.tex:17: Package inputenc Error: Unicode character åº¦ (U+5EA6)
(inputenc)                not set up for use with LaTeX.

See the inputenc package documentation for explanation.
Type  H <return>  for immediate help.
 ...                                              
                                                  
l.17 ...ä»¬éœ€è¦å°†å…¶ä»ä½ç½®çš„å¯¼æ•°å³é€Ÿåº¦
                                                  ä»ä½“åæ ‡ç³»ä¸‹è½¬æ¢åˆ...
You may provide a definition with
\DeclareUnicodeCharacter 


f:/2. UAV/10. ReportSummary/chapter1/conclusion.tex:17: Package inputenc Error: Unicode character ä» (U+4ECE)
(inputenc)                not set up for use with LaTeX.

See the inputenc package documentation for explanation.
Type  H <return>  for immediate help.
 ...                                              
                                                  
l.17 ...éœ€è¦å°†å…¶ä»ä½ç½®çš„å¯¼æ•°å³é€Ÿåº¦ä»
                                                  ä½“åæ ‡ç³»ä¸‹è½¬æ¢åˆ°ve...
You may provide a definition with
\DeclareUnicodeCharacter 


f:/2. UAV/10. ReportSummary/chapter1/conclusion.tex:17: Package inputenc Error: Unicode character ä½“ (U+4F53)
(inputenc)                not set up for use with LaTeX.

See the inputenc package documentation for explanation.
Type  H <return>  for immediate help.
 ...                                              
                                                  
l.17 ...è¦å°†å…¶ä»ä½ç½®çš„å¯¼æ•°å³é€Ÿåº¦ä»ä½“
                                                  åæ ‡ç³»ä¸‹è½¬æ¢åˆ°vehic...
You may provide a definition with
\DeclareUnicodeCharacter 


f:/2. UAV/10. ReportSummary/chapter1/conclusion.tex:17: Package inputenc Error: Unicode character å (U+5750)
(inputenc)                not set up for use with LaTeX.

See the inputenc package documentation for explanation.
Type  H <return>  for immediate help.
 ...                                              
                                                  
l.17 ...å°†å…¶ä»ä½ç½®çš„å¯¼æ•°å³é€Ÿåº¦ä»ä½“å
                                                  æ ‡ç³»ä¸‹è½¬æ¢åˆ°vehicleå...
You may provide a definition with
\DeclareUnicodeCharacter 


f:/2. UAV/10. ReportSummary/chapter1/conclusion.tex:17: Package inputenc Error: Unicode character æ ‡ (U+6807)
(inputenc)                not set up for use with LaTeX.

See the inputenc package documentation for explanation.
Type  H <return>  for immediate help.
 ...                                              
                                                  
l.17 ...å…¶ä»ä½ç½®çš„å¯¼æ•°å³é€Ÿåº¦ä»ä½“åæ ‡
                                                  ç³»ä¸‹è½¬æ¢åˆ°vehicleåæ...
You may provide a definition with
\DeclareUnicodeCharacter 


f:/2. UAV/10. ReportSummary/chapter1/conclusion.tex:17: Package inputenc Error: Unicode character ç³» (U+7CFB)
(inputenc)                not set up for use with LaTeX.

See the inputenc package documentation for explanation.
Type  H <return>  for immediate help.
 ...                                              
                                                  
l.17 ...ä»ä½ç½®çš„å¯¼æ•°å³é€Ÿåº¦ä»ä½“åæ ‡ç³»
                                                  ä¸‹è½¬æ¢åˆ°vehicleåæ ‡ç...
You may provide a definition with
\DeclareUnicodeCharacter 


f:/2. UAV/10. ReportSummary/chapter1/conclusion.tex:17: Package inputenc Error: Unicode character ä¸‹ (U+4E0B)
(inputenc)                not set up for use with LaTeX.

See the inputenc package documentation for explanation.
Type  H <return>  for immediate help.
 ...                                              
                                                  
l.17 ...ä½ç½®çš„å¯¼æ•°å³é€Ÿåº¦ä»ä½“åæ ‡ç³»ä¸‹
                                                  è½¬æ¢åˆ°vehicleåæ ‡ç³»ä...
You may provide a definition with
\DeclareUnicodeCharacter 


f:/2. UAV/10. ReportSummary/chapter1/conclusion.tex:17: Package inputenc Error: Unicode character è½¬ (U+8F6C)
(inputenc)                not set up for use with LaTeX.

See the inputenc package documentation for explanation.
Type  H <return>  for immediate help.
 ...                                              
                                                  
l.17 ...ç½®çš„å¯¼æ•°å³é€Ÿåº¦ä»ä½“åæ ‡ç³»ä¸‹è½¬
                                                  æ¢åˆ°vehicleåæ ‡ç³»ä¸‹è...
You may provide a definition with
\DeclareUnicodeCharacter 


f:/2. UAV/10. ReportSummary/chapter1/conclusion.tex:17: Package inputenc Error: Unicode character æ¢ (U+6362)
(inputenc)                not set up for use with LaTeX.

See the inputenc package documentation for explanation.
Type  H <return>  for immediate help.
 ...                                              
                                                  
l.17 ...çš„å¯¼æ•°å³é€Ÿåº¦ä»ä½“åæ ‡ç³»ä¸‹è½¬æ¢
                                                  åˆ°vehicleåæ ‡ç³»ä¸‹è¿›è...
You may provide a definition with
\DeclareUnicodeCharacter 


f:/2. UAV/10. ReportSummary/chapter1/conclusion.tex:17: Package inputenc Error: Unicode character åˆ° (U+5230)
(inputenc)                not set up for use with LaTeX.

See the inputenc package documentation for explanation.
Type  H <return>  for immediate help.
 ...                                              
                                                  
l.17 ...å¯¼æ•°å³é€Ÿåº¦ä»ä½“åæ ‡ç³»ä¸‹è½¬æ¢åˆ°
                                                  vehicleåæ ‡ç³»ä¸‹è¿›è¡Œè...
You may provide a definition with
\DeclareUnicodeCharacter 

Missing character: There is no v in font nullfont!
Missing character: There is no e in font nullfont!
Missing character: There is no h in font nullfont!
Missing character: There is no i in font nullfont!
Missing character: There is no c in font nullfont!
Missing character: There is no l in font nullfont!
Missing character: There is no e in font nullfont!

f:/2. UAV/10. ReportSummary/chapter1/conclusion.tex:17: Package inputenc Error: Unicode character å (U+5750)
(inputenc)                not set up for use with LaTeX.

See the inputenc package documentation for explanation.
Type  H <return>  for immediate help.
 ...                                              
                                                  
l.17 ...€Ÿåº¦ä»ä½“åæ ‡ç³»ä¸‹è½¬æ¢åˆ°vehicleå
                                                  æ ‡ç³»ä¸‹è¿›è¡Œè®¡ç®—.
You may provide a definition with
\DeclareUnicodeCharacter 


f:/2. UAV/10. ReportSummary/chapter1/conclusion.tex:17: Package inputenc Error: Unicode character æ ‡ (U+6807)
(inputenc)                not set up for use with LaTeX.

See the inputenc package documentation for explanation.
Type  H <return>  for immediate help.
 ...                                              
                                                  
l.17 ...º¦ä»ä½“åæ ‡ç³»ä¸‹è½¬æ¢åˆ°vehicleåæ ‡
                                                  ç³»ä¸‹è¿›è¡Œè®¡ç®—.
You may provide a definition with
\DeclareUnicodeCharacter 


f:/2. UAV/10. ReportSummary/chapter1/conclusion.tex:17: Package inputenc Error: Unicode character ç³» (U+7CFB)
(inputenc)                not set up for use with LaTeX.

See the inputenc package documentation for explanation.
Type  H <return>  for immediate help.
 ...                                              
                                                  
l.17 ...»ä½“åæ ‡ç³»ä¸‹è½¬æ¢åˆ°vehicleåæ ‡ç³»
                                                  ä¸‹è¿›è¡Œè®¡ç®—.
You may provide a definition with
\DeclareUnicodeCharacter 


f:/2. UAV/10. ReportSummary/chapter1/conclusion.tex:17: Package inputenc Error: Unicode character ä¸‹ (U+4E0B)
(inputenc)                not set up for use with LaTeX.

See the inputenc package documentation for explanation.
Type  H <return>  for immediate help.
 ...                                              
                                                  
l.17 ...½“åæ ‡ç³»ä¸‹è½¬æ¢åˆ°vehicleåæ ‡ç³»ä¸‹
                                                  è¿›è¡Œè®¡ç®—.
You may provide a definition with
\DeclareUnicodeCharacter 


f:/2. UAV/10. ReportSummary/chapter1/conclusion.tex:17: Package inputenc Error: Unicode character è¿› (U+8FDB)
(inputenc)                not set up for use with LaTeX.

See the inputenc package documentation for explanation.
Type  H <return>  for immediate help.
 ...                                              
                                                  
l.17 ...æ ‡ç³»ä¸‹è½¬æ¢åˆ°vehicleåæ ‡ç³»ä¸‹è¿›
                                                  è¡Œè®¡ç®—.
You may provide a definition with
\DeclareUnicodeCharacter 


f:/2. UAV/10. ReportSummary/chapter1/conclusion.tex:17: Package inputenc Error: Unicode character è¡Œ (U+884C)
(inputenc)                not set up for use with LaTeX.

See the inputenc package documentation for explanation.
Type  H <return>  for immediate help.
 ...                                              
                                                  
l.17 ... ‡ç³»ä¸‹è½¬æ¢åˆ°vehicleåæ ‡ç³»ä¸‹è¿›è¡Œ
                                                  è®¡ç®—.
You may provide a definition with
\DeclareUnicodeCharacter 


f:/2. UAV/10. ReportSummary/chapter1/conclusion.tex:17: Package inputenc Error: Unicode character è®¡ (U+8BA1)
(inputenc)                not set up for use with LaTeX.

See the inputenc package documentation for explanation.
Type  H <return>  for immediate help.
 ...                                              
                                                  
l.17 ...³»ä¸‹è½¬æ¢åˆ°vehicleåæ ‡ç³»ä¸‹è¿›è¡Œè®¡
                                                  ç®—.
You may provide a definition with
\DeclareUnicodeCharacter 


f:/2. UAV/10. ReportSummary/chapter1/conclusion.tex:17: Package inputenc Error: Unicode character ç®— (U+7B97)
(inputenc)                not set up for use with LaTeX.

See the inputenc package documentation for explanation.
Type  H <return>  for immediate help.
 ...                                              
                                                  
l.17 ...¸‹è½¬æ¢åˆ°vehicleåæ ‡ç³»ä¸‹è¿›è¡Œè®¡ç®—
                                                  .
You may provide a definition with
\DeclareUnicodeCharacter 

Missing character: There is no . in font nullfont!

f:/2. UAV/10. ReportSummary/chapter1/conclusion.tex:18: Package inputenc Error: Unicode character å›  (U+56E0)
(inputenc)                not set up for use with LaTeX.

See the inputenc package documentation for explanation.
Type  H <return>  for immediate help.
 ...                                              
                                                  
l.18         å› 
                ä¸ºä½ç½®æ˜¯NED, å±äºæƒ¯æ€§åæ ‡ç³»ä¸‹çš„å€¼, é‚£ä¹ˆé€Ÿåº...
You may provide a definition with
\DeclareUnicodeCharacter 


f:/2. UAV/10. ReportSummary/chapter1/conclusion.tex:18: Package inputenc Error: Unicode character ä¸º (U+4E3A)
(inputenc)                not set up for use with LaTeX.

See the inputenc package documentation for explanation.
Type  H <return>  for immediate help.
 ...                                              
                                                  
l.18         å› ä¸º
                   ä½ç½®æ˜¯NED, å±äºæƒ¯æ€§åæ ‡ç³»ä¸‹çš„å€¼, é‚£ä¹ˆé€Ÿåº...
You may provide a definition with
\DeclareUnicodeCharacter 


f:/2. UAV/10. ReportSummary/chapter1/conclusion.tex:18: Package inputenc Error: Unicode character ä½ (U+4F4D)
(inputenc)                not set up for use with LaTeX.

See the inputenc package documentation for explanation.
Type  H <return>  for immediate help.
 ...                                              
                                                  
l.18         å› ä¸ºä½
                      ç½®æ˜¯NED, å±äºæƒ¯æ€§åæ ‡ç³»ä¸‹çš„å€¼, é‚£ä¹ˆé€Ÿåº...
You may provide a definition with
\DeclareUnicodeCharacter 


f:/2. UAV/10. ReportSummary/chapter1/conclusion.tex:18: Package inputenc Error: Unicode character ç½® (U+7F6E)
(inputenc)                not set up for use with LaTeX.

See the inputenc package documentation for explanation.
Type  H <return>  for immediate help.
 ...                                              
                                                  
l.18         å› ä¸ºä½ç½®
                         æ˜¯NED, å±äºæƒ¯æ€§åæ ‡ç³»ä¸‹çš„å€¼, é‚£ä¹ˆé€Ÿåº...
You may provide a definition with
\DeclareUnicodeCharacter 


f:/2. UAV/10. ReportSummary/chapter1/conclusion.tex:18: Package inputenc Error: Unicode character æ˜¯ (U+662F)
(inputenc)                not set up for use with LaTeX.

See the inputenc package documentation for explanation.
Type  H <return>  for immediate help.
 ...                                              
                                                  
l.18         å› ä¸ºä½ç½®æ˜¯
                            NED, å±äºæƒ¯æ€§åæ ‡ç³»ä¸‹çš„å€¼, é‚£ä¹ˆé€Ÿåº...
(That makes 100 errors; please try again.) 
Here is how much of TeX's memory you used:
 87 strings out of 480608
 1188 string characters out of 5892806
 239604 words of memory out of 5000000
 16078 multiletter control sequences out of 15000+600000
 532338 words of font info for 24 fonts, out of 8000000 for 9000
 1141 hyphenation exceptions out of 8191
 18i,2n,15p,464b,73s stack positions out of 5000i,500n,10000p,200000b,80000s

f:/2. UAV/10. ReportSummary/chapter1/conclusion.tex:18:  ==> Fatal error occurred, no output PDF file produced!
