\BOOKMARK [1][-]{section.1}{\376\377\176\352\213\272}{}% 1
\BOOKMARK [2][-]{subsection.1.1}{\376\377\170\024\172\166\200\314\146\157\123\312\141\017\116\111}{section.1}% 2
\BOOKMARK [2][-]{subsection.1.2}{\376\377\126\375\121\205\131\026\170\024\172\166\163\260\162\266}{section.1}% 3
\BOOKMARK [3][-]{subsubsection.1.2.1}{\376\377\126\372\133\232\177\374\166\204\170\024\172\166\163\260\162\266}{subsection.1.2}% 4
\BOOKMARK [3][-]{subsubsection.1.2.2}{\376\377\126\372\133\232\177\374\201\352\116\073\177\026\226\037\230\336\210\114\170\024\172\166\163\260\162\266}{subsection.1.2}% 5
\BOOKMARK [1][-]{section.2}{\376\377\000F\000i\000x\000e\000d\000\040\000W\000i\000n\000g\000\040\000U\000A\000V\000\040\000C\000o\000n\000t\000r\000o\000l\000\040\000A\000r\000c\000h\000i\000t\000e\000c\000t\000u\000r\000e}{}% 6
\BOOKMARK [2][-]{subsection.2.1}{\376\377\000C\000o\000n\000t\000r\000o\000l\000\040\000A\000r\000c\000h\000i\000t\000e\000c\000t\000u\000r\000e\000\040\000O\000v\000e\000r\000v\000i\000e\000w}{section.2}% 7
\BOOKMARK [2][-]{subsection.2.2}{\376\377\000n\000a\000v\000i\000g\000a\000t\000o\000r}{section.2}% 8
\BOOKMARK [2][-]{subsection.2.3}{\376\377\000p\000o\000s\000i\000t\000i\000o\000n\000\040\000c\000o\000n\000t\000r\000o\000l\000l\000e\000r}{section.2}% 9
\BOOKMARK [2][-]{subsection.2.4}{\376\377\000a\000t\000t\000i\000t\000u\000d\000e\000\040\000c\000o\000n\000t\000r\000o\000l\000l\000e\000r}{section.2}% 10
\BOOKMARK [1][-]{section.3}{\376\377\000U\000A\000V\000s\000\040\000F\000o\000r\000m\000a\000t\000i\000o\000n\000\040\000A\000l\000g\000o\000r\000i\000t\000h\000m\000s}{}% 11
\BOOKMARK [2][-]{subsection.3.1}{\376\377\000A\000l\000g\000o\000r\000i\000t\000h\000m\000s\000\040\000o\000v\000e\000r\000v\000i\000e\000w}{section.3}% 12
\BOOKMARK [2][-]{subsection.3.2}{\376\377\000l\000e\000a\000d\000e\000r}{section.3}% 13
\BOOKMARK [2][-]{subsection.3.3}{\376\377\000f\000o\000l\000l\000o\000w\000e\000r\000s}{section.3}% 14
\BOOKMARK [1][-]{section.4}{\376\377\000S\000o\000f\000t\000w\000a\000r\000e\000\040\000I\000n\000\040\000t\000h\000e\000\040\000L\000o\000o\000p\000\040\000\050\000S\000I\000T\000L\000\051\000\040\000s\000i\000m\000u\000l\000a\000t\000i\000o\000n}{}% 15
\BOOKMARK [2][-]{subsection.4.1}{\376\377\145\164\117\123\150\106\126\376}{section.4}% 16
\BOOKMARK [2][-]{subsection.4.2}{\376\377\000R\000O\000S}{section.4}% 17
\BOOKMARK [2][-]{subsection.4.3}{\376\377\000g\000a\000z\000e\000b\000o}{section.4}% 18
\BOOKMARK [2][-]{subsection.4.4}{\376\377\000Q\000G\000r\000o\000u\000n\000d\000\040\000C\000o\000n\000t\000r\000o\000l}{section.4}% 19
\BOOKMARK [2][-]{subsection.4.5}{\376\377\000D\000a\000t\000a\000\040\000F\000l\000o\000w}{section.4}% 20
\BOOKMARK [1][-]{section.5}{\376\377\000H\000a\000r\000d\000w\000a\000r\000e\000\040\000I\000n\000\040\000t\000h\000e\000\040\000L\000o\000o\000p\000\040\000\050\000H\000I\000T\000L\000\051\000\040\000s\000i\000m\000u\000l\000a\000t\000i\000o\000n}{}% 21
\BOOKMARK [2][-]{subsection.5.1}{\376\377\145\164\117\123\150\106\126\376}{section.5}% 22
\BOOKMARK [2][-]{subsection.5.2}{\376\377\230\336\143\247}{section.5}% 23
\BOOKMARK [2][-]{subsection.5.3}{\376\377\150\021\203\223\155\076}{section.5}% 24
\BOOKMARK [2][-]{subsection.5.4}{\376\377\000Q\000G\000C}{section.5}% 25
\BOOKMARK [2][-]{subsection.5.5}{\376\377\000X\000-\000p\000l\000a\000n\000e}{section.5}% 26
\BOOKMARK [2][-]{subsection.5.6}{\376\377\000D\000a\000t\000a\000\040\000F\000l\000o\000w}{section.5}% 27
\BOOKMARK [1][-]{section.6}{\376\377\000S\000i\000m\000u\000l\000a\000t\000i\000o\000n}{}% 28
\BOOKMARK [1][-]{section.7}{\376\377\000C\000o\000n\000c\000l\000u\000s\000i\000o\000n}{}% 29
\BOOKMARK [1][-]{section.8}{\376\377\000r\000e\000f\000e\000r\000e\000n\000c\000e}{}% 30
