This is pdfTeX, Version 3.14159265-2.6-1.40.21 (TeX Live 2020/W32TeX) (preloaded format=pdflatex 2020.5.11)  21 JUN 2020 11:43
entering extended mode
 restricted \write18 enabled.
 file:line:error style messages enabled.
 %&-line parsing enabled.
**"e:/20. ÊñáÁåÆ/words/Êú∫Âô®Â≠¶‰π†/Êú∫Âô®Â≠¶‰π†.tex"
(e:/20. ÊñáÁåÆ/words/Êú∫Âô®Â≠¶‰π†/Êú∫Âô®Â≠¶‰π†.tex
LaTeX2e <2020-02-02> patch level 5
L3 programming layer <2020-03-06> (d:/InstallSoftware/TexmakerLiver/texlive/2020/texmf-dist/tex/latex/ctex/ctexart.cls (d:/InstallSoftware/TexmakerLiver/texlive/2020/texmf-dist/tex/latex/l3kernel/expl3.sty
Package: expl3 2020-03-06 L3 programming layer (loader) 
 (d:/InstallSoftware/TexmakerLiver/texlive/2020/texmf-dist/tex/latex/l3backend/l3backend-pdfmode.def
File: l3backend-pdfmode.def 2020-03-12 L3 backend support: PDF mode
\l__kernel_color_stack_int=\count167
\l__pdf_internal_box=\box45
))
Document Class: ctexart 2019/05/29 v2.4.16 Chinese adapter for class article (CTEX)
(d:/InstallSoftware/TexmakerLiver/texlive/2020/texmf-dist/tex/latex/l3packages/xparse/xparse.sty
Package: xparse 2020-03-06 L3 Experimental document command parser
\l__xparse_current_arg_int=\count168
\g__xparse_grabber_int=\count169
\l__xparse_m_args_int=\count170
\l__xparse_v_nesting_int=\count171
) (d:/InstallSoftware/TexmakerLiver/texlive/2020/texmf-dist/tex/latex/l3packages/l3keys2e/l3keys2e.sty
Package: l3keys2e 2020-03-06 LaTeX2e option processing using LaTeX3 keys
) (d:/InstallSoftware/TexmakerLiver/texlive/2020/texmf-dist/tex/latex/ctex/ctexhook.sty
Package: ctexhook 2019/05/29 v2.4.16 Document and package hooks (CTEX)
) (d:/InstallSoftware/TexmakerLiver/texlive/2020/texmf-dist/tex/latex/ctex/ctexpatch.sty
Package: ctexpatch 2019/05/29 v2.4.16 Patching commands (CTEX)
) (d:/InstallSoftware/TexmakerLiver/texlive/2020/texmf-dist/tex/latex/base/fix-cm.sty
Package: fix-cm 2015/01/14 v1.1t fixes to LaTeX
 (d:/InstallSoftware/TexmakerLiver/texlive/2020/texmf-dist/tex/latex/base/ts1enc.def
File: ts1enc.def 2001/06/05 v3.0e (jk/car/fm) Standard LaTeX file
LaTeX Font Info:    Redeclaring font encoding TS1 on input line 47.
)) (d:/InstallSoftware/TexmakerLiver/texlive/2020/texmf-dist/tex/latex/ms/everysel.sty
Package: everysel 2011/10/28 v1.2 EverySelectfont Package (MS)
)
\l__ctex_tmp_int=\count172
\l__ctex_tmp_box=\box46
\l__ctex_tmp_dim=\dimen134
\g__ctex_section_depth_int=\count173
\g__ctex_font_size_int=\count174
 (d:/InstallSoftware/TexmakerLiver/texlive/2020/texmf-dist/tex/latex/ctex/config/ctexopts.cfg
File: ctexopts.cfg 2019/05/29 v2.4.16 Option configuration file (CTEX)
) (d:/InstallSoftware/TexmakerLiver/texlive/2020/texmf-dist/tex/latex/base/article.cls
Document Class: article 2019/12/20 v1.4l Standard LaTeX document class
(d:/InstallSoftware/TexmakerLiver/texlive/2020/texmf-dist/tex/latex/base/size10.clo
File: size10.clo 2019/12/20 v1.4l Standard LaTeX file (size option)
)
\c@part=\count175
\c@section=\count176
\c@subsection=\count177
\c@subsubsection=\count178
\c@paragraph=\count179
\c@subparagraph=\count180
\c@figure=\count181
\c@table=\count182
\abovecaptionskip=\skip47
\belowcaptionskip=\skip48
\bibindent=\dimen135
) (d:/InstallSoftware/TexmakerLiver/texlive/2020/texmf-dist/tex/latex/ctex/engine/ctex-engine-pdftex.def
File: ctex-engine-pdftex.def 2019/05/29 v2.4.16 (pdf)LaTeX adapter (CTEX)
 (d:/InstallSoftware/TexmakerLiver/texlive/2020/texmf-dist/tex/latex/cjk/texinput/CJKutf8.sty
Package: CJKutf8 2015/04/18 4.8.4
 (d:/InstallSoftware/TexmakerLiver/texlive/2020/texmf-dist/tex/generic/iftex/ifpdf.sty
Package: ifpdf 2019/10/25 v3.4 ifpdf legacy package. Use iftex instead.
 (d:/InstallSoftware/TexmakerLiver/texlive/2020/texmf-dist/tex/generic/iftex/iftex.sty
Package: iftex 2020/03/06 v1.0d TeX engine tests
)) (d:/InstallSoftware/TexmakerLiver/texlive/2020/texmf-dist/tex/latex/base/inputenc.sty
Package: inputenc 2018/08/11 v1.3c Input encoding file
\inpenc@prehook=\toks15
\inpenc@posthook=\toks16
) (d:/InstallSoftware/TexmakerLiver/texlive/2020/texmf-dist/tex/latex/cjk/texinput/CJK.sty
Package: CJK 2015/04/18 4.8.4
 (d:/InstallSoftware/TexmakerLiver/texlive/2020/texmf-dist/tex/latex/cjk/texinput/mule/MULEenc.sty
Package: MULEenc 2015/04/18 4.8.4
) (d:/InstallSoftware/TexmakerLiver/texlive/2020/texmf-dist/tex/latex/cjk/texinput/CJK.enc
File: CJK.enc 2015/04/18 4.8.4
Now handling font encoding C00 ...
... no UTF-8 mapping file for font encoding C00
Now handling font encoding C05 ...
... no UTF-8 mapping file for font encoding C05
Now handling font encoding C09 ...
... no UTF-8 mapping file for font encoding C09
Now handling font encoding C10 ...
... no UTF-8 mapping file for font encoding C10
Now handling font encoding C20 ...
... no UTF-8 mapping file for font encoding C20
Now handling font encoding C19 ...
... no UTF-8 mapping file for font encoding C19
Now handling font encoding C40 ...
... no UTF-8 mapping file for font encoding C40
Now handling font encoding C42 ...
... no UTF-8 mapping file for font encoding C42
Now handling font encoding C43 ...
... no UTF-8 mapping file for font encoding C43
Now handling font encoding C50 ...
... no UTF-8 mapping file for font encoding C50
Now handling font encoding C52 ...
... no UTF-8 mapping file for font encoding C52
Now handling font encoding C49 ...
... no UTF-8 mapping file for font encoding C49
Now handling font encoding C60 ...
... no UTF-8 mapping file for font encoding C60
Now handling font encoding C61 ...
... no UTF-8 mapping file for font encoding C61
Now handling font encoding C63 ...
... no UTF-8 mapping file for font encoding C63
Now handling font encoding C64 ...
... no UTF-8 mapping file for font encoding C64
Now handling font encoding C65 ...
... no UTF-8 mapping file for font encoding C65
Now handling font encoding C70 ...
... no UTF-8 mapping file for font encoding C70
Now handling font encoding C31 ...
... no UTF-8 mapping file for font encoding C31
Now handling font encoding C32 ...
... no UTF-8 mapping file for font encoding C32
Now handling font encoding C33 ...
... no UTF-8 mapping file for font encoding C33
Now handling font encoding C34 ...
... no UTF-8 mapping file for font encoding C34
Now handling font encoding C35 ...
... no UTF-8 mapping file for font encoding C35
Now handling font encoding C36 ...
... no UTF-8 mapping file for font encoding C36
Now handling font encoding C37 ...
... no UTF-8 mapping file for font encoding C37
Now handling font encoding C80 ...
... no UTF-8 mapping file for font encoding C80
Now handling font encoding C81 ...
... no UTF-8 mapping file for font encoding C81
Now handling font encoding C01 ...
... no UTF-8 mapping file for font encoding C01
Now handling font encoding C11 ...
... no UTF-8 mapping file for font encoding C11
Now handling font encoding C21 ...
... no UTF-8 mapping file for font encoding C21
Now handling font encoding C41 ...
... no UTF-8 mapping file for font encoding C41
Now handling font encoding C62 ...
... no UTF-8 mapping file for font encoding C62
)
LaTeX Info: Redefining \selectfont on input line 755.
\CJK@indent=\box47
) (d:/InstallSoftware/TexmakerLiver/texlive/2020/texmf-dist/tex/latex/base/fontenc.sty
Package: fontenc 2020/02/11 v2.0o Standard LaTeX package
)) (d:/InstallSoftware/TexmakerLiver/texlive/2020/texmf-dist/tex/latex/cjkpunct/CJKpunct.sty
Package: CJKpunct 2016/05/14 4.8.4
\CJKpunct@cnta=\count183
\CJKpunct@cntb=\count184
\CJKpunct@cntc=\count185
\CJKpunct@cntd=\count186
\CJKpunct@cnte=\count187
   defining Unicode char U+2018 (decimal 8216)
   defining Unicode char U+2019 (decimal 8217)
   defining Unicode char U+201C (decimal 8220)
   defining Unicode char U+201D (decimal 8221)
   defining Unicode char U+2014 (decimal 8212)
   defining Unicode char U+2026 (decimal 8230)
 (d:/InstallSoftware/TexmakerLiver/texlive/2020/texmf-dist/tex/latex/cjkpunct/CJKpunct.spa)) (d:/InstallSoftware/TexmakerLiver/texlive/2020/texmf-dist/tex/latex/cjk/texinput/CJKspace.sty
Package: CJKspace 2015/04/18 3.8.0
) (d:/InstallSoftware/TexmakerLiver/texlive/2020/texmf-dist/tex/latex/ctex/ctexspa.def
File: ctexspa.def 2019/05/29 v2.4.16 Space info for CJKpunct (CTEX)
) (d:/InstallSoftware/TexmakerLiver/texlive/2020/texmf-dist/tex/latex/cjk/texinput/CJKfntef.sty
Package: CJKfntef 2015/04/18 4.8.4
 (d:/InstallSoftware/TexmakerLiver/texlive/2020/texmf-dist/tex/latex/cjk/texinput/CJKulem.sty
Package: CJKulem 2015/04/18 4.8.4
 (d:/InstallSoftware/TexmakerLiver/texlive/2020/texmf-dist/tex/generic/ulem/ulem.sty
\UL@box=\box48
\UL@hyphenbox=\box49
\UL@skip=\skip49
\UL@hook=\toks17
\UL@height=\dimen136
\UL@pe=\count188
\UL@pixel=\dimen137
\ULC@box=\box50
Package: ulem 2019/11/18
\ULdepth=\dimen138
)
\UL@lastkern=\dimen139
\CJK@skip=\skip50
)
\CJK@fntefSkip=\skip51
\CJK@nest=\count189
\CJK@fntefDimen=\dimen140
\CJK@underdotBox=\box51
\CJK@ULbox=\box52
\CJK@underanyskip=\dimen141
)
\ccwd=\dimen142
\l__ctex_ccglue_skip=\skip52
)
\l__ctex_ziju_dim=\dimen143
 (d:/InstallSoftware/TexmakerLiver/texlive/2020/texmf-dist/tex/latex/zhnumber/zhnumber.sty
Package: zhnumber 2019/04/07 v2.7 Typesetting numbers with Chinese glyphs
\l__zhnum_scale_int=\count190
\l__zhnum_byte_min_int=\count191
\l__zhnum_byte_max_int=\count192
 (d:/InstallSoftware/TexmakerLiver/texlive/2020/texmf-dist/tex/latex/zhnumber/zhnumber-utf8.cfg
File: zhnumber-utf8.cfg 2019/04/07 v2.7 Chinese numerals with UTF8 encoding
))
\l__ctex_heading_skip=\skip53
 (d:/InstallSoftware/TexmakerLiver/texlive/2020/texmf-dist/tex/latex/ctex/scheme/ctex-scheme-chinese-article.def
File: ctex-scheme-chinese-article.def 2019/05/29 v2.4.16 Chinese scheme for article (CTEX)
 (d:/InstallSoftware/TexmakerLiver/texlive/2020/texmf-dist/tex/latex/ctex/config/ctex-name-utf8.cfg
File: ctex-name-utf8.cfg 2019/05/29 v2.4.16 Caption with encoding UTF8 (CTEX)
)) (d:/InstallSoftware/TexmakerLiver/texlive/2020/texmf-dist/tex/latex/ctex/fontset/ctex-fontset-windows.def
File: ctex-fontset-windows.def 2019/05/29 v2.4.16 Windows fonts definition (CTEX)
 (d:/InstallSoftware/TexmakerLiver/texlive/2020/texmf-dist/tex/latex/ctex/fontset/ctex-fontset-windowsnew.def
File: ctex-fontset-windowsnew.def 2019/05/29 v2.4.16 Windows fonts definition for Vista or later version (CTEX)
 (d:/InstallSoftware/TexmakerLiver/texlive/2020/texmf-dist/tex/generic/ctex/zhwindowsfonts.tex
File: zhwindowsfonts.tex 2019/05/29 v2.4.16 Windows font map loader for pdfTeX and DVIPDFMx (CTEX)
{d:/InstallSoftware/TexmakerLiver/texlive/2020/texmf-var/fonts/map/pdftex/updmap/pdftex.map}{UGBK.sfd}{Unicode.sfd})))) (d:/InstallSoftware/TexmakerLiver/texlive/2020/texmf-dist/tex/latex/ctex/config/ctex.cfg
File: ctex.cfg 2019/05/29 v2.4.16 Configuration file (CTEX)
) (d:/InstallSoftware/TexmakerLiver/texlive/2020/texmf-dist/tex/latex/geometry/geometry.sty
Package: geometry 2020/01/02 v5.9 Page Geometry
 (d:/InstallSoftware/TexmakerLiver/texlive/2020/texmf-dist/tex/latex/graphics/keyval.sty
Package: keyval 2014/10/28 v1.15 key=value parser (DPC)
\KV@toks@=\toks18
) (d:/InstallSoftware/TexmakerLiver/texlive/2020/texmf-dist/tex/generic/iftex/ifvtex.sty
Package: ifvtex 2019/10/25 v1.7 ifvtex legacy package. Use iftex instead.
)
\Gm@cnth=\count193
\Gm@cntv=\count194
\c@Gm@tempcnt=\count195
\Gm@bindingoffset=\dimen144
\Gm@wd@mp=\dimen145
\Gm@odd@mp=\dimen146
\Gm@even@mp=\dimen147
\Gm@layoutwidth=\dimen148
\Gm@layoutheight=\dimen149
\Gm@layouthoffset=\dimen150
\Gm@layoutvoffset=\dimen151
\Gm@dimlist=\toks19
)

Package ctex Warning: Command \CTEXsetup is deprecated.
(ctex)                \ctexset { section = { format={\Large \bfseries } } } is
(ctex)                set.

(d:/InstallSoftware/TexmakerLiver/texlive/2020/texmf-dist/tex/latex/titlesec/titlesec.sty
Package: titlesec 2019/10/16 v2.13 Sectioning titles
\ttl@box=\box53
\beforetitleunit=\skip54
\aftertitleunit=\skip55
\ttl@plus=\dimen152
\ttl@minus=\dimen153
\ttl@toksa=\toks20
\titlewidth=\dimen154
\titlewidthlast=\dimen155
\titlewidthfirst=\dimen156
) (d:/InstallSoftware/TexmakerLiver/texlive/2020/texmf-dist/tex/latex/sttools/stfloats.sty
Package: stfloats 2017/03/27 v3.3 Improve float mechanism and baselineskip settings
\@dblbotnum=\count196
\c@dblbotnumber=\count197
) (d:/InstallSoftware/TexmakerLiver/texlive/2020/texmf-dist/tex/latex/setspace/setspace.sty
Package: setspace 2011/12/19 v6.7a set line spacing
) (d:/InstallSoftware/TexmakerLiver/texlive/2020/texmf-dist/tex/latex/xcolor/xcolor.sty
Package: xcolor 2016/05/11 v2.12 LaTeX color extensions (UK)
 (d:/InstallSoftware/TexmakerLiver/texlive/2020/texmf-dist/tex/latex/graphics-cfg/color.cfg
File: color.cfg 2016/01/02 v1.6 sample color configuration
)
Package xcolor Info: Driver file: pdftex.def on input line 225.
 (d:/InstallSoftware/TexmakerLiver/texlive/2020/texmf-dist/tex/latex/graphics-def/pdftex.def
File: pdftex.def 2018/01/08 v1.0l Graphics/color driver for pdftex
)
Package xcolor Info: Model `cmy' substituted by `cmy0' on input line 1348.
Package xcolor Info: Model `hsb' substituted by `rgb' on input line 1352.
Package xcolor Info: Model `RGB' extended on input line 1364.
Package xcolor Info: Model `HTML' substituted by `rgb' on input line 1366.
Package xcolor Info: Model `Hsb' substituted by `hsb' on input line 1367.
Package xcolor Info: Model `tHsb' substituted by `hsb' on input line 1368.
Package xcolor Info: Model `HSB' substituted by `hsb' on input line 1369.
Package xcolor Info: Model `Gray' substituted by `gray' on input line 1370.
Package xcolor Info: Model `wave' substituted by `hsb' on input line 1371.
) (d:/InstallSoftware/TexmakerLiver/texlive/2020/texmf-dist/tex/latex/mdframed/mdframed.sty
Package: mdframed 2013/07/01 1.9b: mdframed
 (d:/InstallSoftware/TexmakerLiver/texlive/2020/texmf-dist/tex/latex/kvoptions/kvoptions.sty
Package: kvoptions 2019/11/29 v3.13 Key value format for package options (HO)
 (d:/InstallSoftware/TexmakerLiver/texlive/2020/texmf-dist/tex/generic/ltxcmds/ltxcmds.sty
Package: ltxcmds 2019/12/15 v1.24 LaTeX kernel commands for general use (HO)
) (d:/InstallSoftware/TexmakerLiver/texlive/2020/texmf-dist/tex/generic/kvsetkeys/kvsetkeys.sty
Package: kvsetkeys 2019/12/15 v1.18 Key value parser (HO)
)) (d:/InstallSoftware/TexmakerLiver/texlive/2020/texmf-dist/tex/latex/etoolbox/etoolbox.sty
Package: etoolbox 2019/09/21 v2.5h e-TeX tools for LaTeX (JAW)
\etb@tempcnta=\count198
) (d:/InstallSoftware/TexmakerLiver/texlive/2020/texmf-dist/tex/latex/zref/zref-abspage.sty
Package: zref-abspage 2020-03-03 v2.29 Module abspage for zref (HO)
 (d:/InstallSoftware/TexmakerLiver/texlive/2020/texmf-dist/tex/latex/zref/zref-base.sty
Package: zref-base 2020-03-03 v2.29 Module base for zref (HO)
 (d:/InstallSoftware/TexmakerLiver/texlive/2020/texmf-dist/tex/generic/infwarerr/infwarerr.sty
Package: infwarerr 2019/12/03 v1.5 Providing info/warning/error messages (HO)
) (d:/InstallSoftware/TexmakerLiver/texlive/2020/texmf-dist/tex/generic/kvdefinekeys/kvdefinekeys.sty
Package: kvdefinekeys 2019-12-19 v1.6 Define keys (HO)
) (d:/InstallSoftware/TexmakerLiver/texlive/2020/texmf-dist/tex/latex/pdftexcmds/pdftexcmds.sty
Package: pdftexcmds 2019/11/24 v0.31 Utility functions of pdfTeX for LuaTeX (HO)
Package pdftexcmds Info: \pdf@primitive is available.
Package pdftexcmds Info: \pdf@ifprimitive is available.
Package pdftexcmds Info: \pdfdraftmode found.
) (d:/InstallSoftware/TexmakerLiver/texlive/2020/texmf-dist/tex/generic/etexcmds/etexcmds.sty
Package: etexcmds 2019/12/15 v1.7 Avoid name clashes with e-TeX commands (HO)
) (d:/InstallSoftware/TexmakerLiver/texlive/2020/texmf-dist/tex/latex/auxhook/auxhook.sty
Package: auxhook 2019-12-17 v1.6 Hooks for auxiliary files (HO)
)
Package zref Info: New property list: main on input line 763.
Package zref Info: New property: default on input line 764.
Package zref Info: New property: page on input line 765.
) (d:/InstallSoftware/TexmakerLiver/texlive/2020/texmf-dist/tex/generic/atbegshi/atbegshi.sty
Package: atbegshi 2019/12/05 v1.19 At begin shipout hook (HO)
)
\c@abspage=\count199
Package zref Info: New property: abspage on input line 66.
) (d:/InstallSoftware/TexmakerLiver/texlive/2020/texmf-dist/tex/latex/needspace/needspace.sty
Package: needspace 2010/09/12 v1.3d reserve vertical space
)
\mdf@templength=\skip56
\c@mdf@globalstyle@cnt=\count266
\mdf@skipabove@length=\skip57
\mdf@skipbelow@length=\skip58
\mdf@leftmargin@length=\skip59
\mdf@rightmargin@length=\skip60
\mdf@innerleftmargin@length=\skip61
\mdf@innerrightmargin@length=\skip62
\mdf@innertopmargin@length=\skip63
\mdf@innerbottommargin@length=\skip64
\mdf@splittopskip@length=\skip65
\mdf@splitbottomskip@length=\skip66
\mdf@outermargin@length=\skip67
\mdf@innermargin@length=\skip68
\mdf@linewidth@length=\skip69
\mdf@innerlinewidth@length=\skip70
\mdf@middlelinewidth@length=\skip71
\mdf@outerlinewidth@length=\skip72
\mdf@roundcorner@length=\skip73
\mdf@footenotedistance@length=\skip74
\mdf@userdefinedwidth@length=\skip75
\mdf@needspace@length=\skip76
\mdf@frametitleaboveskip@length=\skip77
\mdf@frametitlebelowskip@length=\skip78
\mdf@frametitlerulewidth@length=\skip79
\mdf@frametitleleftmargin@length=\skip80
\mdf@frametitlerightmargin@length=\skip81
\mdf@shadowsize@length=\skip82
\mdf@extratopheight@length=\skip83
\mdf@subtitleabovelinewidth@length=\skip84
\mdf@subtitlebelowlinewidth@length=\skip85
\mdf@subtitleaboveskip@length=\skip86
\mdf@subtitlebelowskip@length=\skip87
\mdf@subtitleinneraboveskip@length=\skip88
\mdf@subtitleinnerbelowskip@length=\skip89
\mdf@subsubtitleabovelinewidth@length=\skip90
\mdf@subsubtitlebelowlinewidth@length=\skip91
\mdf@subsubtitleaboveskip@length=\skip92
\mdf@subsubtitlebelowskip@length=\skip93
\mdf@subsubtitleinneraboveskip@length=\skip94
\mdf@subsubtitleinnerbelowskip@length=\skip95
 (d:/InstallSoftware/TexmakerLiver/texlive/2020/texmf-dist/tex/latex/mdframed/md-frame-0.mdf
File: md-frame-0.mdf 2013/07/01\ 1.9b: md-frame-0
)
\mdf@frametitlebox=\box54
\mdf@footnotebox=\box55
\mdf@splitbox@one=\box56
\mdf@splitbox@two=\box57
\mdf@splitbox@save=\box58
\mdfsplitboxwidth=\skip96
\mdfsplitboxtotalwidth=\skip97
\mdfsplitboxheight=\skip98
\mdfsplitboxdepth=\skip99
\mdfsplitboxtotalheight=\skip100
\mdfframetitleboxwidth=\skip101
\mdfframetitleboxtotalwidth=\skip102
\mdfframetitleboxheight=\skip103
\mdfframetitleboxdepth=\skip104
\mdfframetitleboxtotalheight=\skip105
\mdffootnoteboxwidth=\skip106
\mdffootnoteboxtotalwidth=\skip107
\mdffootnoteboxheight=\skip108
\mdffootnoteboxdepth=\skip109
\mdffootnoteboxtotalheight=\skip110
\mdftotallinewidth=\skip111
\mdfboundingboxwidth=\skip112
\mdfboundingboxtotalwidth=\skip113
\mdfboundingboxheight=\skip114
\mdfboundingboxdepth=\skip115
\mdfboundingboxtotalheight=\skip116
\mdf@freevspace@length=\skip117
\mdf@horizontalwidthofbox@length=\skip118
\mdf@verticalmarginwhole@length=\skip119
\mdf@horizontalspaceofbox=\skip120
\mdfsubtitleheight=\skip121
\mdfsubsubtitleheight=\skip122
\c@mdfcountframes=\count267

****** mdframed patching \endmdf@trivlist

****** -- success******

\mdf@envdepth=\count268
\c@mdf@env@i=\count269
\c@mdf@env@ii=\count270
\c@mdf@zref@counter=\count271
Package zref Info: New property: mdf@pagevalue on input line 895.
) (d:/InstallSoftware/TexmakerLiver/texlive/2020/texmf-dist/tex/latex/titlesec/titletoc.sty
Package: titletoc 2019/10/16 v2.13 TOC entries
\ttl@leftsep=\dimen157
) (d:/InstallSoftware/TexmakerLiver/texlive/2020/texmf-dist/tex/latex/psnfss/helvet.sty
Package: helvet 2005/04/12 PSNFSS-v9.2a (WaS) 
) (d:/InstallSoftware/TexmakerLiver/texlive/2020/texmf-dist/tex/latex/caption/caption.sty
Package: caption 2020/01/03 v3.4h Customizing captions (AR)
 (d:/InstallSoftware/TexmakerLiver/texlive/2020/texmf-dist/tex/latex/caption/caption3.sty
Package: caption3 2020/01/03 v1.8h caption3 kernel (AR)
Package caption3 Info: TeX engine: e-TeX on input line 61.
\captionmargin=\dimen158
\captionmargin@=\dimen159
\captionwidth=\dimen160
\caption@tempdima=\dimen161
\caption@indent=\dimen162
\caption@parindent=\dimen163
\caption@hangindent=\dimen164
Package caption Info: Standard document class detected.
)
\c@caption@flags=\count272
\c@continuedfloat=\count273
) (d:/InstallSoftware/TexmakerLiver/texlive/2020/texmf-dist/tex/latex/tools/multicol.sty
Package: multicol 2019/12/09 v1.8y multicolumn formatting (FMi)
\c@tracingmulticols=\count274
\mult@box=\box59
\multicol@leftmargin=\dimen165
\c@unbalance=\count275
\c@collectmore=\count276
\doublecol@number=\count277
\multicoltolerance=\count278
\multicolpretolerance=\count279
\full@width=\dimen166
\page@free=\dimen167
\premulticols=\dimen168
\postmulticols=\dimen169
\multicolsep=\skip123
\multicolbaselineskip=\skip124
\partial@page=\box60
\last@line=\box61
\maxbalancingoverflow=\dimen170
\mult@rightbox=\box62
\mult@grightbox=\box63
\mult@gfirstbox=\box64
\mult@firstbox=\box65
\@tempa=\box66
\@tempa=\box67
\@tempa=\box68
\@tempa=\box69
\@tempa=\box70
\@tempa=\box71
\@tempa=\box72
\@tempa=\box73
\@tempa=\box74
\@tempa=\box75
\@tempa=\box76
\@tempa=\box77
\@tempa=\box78
\@tempa=\box79
\@tempa=\box80
\@tempa=\box81
\@tempa=\box82
\@tempa=\box83
\@tempa=\box84
\@tempa=\box85
\@tempa=\box86
\@tempa=\box87
\@tempa=\box88
\@tempa=\box89
\@tempa=\box90
\@tempa=\box91
\@tempa=\box92
\@tempa=\box93
\@tempa=\box94
\@tempa=\box95
\@tempa=\box96
\@tempa=\box97
\@tempa=\box98
\@tempa=\box99
\@tempa=\box100
\@tempa=\box101
\@tempa=\box102
\c@minrows=\count280
\c@columnbadness=\count281
\c@finalcolumnbadness=\count282
\last@try=\dimen171
\multicolovershoot=\dimen172
\multicolundershoot=\dimen173
\mult@nat@firstbox=\box103
\colbreak@box=\box104
\mc@col@check@num=\count283
) (d:/InstallSoftware/TexmakerLiver/texlive/2020/texmf-dist/tex/latex/changepage/changepage.sty
Package: changepage 2009/10/20 v1.0c check page and change page layout
\c@cp@cntr=\count284
\cp@tempcnt=\count285
) (d:/InstallSoftware/TexmakerLiver/texlive/2020/texmf-dist/tex/latex/graphics/graphics.sty
Package: graphics 2019/11/30 v1.4a Standard LaTeX Graphics (DPC,SPQR)
 (d:/InstallSoftware/TexmakerLiver/texlive/2020/texmf-dist/tex/latex/graphics/trig.sty
Package: trig 2016/01/03 v1.10 sin cos tan (DPC)
) (d:/InstallSoftware/TexmakerLiver/texlive/2020/texmf-dist/tex/latex/graphics-cfg/graphics.cfg
File: graphics.cfg 2016/06/04 v1.11 sample graphics configuration
)
Package graphics Info: Driver file: pdftex.def on input line 105.
) (d:/InstallSoftware/TexmakerLiver/texlive/2020/texmf-dist/tex/latex/amsmath/amsmath.sty
Package: amsmath 2020/01/20 v2.17e AMS math features
\@mathmargin=\skip125

For additional information on amsmath, use the `?' option.
(d:/InstallSoftware/TexmakerLiver/texlive/2020/texmf-dist/tex/latex/amsmath/amstext.sty
Package: amstext 2000/06/29 v2.01 AMS text
 (d:/InstallSoftware/TexmakerLiver/texlive/2020/texmf-dist/tex/latex/amsmath/amsgen.sty
File: amsgen.sty 1999/11/30 v2.0 generic functions
\@emptytoks=\toks21
\ex@=\dimen174
)) (d:/InstallSoftware/TexmakerLiver/texlive/2020/texmf-dist/tex/latex/amsmath/amsbsy.sty
Package: amsbsy 1999/11/29 v1.2d Bold Symbols
\pmbraise@=\dimen175
) (d:/InstallSoftware/TexmakerLiver/texlive/2020/texmf-dist/tex/latex/amsmath/amsopn.sty
Package: amsopn 2016/03/08 v2.02 operator names
)
\inf@bad=\count286
LaTeX Info: Redefining \frac on input line 227.
\uproot@=\count287
\leftroot@=\count288
LaTeX Info: Redefining \overline on input line 389.
\classnum@=\count289
\DOTSCASE@=\count290
LaTeX Info: Redefining \ldots on input line 486.
LaTeX Info: Redefining \dots on input line 489.
LaTeX Info: Redefining \cdots on input line 610.
\Mathstrutbox@=\box105
\strutbox@=\box106
\big@size=\dimen176
LaTeX Font Info:    Redeclaring font encoding OML on input line 733.
LaTeX Font Info:    Redeclaring font encoding OMS on input line 734.
\macc@depth=\count291
\c@MaxMatrixCols=\count292
\dotsspace@=\muskip16
\c@parentequation=\count293
\dspbrk@lvl=\count294
\tag@help=\toks22
\row@=\count295
\column@=\count296
\maxfields@=\count297
\andhelp@=\toks23
\eqnshift@=\dimen177
\alignsep@=\dimen178
\tagshift@=\dimen179
\tagwidth@=\dimen180
\totwidth@=\dimen181
\lineht@=\dimen182
\@envbody=\toks24
\multlinegap=\skip126
\multlinetaggap=\skip127
\mathdisplay@stack=\toks25
LaTeX Info: Redefining \[ on input line 2859.
LaTeX Info: Redefining \] on input line 2860.
) (d:/InstallSoftware/TexmakerLiver/texlive/2020/texmf-dist/tex/latex/amsfonts/amsfonts.sty
Package: amsfonts 2013/01/14 v3.01 Basic AMSFonts support
\symAMSa=\mathgroup4
\symAMSb=\mathgroup5
LaTeX Font Info:    Redeclaring math symbol \hbar on input line 98.
LaTeX Font Info:    Overwriting math alphabet `\mathfrak' in version `bold'
(Font)                  U/euf/m/n --> U/euf/b/n on input line 106.
) (d:/InstallSoftware/TexmakerLiver/texlive/2020/texmf-dist/tex/latex/amsfonts/amssymb.sty
Package: amssymb 2013/01/14 v3.01 AMS font symbols
) (d:/InstallSoftware/TexmakerLiver/texlive/2020/texmf-dist/tex/generic/babel/babel.sty
Package: babel 2020/03/22 3.42 The Babel package
 (d:/InstallSoftware/TexmakerLiver/texlive/2020/texmf-dist/tex/generic/babel/switch.def
File: switch.def 2020/03/22 3.42 Babel switching mechanism
) (d:/InstallSoftware/TexmakerLiver/texlive/2020/texmf-dist/tex/generic/babel-english/english.ldf
Language: english 2017/06/06 v3.3r English support from the babel system
 (d:/InstallSoftware/TexmakerLiver/texlive/2020/texmf-dist/tex/generic/babel/babel.def
File: babel.def 2020/03/22 3.42 Babel common definitions
\babel@savecnt=\count298
\U@D=\dimen183
 (d:/InstallSoftware/TexmakerLiver/texlive/2020/texmf-dist/tex/generic/babel/txtbabel.def)
\bbl@readstream=\read2
\bbl@dirlevel=\count299
)
Package babel Info: \l@canadian = using hyphenrules for english
(babel)             (\language0) on input line 102.
Package babel Info: \l@australian = using hyphenrules for ukenglish
(babel)             (\language21) on input line 105.
Package babel Info: \l@newzealand = using hyphenrules for ukenglish
(babel)             (\language21) on input line 108.
)) (d:/InstallSoftware/TexmakerLiver/texlive/2020/texmf-dist/tex/latex/graphics/graphicx.sty
Package: graphicx 2019/11/30 v1.2a Enhanced LaTeX Graphics (DPC,SPQR)
\Gin@req@height=\dimen184
\Gin@req@width=\dimen185
) (d:/InstallSoftware/TexmakerLiver/texlive/2020/texmf-dist/tex/latex/url/url.sty
\Urlmuskip=\muskip17
Package: url 2013/09/16  ver 3.4  Verb mode for urls, etc.
) (d:/InstallSoftware/TexmakerLiver/texlive/2020/texmf-dist/tex/latex/tools/bm.sty
Package: bm 2019/07/24 v1.2d Bold Symbol Support (DPC/FMi)
\symboldoperators=\mathgroup6
\symboldletters=\mathgroup7
\symboldsymbols=\mathgroup8
LaTeX Font Info:    Redeclaring math alphabet \mathbf on input line 141.
LaTeX Info: Redefining \bm on input line 209.
) (d:/InstallSoftware/TexmakerLiver/texlive/2020/texmf-dist/tex/latex/multirow/multirow.sty
Package: multirow 2019/05/31 v2.5 Span multiple rows of a table
\multirow@colwidth=\skip128
\multirow@cntb=\count300
\multirow@dima=\skip129
\bigstrutjot=\dimen186
) (d:/InstallSoftware/TexmakerLiver/texlive/2020/texmf-dist/tex/latex/booktabs/booktabs.sty
Package: booktabs 2020/01/12 v1.61803398 Publication quality tables
\heavyrulewidth=\dimen187
\lightrulewidth=\dimen188
\cmidrulewidth=\dimen189
\belowrulesep=\dimen190
\belowbottomsep=\dimen191
\aboverulesep=\dimen192
\abovetopsep=\dimen193
\cmidrulesep=\dimen194
\cmidrulekern=\dimen195
\defaultaddspace=\dimen196
\@cmidla=\count301
\@cmidlb=\count302
\@aboverulesep=\dimen197
\@belowrulesep=\dimen198
\@thisruleclass=\count303
\@lastruleclass=\count304
\@thisrulewidth=\dimen199
) (d:/InstallSoftware/TexmakerLiver/texlive/2020/texmf-dist/tex/latex/epstopdf-pkg/epstopdf.sty
Package: epstopdf 2020-01-24 v2.11 Conversion with epstopdf on the fly (HO)
 (d:/InstallSoftware/TexmakerLiver/texlive/2020/texmf-dist/tex/latex/grfext/grfext.sty
Package: grfext 2019/12/03 v1.3 Manage graphics extensions (HO)
) (d:/InstallSoftware/TexmakerLiver/texlive/2020/texmf-dist/tex/latex/epstopdf-pkg/epstopdf-base.sty
Package: epstopdf-base 2020-01-24 v2.11 Base part for package epstopdf
Package epstopdf-base Info: Redefining graphics rule for `.eps' on input line 485.
Package grfext Info: Graphics extension search list:
(grfext)             [.pdf,.png,.jpg,.mps,.jpeg,.jbig2,.jb2,.PDF,.PNG,.JPG,.JPEG,.JBIG2,.JB2,.eps]
(grfext)             \AppendGraphicsExtensions on input line 504.
 (d:/InstallSoftware/TexmakerLiver/texlive/2020/texmf-dist/tex/latex/latexconfig/epstopdf-sys.cfg
File: epstopdf-sys.cfg 2010/07/13 v1.3 Configuration of (r)epstopdf for TeX Live
))) (d:/InstallSoftware/TexmakerLiver/texlive/2020/texmf-dist/tex/latex/graphics/epsfig.sty
Package: epsfig 2017/06/25 v1.7b (e)psfig emulation (SPQR)
\epsfxsize=\dimen256
\epsfysize=\dimen257
) (d:/InstallSoftware/TexmakerLiver/texlive/2020/texmf-dist/tex/latex/algorithms/algorithm.sty
Package: algorithm 2009/08/24 v0.1 Document Style `algorithm' - floating environment
 (d:/InstallSoftware/TexmakerLiver/texlive/2020/texmf-dist/tex/latex/float/float.sty
Package: float 2001/11/08 v1.3d Float enhancements (AL)
\c@float@type=\count305
\float@exts=\toks26
\float@box=\box107
\@float@everytoks=\toks27
\@floatcapt=\box108
) (d:/InstallSoftware/TexmakerLiver/texlive/2020/texmf-dist/tex/latex/base/ifthen.sty
Package: ifthen 2014/09/29 v1.1c Standard LaTeX ifthen package (DPC)
)
\@float@every@algorithm=\toks28
\c@algorithm=\count306
) (d:/InstallSoftware/TexmakerLiver/texlive/2020/texmf-dist/tex/latex/algorithms/algorithmic.sty
Package: algorithmic 2009/08/24 v0.1 Document Style `algorithmic'
\c@ALC@unique=\count307
\c@ALC@line=\count308
\c@ALC@rem=\count309
\c@ALC@depth=\count310
\ALC@tlm=\skip130
\algorithmicindent=\skip131
) (d:/InstallSoftware/TexmakerLiver/texlive/2020/texmf-dist/tex/latex/subfigure/subfigure.sty
Package: subfigure 2002/03/15 v2.1.5 subfigure package
\subfigtopskip=\skip132
\subfigcapskip=\skip133
\subfigcaptopadj=\dimen258
\subfigbottomskip=\skip134
\subfigcapmargin=\dimen259
\subfiglabelskip=\skip135
\c@subfigure=\count311
\c@lofdepth=\count312
\c@subtable=\count313
\c@lotdepth=\count314

****************************************
* Local config file subfigure.cfg used *
****************************************
(d:/InstallSoftware/TexmakerLiver/texlive/2020/texmf-dist/tex/latex/subfigure/subfigure.cfg)
\subfig@top=\skip136
\subfig@bottom=\skip137
) (d:/InstallSoftware/TexmakerLiver/texlive/2020/texmf-dist/tex/latex/fancyhdr/fancyhdr.sty
Package: fancyhdr 2019/01/31 v3.10 Extensive control of page headers and footers
\f@nch@headwidth=\skip138
\f@nch@O@elh=\skip139
\f@nch@O@erh=\skip140
\f@nch@O@olh=\skip141
\f@nch@O@orh=\skip142
\f@nch@O@elf=\skip143
\f@nch@O@erf=\skip144
\f@nch@O@olf=\skip145
\f@nch@O@orf=\skip146
) (d:/InstallSoftware/TexmakerLiver/texlive/2020/texmf-dist/tex/latex/shorttoc/shorttoc.sty
Package: shorttoc 2002/08/20 v1.3 Short table of contents (JPFD)
)
LaTeX Info: Redefining \sihao on input line 93.
 (d:/InstallSoftware/TexmakerLiver/texlive/2020/texmf-dist/tex/latex/hyperref/hyperref.sty
Package: hyperref 2020/01/14 v7.00d Hypertext links for LaTeX
 (d:/InstallSoftware/TexmakerLiver/texlive/2020/texmf-dist/tex/generic/pdfescape/pdfescape.sty
Package: pdfescape 2019/12/09 v1.15 Implements pdfTeX's escape features (HO)
) (d:/InstallSoftware/TexmakerLiver/texlive/2020/texmf-dist/tex/latex/hycolor/hycolor.sty
Package: hycolor 2020-01-27 v1.10 Color options for hyperref/bookmark (HO)
) (d:/InstallSoftware/TexmakerLiver/texlive/2020/texmf-dist/tex/latex/letltxmacro/letltxmacro.sty
Package: letltxmacro 2019/12/03 v1.6 Let assignment for LaTeX macros (HO)
)
\@linkdim=\dimen260
\Hy@linkcounter=\count315
\Hy@pagecounter=\count316
 (d:/InstallSoftware/TexmakerLiver/texlive/2020/texmf-dist/tex/latex/hyperref/pd1enc.def
File: pd1enc.def 2020/01/14 v7.00d Hyperref: PDFDocEncoding definition (HO)
Now handling font encoding PD1 ...
... no UTF-8 mapping file for font encoding PD1
) (d:/InstallSoftware/TexmakerLiver/texlive/2020/texmf-dist/tex/generic/intcalc/intcalc.sty
Package: intcalc 2019/12/15 v1.3 Expandable calculations with integers (HO)
)
\Hy@SavedSpaceFactor=\count317
Package hyperref Info: Option `unicode' set `true' on input line 4421.
 (d:/InstallSoftware/TexmakerLiver/texlive/2020/texmf-dist/tex/latex/hyperref/puenc.def
File: puenc.def 2020/01/14 v7.00d Hyperref: PDF Unicode definition (HO)
Now handling font encoding PU ...
... no UTF-8 mapping file for font encoding PU
)
Package hyperref Info: Hyper figures OFF on input line 4547.
Package hyperref Info: Link nesting OFF on input line 4552.
Package hyperref Info: Hyper index ON on input line 4555.
Package hyperref Info: Plain pages OFF on input line 4562.
Package hyperref Info: Backreferencing OFF on input line 4567.
Package hyperref Info: Implicit mode ON; LaTeX internals redefined.
Package hyperref Info: Bookmarks ON on input line 4800.
\c@Hy@tempcnt=\count318
LaTeX Info: Redefining \url on input line 5159.
\XeTeXLinkMargin=\dimen261
 (d:/InstallSoftware/TexmakerLiver/texlive/2020/texmf-dist/tex/generic/bitset/bitset.sty
Package: bitset 2019/12/09 v1.3 Handle bit-vector datatype (HO)
 (d:/InstallSoftware/TexmakerLiver/texlive/2020/texmf-dist/tex/generic/bigintcalc/bigintcalc.sty
Package: bigintcalc 2019/12/15 v1.5 Expandable calculations on big integers (HO)
))
\Fld@menulength=\count319
\Field@Width=\dimen262
\Fld@charsize=\dimen263
Package hyperref Info: Hyper figures OFF on input line 6430.
Package hyperref Info: Link nesting OFF on input line 6435.
Package hyperref Info: Hyper index ON on input line 6438.
Package hyperref Info: backreferencing OFF on input line 6445.
Package hyperref Info: Link coloring OFF on input line 6450.
Package hyperref Info: Link coloring with OCG OFF on input line 6455.
Package hyperref Info: PDF/A mode OFF on input line 6460.
LaTeX Info: Redefining \ref on input line 6500.
LaTeX Info: Redefining \pageref on input line 6504.
\Hy@abspage=\count320
\c@Item=\count321
\c@Hfootnote=\count322
)
Package hyperref Info: Driver (autodetected): hpdftex.
 (d:/InstallSoftware/TexmakerLiver/texlive/2020/texmf-dist/tex/latex/hyperref/hpdftex.def
File: hpdftex.def 2020/01/14 v7.00d Hyperref driver for pdfTeX
 (d:/InstallSoftware/TexmakerLiver/texlive/2020/texmf-dist/tex/latex/atveryend/atveryend.sty
Package: atveryend 2019-12-11 v1.11 Hooks at the very end of document (HO)
)
\HyAnn@Count=\count323
\Fld@listcount=\count324
\c@bookmark@seq@number=\count325
 (d:/InstallSoftware/TexmakerLiver/texlive/2020/texmf-dist/tex/latex/rerunfilecheck/rerunfilecheck.sty
Package: rerunfilecheck 2019/12/05 v1.9 Rerun checks for auxiliary files (HO)
 (d:/InstallSoftware/TexmakerLiver/texlive/2020/texmf-dist/tex/generic/uniquecounter/uniquecounter.sty
Package: uniquecounter 2019/12/15 v1.4 Provide unlimited unique counter (HO)
)
Package uniquecounter Info: New unique counter `rerunfilecheck' on input line 286.
)
\Hy@SectionHShift=\skip147
)
Package hyperref Info: Option `colorlinks' set `true' on input line 107.


Package hyperref Warning: Option `bookmarks' has already been used,
(hyperref)                setting the option has no effect on input line 107.

Package hyperref Info: Option `unicode' set `true' on input line 107.
(d:/InstallSoftware/TexmakerLiver/texlive/2020/texmf-dist/tex/latex/cjk/texinput/UTF8/UTF8.bdg
File: UTF8.bdg 2015/04/18 4.8.4
) (d:/InstallSoftware/TexmakerLiver/texlive/2020/texmf-dist/tex/latex/cjk/texinput/UTF8/UTF8.enc
File: UTF8.enc 2015/04/18 4.8.4
) (d:/InstallSoftware/TexmakerLiver/texlive/2020/texmf-dist/tex/latex/cjk/texinput/UTF8/UTF8.chr
File: UTF8.chr 2015/04/18 4.8.4
)

LaTeX Warning: Unused global option(s):
    [nocolorlinks].

(e:/20. ÊñáÁåÆ/words/Êú∫Âô®Â≠¶‰π†/Êú∫Âô®Â≠¶‰π†.aux)
\openout1 = `Êú∫Âô®Â≠¶‰π†.aux'.

LaTeX Font Info:    Checking defaults for OML/cmm/m/it on input line 112.
LaTeX Font Info:    ... okay on input line 112.
LaTeX Font Info:    Checking defaults for OMS/cmsy/m/n on input line 112.
LaTeX Font Info:    ... okay on input line 112.
LaTeX Font Info:    Checking defaults for OT1/cmr/m/n on input line 112.
LaTeX Font Info:    ... okay on input line 112.
LaTeX Font Info:    Checking defaults for T1/cmr/m/n on input line 112.
LaTeX Font Info:    ... okay on input line 112.
LaTeX Font Info:    Checking defaults for TS1/cmr/m/n on input line 112.
LaTeX Font Info:    ... okay on input line 112.
LaTeX Font Info:    Checking defaults for OMX/cmex/m/n on input line 112.
LaTeX Font Info:    ... okay on input line 112.
LaTeX Font Info:    Checking defaults for U/cmr/m/n on input line 112.
LaTeX Font Info:    ... okay on input line 112.
LaTeX Font Info:    Checking defaults for C00/song/m/n on input line 112.
LaTeX Font Info:    ... okay on input line 112.
LaTeX Font Info:    Checking defaults for C05/song/m/n on input line 112.
LaTeX Font Info:    ... okay on input line 112.
LaTeX Font Info:    Checking defaults for C09/song/m/n on input line 112.
LaTeX Font Info:    ... okay on input line 112.
LaTeX Font Info:    Checking defaults for C10/song/m/n on input line 112.
LaTeX Font Info:    ... okay on input line 112.
LaTeX Font Info:    Checking defaults for C20/song/m/n on input line 112.
LaTeX Font Info:    ... okay on input line 112.
LaTeX Font Info:    Checking defaults for C19/song/m/n on input line 112.
LaTeX Font Info:    ... okay on input line 112.
LaTeX Font Info:    Checking defaults for C40/song/m/n on input line 112.
LaTeX Font Info:    ... okay on input line 112.
LaTeX Font Info:    Checking defaults for C42/song/m/n on input line 112.
LaTeX Font Info:    ... okay on input line 112.
LaTeX Font Info:    Checking defaults for C43/song/m/n on input line 112.
LaTeX Font Info:    ... okay on input line 112.
LaTeX Font Info:    Checking defaults for C50/song/m/n on input line 112.
LaTeX Font Info:    ... okay on input line 112.
LaTeX Font Info:    Checking defaults for C52/song/m/n on input line 112.
LaTeX Font Info:    ... okay on input line 112.
LaTeX Font Info:    Checking defaults for C49/song/m/n on input line 112.
LaTeX Font Info:    ... okay on input line 112.
LaTeX Font Info:    Checking defaults for C60/mj/m/n on input line 112.
LaTeX Font Info:    ... okay on input line 112.
LaTeX Font Info:    Checking defaults for C61/mj/m/n on input line 112.
LaTeX Font Info:    ... okay on input line 112.
LaTeX Font Info:    Checking defaults for C63/mj/m/n on input line 112.
LaTeX Font Info:    ... okay on input line 112.
LaTeX Font Info:    Checking defaults for C64/mj/m/n on input line 112.
LaTeX Font Info:    ... okay on input line 112.
LaTeX Font Info:    Checking defaults for C65/mj/m/n on input line 112.
LaTeX Font Info:    ... okay on input line 112.
LaTeX Font Info:    Checking defaults for C70/song/m/n on input line 112.
LaTeX Font Info:    ... okay on input line 112.
LaTeX Font Info:    Checking defaults for C31/song/m/n on input line 112.
LaTeX Font Info:    ... okay on input line 112.
LaTeX Font Info:    Checking defaults for C32/song/m/n on input line 112.
LaTeX Font Info:    ... okay on input line 112.
LaTeX Font Info:    Checking defaults for C33/song/m/n on input line 112.
LaTeX Font Info:    ... okay on input line 112.
LaTeX Font Info:    Checking defaults for C34/song/m/n on input line 112.
LaTeX Font Info:    ... okay on input line 112.
LaTeX Font Info:    Checking defaults for C35/song/m/n on input line 112.
LaTeX Font Info:    ... okay on input line 112.
LaTeX Font Info:    Checking defaults for C36/song/m/n on input line 112.
LaTeX Font Info:    ... okay on input line 112.
LaTeX Font Info:    Checking defaults for C37/song/m/n on input line 112.
LaTeX Font Info:    ... okay on input line 112.
LaTeX Font Info:    Checking defaults for C80/song/m/n on input line 112.
LaTeX Font Info:    ... okay on input line 112.
LaTeX Font Info:    Checking defaults for C81/song/m/n on input line 112.
LaTeX Font Info:    ... okay on input line 112.
LaTeX Font Info:    Checking defaults for C01/song/m/n on input line 112.
LaTeX Font Info:    ... okay on input line 112.
LaTeX Font Info:    Checking defaults for C11/song/m/n on input line 112.
LaTeX Font Info:    ... okay on input line 112.
LaTeX Font Info:    Checking defaults for C21/song/m/n on input line 112.
LaTeX Font Info:    ... okay on input line 112.
LaTeX Font Info:    Checking defaults for C41/song/m/n on input line 112.
LaTeX Font Info:    ... okay on input line 112.
LaTeX Font Info:    Checking defaults for C62/song/m/n on input line 112.
LaTeX Font Info:    ... okay on input line 112.
LaTeX Font Info:    Checking defaults for PD1/pdf/m/n on input line 112.
LaTeX Font Info:    ... okay on input line 112.
LaTeX Font Info:    Checking defaults for PU/pdf/m/n on input line 112.
LaTeX Font Info:    ... okay on input line 112.
 ABD: EverySelectfont initializing macros
LaTeX Info: Redefining \selectfont on input line 112.

*geometry* driver: auto-detecting
*geometry* detected driver: pdftex
*geometry* verbose mode - [ preamble ] result:
* driver: pdftex
* paper: a4paper
* layout: <same size as paper>
* layoutoffset:(h,v)=(0.0pt,0.0pt)
* modes: 
* h-part:(L,W,R)=(71.13188pt, 455.24411pt, 71.13188pt)
* v-part:(T,H,B)=(71.13188pt, 702.78308pt, 71.13188pt)
* \paperwidth=597.50787pt
* \paperheight=845.04684pt
* \textwidth=455.24411pt
* \textheight=702.78308pt
* \oddsidemargin=-1.1381pt
* \evensidemargin=-1.1381pt
* \topmargin=-38.1381pt
* \headheight=12.0pt
* \headsep=25.0pt
* \topskip=10.0pt
* \footskip=30.0pt
* \marginparwidth=57.0pt
* \marginparsep=11.0pt
* \columnsep=10.0pt
* \skip\footins=9.0pt plus 4.0pt minus 2.0pt
* \hoffset=0.0pt
* \voffset=0.0pt
* \mag=1000
* \@twocolumnfalse
* \@twosidefalse
* \@mparswitchfalse
* \@reversemarginfalse
* (1in=72.27pt=25.4mm, 1cm=28.453pt)

(d:/InstallSoftware/TexmakerLiver/texlive/2020/texmf-dist/tex/context/base/mkii/supp-pdf.mkii
[Loading MPS to PDF converter (version 2006.09.02).]
\scratchcounter=\count326
\scratchdimen=\dimen264
\scratchbox=\box109
\nofMPsegments=\count327
\nofMParguments=\count328
\everyMPshowfont=\toks29
\MPscratchCnt=\count329
\MPscratchDim=\dimen265
\MPnumerator=\count330
\makeMPintoPDFobject=\count331
\everyMPtoPDFconversion=\toks30
)
\AtBeginShipoutBox=\box110
Package caption Info: Begin \AtBeginDocument code.
Package caption Info: float package is loaded.
Package caption Info: hyperref package is loaded.
Package caption Info: subfigure package is loaded.
Package caption Info: End \AtBeginDocument code.
Package hyperref Info: Link coloring ON on input line 112.
 (d:/InstallSoftware/TexmakerLiver/texlive/2020/texmf-dist/tex/latex/hyperref/nameref.sty
Package: nameref 2019/09/16 v2.46 Cross-referencing by name of section
 (d:/InstallSoftware/TexmakerLiver/texlive/2020/texmf-dist/tex/latex/refcount/refcount.sty
Package: refcount 2019/12/15 v3.6 Data extraction from label references (HO)
) (d:/InstallSoftware/TexmakerLiver/texlive/2020/texmf-dist/tex/generic/gettitlestring/gettitlestring.sty
Package: gettitlestring 2019/12/15 v1.6 Cleanup title references (HO)
)
\c@section@level=\count332
)
LaTeX Info: Redefining \ref on input line 112.
LaTeX Info: Redefining \pageref on input line 112.
LaTeX Info: Redefining \nameref on input line 112.
 (e:/20. ÊñáÁåÆ/words/Êú∫Âô®Â≠¶‰π†/Êú∫Âô®Â≠¶‰π†.out) (e:/20. ÊñáÁåÆ/words/Êú∫Âô®Â≠¶‰π†/Êú∫Âô®Â≠¶‰π†.out)
\@outlinefile=\write3
\openout3 = `Êú∫Âô®Â≠¶‰π†.out'.

<TYUT.jpg, id=67, 410.53375pt x 89.33376pt>
File: TYUT.jpg Graphic file (type jpg)
<use TYUT.jpg>
Package pdftex.def Info: TYUT.jpg  used on input line 118.
(pdftex.def)             Requested size: 455.24411pt x 99.06212pt.

Overfull \hbox (426.79137pt too wide) in paragraph at lines 118--118
[][] 
 []

LaTeX Font Info:    Trying to load font information for C70+zhhei on input line 124.
(d:/InstallSoftware/TexmakerLiver/texlive/2020/texmf-dist/tex/latex/zhmetrics/c70zhhei.fd
File: c70zhhei.fd 2009/09/23 4.8.2
)
LaTeX Font Info:    Trying to load font information for C70+zhsong on input line 138.
 (d:/InstallSoftware/TexmakerLiver/texlive/2020/texmf-dist/tex/latex/zhmetrics/c70zhsong.fd
File: c70zhsong.fd 2009/09/23 4.8.2
)
Package CJKpunct Info: use punctuation spaces for family 'zhsong' with punctstyle (quanjiao) on input line 138.
LaTeX Font Info:    Calculating math sizes for size <16> on input line 138.
LaTeX Font Info:    Trying to load font information for U+msa on input line 138.
 (d:/InstallSoftware/TexmakerLiver/texlive/2020/texmf-dist/tex/latex/amsfonts/umsa.fd
File: umsa.fd 2013/01/14 v3.01 AMS symbols A
)
LaTeX Font Info:    Trying to load font information for U+msb on input line 138.
 (d:/InstallSoftware/TexmakerLiver/texlive/2020/texmf-dist/tex/latex/amsfonts/umsb.fd
File: umsb.fd 2013/01/14 v3.01 AMS symbols B
) (d:/InstallSoftware/TexmakerLiver/texlive/2020/texmf-dist/tex/generic/ctex/zhwindowsfonts.tex
File: zhwindowsfonts.tex 2019/05/29 v2.4.16 Windows font map loader for pdfTeX and DVIPDFMx (CTEX)
) [1

 <e:/20. ÊñáÁåÆ/words/Êú∫Âô®Â≠¶‰π†/TYUT.jpg>]
LaTeX Font Info:    Trying to load font information for C70+rm on input line 157.
 (d:/InstallSoftware/TexmakerLiver/texlive/2020/texmf-dist/tex/latex/ctex/fd/c70rm.fd
File: c70rm.fd 2019/05/29 v2.4.16 Chinese font definition (CTEX)
)
Package CJKpunct Info: use punctuation spaces for family 'zhkai' with punctstyle (quanjiao) on input line 169.
Package CJKpunct Info: use punctuation spaces for family 'rm' with punctstyle (quanjiao) on input line 186.
<pictures/row1.png, id=177, 349.305pt x 268.00125pt>
File: pictures/row1.png Graphic file (type png)
<use pictures/row1.png>
Package pdftex.def Info: pictures/row1.png  used on input line 214.
(pdftex.def)             Requested size: 204.85846pt x 157.1788pt.
<pictures/row2.png, id=179, 337.26pt x 253.94875pt>
File: pictures/row2.png Graphic file (type png)
<use pictures/row2.png>
Package pdftex.def Info: pictures/row2.png  used on input line 218.
(pdftex.def)             Requested size: 204.85846pt x 154.2575pt.
pdfTeX warning (ext4): destination with the same identifier (name{page.1}) has been already used, duplicate ignored
<to be read again> 
                   \relax 
l.231 
       [1

]
Underfull \hbox (badness 10000) in paragraph at lines 233--238
\C70/rm/m/n/10/70 π \C70/rm/m/n/10/68 ¿ \C70/rm/m/n/10/6d K \C70/rm/m/n/10/6c ’|\C70/rm/m/n/10/30 ^^A| \OT1/cmr/m/n/10 SIFT\C70/rm/m/n/10/72 y \C70/rm/m/n/10/5f Å \C70/rm/m/n/10/70 π \C70/rm/m/n/10/68 ¿ \C70/rm/m/n/10/6d K \C70/rm/m/n/10/6c ’|\C70/rm/m/n/10/30 ^^A| \C70/rm/m/n/10/57 ˙ \C70/rm/m/n/10/4e é \C70/rm/m/n/10/6a ! \C70/rm/m/n/10/57 ã
 []

[2 <e:/20. ÊñáÁåÆ/words/Êú∫Âô®Â≠¶‰π†/pictures/row1.png> <e:/20. ÊñáÁåÆ/words/Êú∫Âô®Â≠¶‰π†/pictures/row2.png>]
Underfull \hbox (badness 10000) in paragraph at lines 282--291
[]\C70/rm/m/n/10/96 è \C70/rm/m/n/10/67 : \C70/rm/m/n/10/68 Ó \C70/rm/m/n/10/67 ó\OT1/cmr/m/n/10 (RondomFroest, RF)\C70/rm/m/n/10/66 /\OT1/cmr/m/n/10 Leo
 []

<pictures/RF.png, id=317, 434.8245pt x 140.32425pt>
File: pictures/RF.png Graphic file (type png)
<use pictures/RF.png>
Package pdftex.def Info: pictures/RF.png  used on input line 294.
(pdftex.def)             Requested size: 182.09486pt x 58.76448pt.
[3 <e:/20. ÊñáÁåÆ/words/Êú∫Âô®Â≠¶‰π†/pictures/RF.png>]
<pictures/pict_block.png, id=338, 245.718pt x 120.45pt>
File: pictures/pict_block.png Graphic file (type png)
<use pictures/pict_block.png>
Package pdftex.def Info: pictures/pict_block.png  used on input line 378.
(pdftex.def)             Requested size: 182.09486pt x 89.26576pt.
 [4 <e:/20. ÊñáÁåÆ/words/Êú∫Âô®Â≠¶‰π†/pictures/pict_block.png>] [5]
Underfull \hbox (badness 5490) in paragraph at lines 458--459
[]\C70/rm/m/n/10/54 4 \C70/rm/m/n/10/65 ? \C70/rm/m/n/10/96 Ü\OT1/cmr/m/n/10 ,\C70/rm/m/n/10/67 N p\OT1/cmr/m/n/10 ,\C70/rm/m/n/10/51 s \C70/rm/m/n/10/97 ^^G \C70/rm/m/n/10/5b á\OT1/cmr/m/n/10 , \C70/rm/m/n/10/7b I\OT1/cmr/m/n/10 .\C70/rm/m/n/10/57 ˙ \C70/rm/m/n/10/4e é \C70/rm/m/n/10/51 I \C70/rm/m/n/10/6d A \C70/rm/m/n/10/76 Ñ \C70/rm/m/n/10/56 ˙ \C70/rm/m/n/10/5b ö \C70/rm/m/n/10/7f ¸ \C70/rm/m/n/10/5c ^^O \C70/rm/m/n/10/57 ã \C70/rm/m/n/10/65 ‡ \C70/rm/m/n/10/4e ∫ \C70/rm/m/n/10/67 : \C70/rm/m/n/10/81 Í \C70/rm/m/n/10/4e ; \C70/rm/m/n/10/77 @ \C70/rm/m/n/10/96 F \C70/rm/m/n/10/63 ß \C70/rm/m/n/10/52 6\OT1/cmr/m/n/10 [J].\C70/rm/m/n/10/7c ˚ \C70/rm/m/n/10/7e ﬂ \C70/rm/m/n/10/5d Â \C70/rm/m/n/10/7a  \C70/rm/m/n/10/4e ^^N \C70/rm/m/n/10/75 5 \C70/rm/m/n/10/5b P \C70/rm/m/n/10/62 Ä
 []


Underfull \hbox (badness 10000) in paragraph at lines 462--463
[]\C70/rm/m/n/10/5d G \C70/rm/m/n/10/76 € \C70/rm/m/n/10/80 ≤\OT1/cmr/m/n/10 .\C70/rm/m/n/10/57 ˙ \C70/rm/m/n/10/4e é \C70/rm/m/n/10/8b ° \C70/rm/m/n/10/7b ó \C70/rm/m/n/10/67 : \C70/rm/m/n/10/89 ∆ … \C70/rm/m/n/10/76 Ñ \C70/rm/m/n/10/65 ‡ \C70/rm/m/n/10/4e ∫ \C70/rm/m/n/10/67 : \C70/rm/m/n/10/81 Í \C70/rm/m/n/10/4e ; \C70/rm/m/n/10/77 @ \C70/rm/m/n/10/82 0 \C70/rm/m/n/10/5b ¸ \C70/rm/m/n/10/5f ^^U \C70/rm/m/n/10/62 Ä \C70/rm/m/n/10/67 / \C70/rm/m/n/10/78 ^^T \C70/rm/m/n/10/7a v\OT1/cmr/m/n/10 [D].\C70/rm/m/n/10/6c _ \C70/rm/m/n/10/82 œ\OT1/cmr/m/n/10 :\C70/rm/m/n/10/53 W \C70/rm/m/n/10/4e ¨ \C70/rm/m/n/10/82 * \C70/rm/m/n/10/7a z \C70/rm/m/n/10/82 * \C70/rm/m/n/10/59 ) ' \C70/rm/m/n/10/5b f\OT1/cmr/m/n/10 ,2008.
 []


Underfull \hbox (badness 10000) in paragraph at lines 464--465
[]\C70/rm/m/n/10/7a ‡ \C70/rm/m/n/10/6c 8 \C70/rm/m/n/10/67 e\OT1/cmr/m/n/10 ,\C70/rm/m/n/10/54 h \C70/rm/m/n/10/80 ^^@ \C70/rm/m/n/10/92 t\OT1/cmr/m/n/10 .\C70/rm/m/n/10/80 Z \C70/rm/m/n/10/7c { \C70/rm/m/n/10/7b ó \C70/rm/m/n/10/6c ’ \C70/rm/m/n/10/7e ¸ \C70/rm/m/n/10/8f \OT1/cmr/m/n/10 [J].\C70/rm/m/n/10/8b ° \C70/rm/m/n/10/7b ó \C70/rm/m/n/10/67 : \C70/rm/m/n/10/5e î \C70/rm/m/n/10/75 (\OT1/cmr/m/n/10 ,2019,39(7):1869-1882. DOI:10.11772/j.issn.1001-
 []


Underfull \hbox (badness 10000) in paragraph at lines 465--466
[]\C70/rm/m/n/10/4e é ^^G \C70/rm/m/n/10/97 ^^^\OT1/cmr/m/n/10 ,\C70/rm/m/n/10/5f   \C70/rm/m/n/10/7e Ù \C70/rm/m/n/10/5b X\OT1/cmr/m/n/10 ,\C70/rm/m/n/10/90 — \C70/rm/m/n/10/5b è \C70/rm/m/n/10/51 t\OT1/cmr/m/n/10 .\C70/rm/m/n/10/57 ˙ \C70/rm/m/n/10/4e é \C70/rm/m/n/10/90 W \C70/rm/m/n/10/4f   \C70/rm/m/n/10/7c í \C70/rm/m/n/10/5b P \C70/rm/m/n/10/7f § \C70/rm/m/n/10/7b ó \C70/rm/m/n/10/6c ’ \C70/rm/m/n/10/76 Ñ \C70/rm/m/n/10/9a ÿ \C70/rm/m/n/10/7e Ù \C70/rm/m/n/10/59 ^^M \C70/rm/m/n/10/67 B \C70/rm/m/n/10/51 ˝ \C70/rm/m/n/10/65 p \C70/rm/m/n/10/4f ^^X \C70/rm/m/n/10/53 ^^V \C70/rm/m/n/10/65 π \C70/rm/m/n/10/6c ’\OT1/cmr/m/n/10 [J].\C70/rm/m/n/10/8b ° \C70/rm/m/n/10/7b ó \C70/rm/m/n/10/67 : \C70/rm/m/n/10/5d Â \C70/rm/m/n/10/7a  \C70/rm/m/n/10/4e ^^N \C70/rm/m/n/10/5e î
 []


Underfull \hbox (badness 10000) in paragraph at lines 466--467
[]\C70/rm/m/n/10/67 N \C70/rm/m/n/10/5c ^^Q \C70/rm/m/n/10/6c ‚\OT1/cmr/m/n/10 ,\C70/rm/m/n/10/5b ã \C70/rm/m/n/10/54 / \C70/rm/m/n/10/67 ~\OT1/cmr/m/n/10 ,\C70/rm/m/n/10/67 N \C70/rm/m/n/10/5f ◊ \C70/rm/m/n/10/66 ^^B\OT1/cmr/m/n/10 , \C70/rm/m/n/10/7b I\OT1/cmr/m/n/10 .\C70/rm/m/n/10/90 W \C70/rm/m/n/10/4f   \C70/rm/m/n/10/7b ó \C70/rm/m/n/10/6c ’ \C70/rm/m/n/10/57 ( \C70/rm/m/n/10/67 : \C70/rm/m/n/10/56 h \C70/rm/m/n/10/4e ∫ \C70/rm/m/n/10/8d Ô \C70/rm/m/n/10/5f Ñ \C70/rm/m/n/10/89 ƒ \C70/rm/m/n/10/52 ^^R \C70/rm/m/n/10/4e - \C70/rm/m/n/10/76 Ñ \C70/rm/m/n/10/78 ^^T \C70/rm/m/n/10/7a v \C70/rm/m/n/10/7e ¸ \C70/rm/m/n/10/8f \OT1/cmr/m/n/10 [J].\C70/rm/m/n/10/79 — \C70/rm/m/n/10/5b f \C70/rm/m/n/10/62 Ä \C70/rm/m/n/10/67 / \C70/rm/m/n/10/4e ^^N \C70/rm/m/n/10/5d Â
 []


Underfull \hbox (badness 10000) in paragraph at lines 474--475
[]\C70/rm/m/n/10/5f   \C70/rm/m/n/10/4e ^^G \C70/rm/m/n/10/79 è\OT1/cmr/m/n/10 .\C70/rm/m/n/10/57 ˙ \C70/rm/m/n/10/4e é \C70/rm/m/n/10/96 è \C70/rm/m/n/10/67 : \C70/rm/m/n/10/68 Ó \C70/rm/m/n/10/67 ó \C70/rm/m/n/10/76 Ñ \C70/rm/m/n/10/56 ˛ \C70/rm/m/n/10/50 œ \C70/rm/m/n/10/8b Ì \C70/rm/m/n/10/4e I \C70/rm/m/n/10/52 ^^F r \C70/rm/m/n/10/7b ó \C70/rm/m/n/10/6c ’ \C70/rm/m/n/10/76 Ñ \C70/rm/m/n/10/78 ^^T \C70/rm/m/n/10/7a v\OT1/cmr/m/n/10 [J].\C70/rm/m/n/10/75 5 \C70/rm/m/n/10/5b P \C70/rm/m/n/10/79 — \C70/rm/m/n/10/62 Ä\OT1/cmr/m/n/10 ,2017,30(2):72-75.
 []

Package atveryend Info: Empty hook `BeforeClearDocument' on input line 480.
[6

]
Package atveryend Info: Empty hook `AfterLastShipout' on input line 480.
 (e:/20. ÊñáÁåÆ/words/Êú∫Âô®Â≠¶‰π†/Êú∫Âô®Â≠¶‰π†.aux)
Package atveryend Info: Executing hook `AtVeryEndDocument' on input line 480.
Package atveryend Info: Executing hook `AtEndAfterFileList' on input line 480.
Package rerunfilecheck Info: File `Êú∫Âô®Â≠¶‰π†.out' has not changed.
(rerunfilecheck)             Checksum: FD9A2DC949D031BCBFF52939DDFC2E6F;1811.
 ) 
Here is how much of TeX's memory you used:
 21517 strings out of 480608
 353789 string characters out of 5892806
 630646 words of memory out of 5000000
 36523 multiletter control sequences out of 15000+600000
 608418 words of font info for 304 fonts, out of 8000000 for 9000
 1141 hyphenation exceptions out of 8191
 46i,11n,59p,871b,1206s stack positions out of 5000i,500n,10000p,200000b,80000s
<c:/Windows/Fonts/simsun.ttc><c:/Windows/Fonts/simhei.ttf><c:/Windows/Fonts/simsun.ttc><c:/Windows/Fonts/simhei.ttf><c:/Windows/Fonts/simhei.ttf><c:/Windows/Fonts/simhei.ttf>{d:/InstallSoftware/TexmakerLiver/texlive/2020/texmf-dist/fonts/enc/dvips/cm-super/cm-super-ts1.enc}<c:/Windows/Fonts/simhei.ttf><c:/Windows/Fonts/simhei.ttf><c:/Windows/Fonts/simhei.ttf><c:/Windows/Fonts/simsun.ttc><c:/Windows/Fonts/simhei.ttf><c:/Windows/Fonts/simsun.ttc><c:/Windows/Fonts/simhei.ttf><c:/Windows/Fonts/simhei.ttf><c:/Windows/Fonts/simhei.ttf><c:/Windows/Fonts/simhei.ttf><c:/Windows/Fonts/simhei.ttf><c:/Windows/Fonts/simsun.ttc><c:/Windows/Fonts/simsun.ttc><c:/Windows/Fonts/simsun.ttc><c:/Windows/Fonts/simsun.ttc><c:/Windows/Fonts/simhei.ttf><c:/Windows/Fonts/simhei.ttf><c:/Windows/Fonts/simhei.ttf><c:/Windows/Fonts/simhei.ttf><c:/Windows/Fonts/simhei.ttf><c:/Windows/Fonts/simsun.ttc><c:/Windows/Fonts/simsun.ttc><c:/Windows/Fonts/simsun.ttc><c:/Windows/Fonts/simsun.ttc><c:/Windows/Fonts/simsun.ttc><c:/Windows/Fonts/simsun.ttc><c:/Windows/Fonts/simsun.ttc><c:/Windows/Fonts/simsun.ttc><c:/Windows/Fonts/simsun.ttc><c:/Windows/Fonts/simhei.ttf><c:/Windows/Fonts/simhei.ttf><c:/Windows/Fonts/simhei.ttf><c:/Windows/Fonts/simhei.ttf><c:/Windows/Fonts/simhei.ttf><c:/Windows/Fonts/simhei.ttf><c:/Windows/Fonts/simsun.ttc><c:/Windows/Fonts/simsun.ttc><c:/Windows/Fonts/simsun.ttc><c:/Windows/Fonts/simsun.ttc><c:/Windows/Fonts/simsun.ttc><c:/Windows/Fonts/simsun.ttc><c:/Windows/Fonts/simsun.ttc><c:/Windows/Fonts/simsun.ttc><c:/Windows/Fonts/simsun.ttc><c:/Windows/Fonts/simsun.ttc><c:/Windows/Fonts/simsun.ttc><c:/Windows/Fonts/simsun.ttc><c:/Windows/Fonts/simsun.ttc><c:/Windows/Fonts/simsun.ttc><c:/Windows/Fonts/simsun.ttc><c:/Windows/Fonts/simsun.ttc><c:/Windows/Fonts/simsun.ttc><c:/Windows/Fonts/simsun.ttc><c:/Windows/Fonts/simsun.ttc><c:/Windows/Fonts/simsun.ttc><c:/Windows/Fonts/simsun.ttc><c:/Windows/Fonts/simsun.ttc><c:/Windows/Fonts/simsun.ttc><c:/Windows/Fonts/simsun.ttc><c:/Windows/Fonts/simsun.ttc><c:/Windows/Fonts/simsun.ttc><c:/Windows/Fonts/simsun.ttc><c:/Windows/Fonts/simsun.ttc><c:/Windows/Fonts/simsun.ttc><c:/Windows/Fonts/simsun.ttc><c:/Windows/Fonts/simsun.ttc><c:/Windows/Fonts/simsun.ttc><c:/Windows/Fonts/simsun.ttc><c:/Windows/Fonts/simsun.ttc><c:/Windows/Fonts/simsun.ttc><c:/Windows/Fonts/simsun.ttc><c:/Windows/Fonts/simsun.ttc><c:/Windows/Fonts/simsun.ttc><c:/Windows/Fonts/simsun.ttc><c:/Windows/Fonts/simsun.ttc><c:/Windows/Fonts/simsun.ttc><c:/Windows/Fonts/simkai.ttf><c:/Windows/Fonts/simkai.ttf><c:/Windows/Fonts/simkai.ttf><c:/Windows/Fonts/simkai.ttf><c:/Windows/Fonts/simkai.ttf><c:/Windows/Fonts/simkai.ttf><c:/Windows/Fonts/simkai.ttf><c:/Windows/Fonts/simkai.ttf><c:/Windows/Fonts/simkai.ttf><c:/Windows/Fonts/simkai.ttf><c:/Windows/Fonts/simkai.ttf><c:/Windows/Fonts/simkai.ttf><c:/Windows/Fonts/simkai.ttf><c:/Windows/Fonts/simkai.ttf><c:/Windows/Fonts/simkai.ttf><c:/Windows/Fonts/simkai.ttf><c:/Windows/Fonts/simkai.ttf><c:/Windows/Fonts/simkai.ttf><c:/Windows/Fonts/simkai.ttf><c:/Windows/Fonts/simkai.ttf><c:/Windows/Fonts/simkai.ttf><c:/Windows/Fonts/simkai.ttf><c:/Windows/Fonts/simkai.ttf><c:/Windows/Fonts/simkai.ttf><c:/Windows/Fonts/simkai.ttf><c:/Windows/Fonts/simkai.ttf><c:/Windows/Fonts/simkai.ttf><c:/Windows/Fonts/simkai.ttf><c:/Windows/Fonts/simkai.ttf><c:/Windows/Fonts/simkai.ttf><c:/Windows/Fonts/simkai.ttf><c:/Windows/Fonts/simkai.ttf><c:/Windows/Fonts/simkai.ttf><c:/Windows/Fonts/simkai.ttf><c:/Windows/Fonts/simkai.ttf><c:/Windows/Fonts/simkai.ttf><c:/Windows/Fonts/simkai.ttf><c:/Windows/Fonts/simkai.ttf><c:/Windows/Fonts/simkai.ttf><c:/Windows/Fonts/simkai.ttf><c:/Windows/Fonts/simkai.ttf><c:/Windows/Fonts/simkai.ttf><c:/Windows/Fonts/simkai.ttf><c:/Windows/Fonts/simsun.ttc><c:/Windows/Fonts/simsun.ttc><c:/Windows/Fonts/simsun.ttc><c:/Windows/Fonts/simsun.ttc><c:/Windows/Fonts/simsun.ttc><c:/Windows/Fonts/simsun.ttc><c:/Windows/Fonts/simsun.ttc><c:/Windows/Fonts/simsun.ttc><c:/Windows/Fonts/simsun.ttc><c:/Windows/Fonts/simsun.ttc><c:/Windows/Fonts/simsun.ttc><c:/Windows/Fonts/simsun.ttc><c:/Windows/Fonts/simsun.ttc><c:/Windows/Fonts/simsun.ttc><c:/Windows/Fonts/simsun.ttc><c:/Windows/Fonts/simsun.ttc><c:/Windows/Fonts/simsun.ttc><c:/Windows/Fonts/simsun.ttc><c:/Windows/Fonts/simhei.ttf><c:/Windows/Fonts/simhei.ttf><c:/Windows/Fonts/simhei.ttf><c:/Windows/Fonts/simhei.ttf><c:/Windows/Fonts/simhei.ttf><c:/Windows/Fonts/simhei.ttf><c:/Windows/Fonts/simhei.ttf><c:/Windows/Fonts/simhei.ttf><c:/Windows/Fonts/simhei.ttf><c:/Windows/Fonts/simhei.ttf><c:/Windows/Fonts/simhei.ttf><c:/Windows/Fonts/simhei.ttf><c:/Windows/Fonts/simhei.ttf><c:/Windows/Fonts/simhei.ttf><c:/Windows/Fonts/simhei.ttf><d:/InstallSoftware/TexmakerLiver/texlive/2020/texmf-dist/fonts/type1/public/amsfonts/cm/cmbx10.pfb><d:/InstallSoftware/TexmakerLiver/texlive/2020/texmf-dist/fonts/type1/public/amsfonts/cm/cmbx12.pfb><d:/InstallSoftware/TexmakerLiver/texlive/2020/texmf-dist/fonts/type1/public/amsfonts/cm/cmbxti10.pfb><d:/InstallSoftware/TexmakerLiver/texlive/2020/texmf-dist/fonts/type1/public/amsfonts/cm/cmex10.pfb><d:/InstallSoftware/TexmakerLiver/texlive/2020/texmf-dist/fonts/type1/public/amsfonts/cm/cmmi10.pfb><d:/InstallSoftware/TexmakerLiver/texlive/2020/texmf-dist/fonts/type1/public/amsfonts/cm/cmmi5.pfb><d:/InstallSoftware/TexmakerLiver/texlive/2020/texmf-dist/fonts/type1/public/amsfonts/cm/cmmi7.pfb><d:/InstallSoftware/TexmakerLiver/texlive/2020/texmf-dist/fonts/type1/public/amsfonts/cm/cmr10.pfb><d:/InstallSoftware/TexmakerLiver/texlive/2020/texmf-dist/fonts/type1/public/amsfonts/cm/cmr12.pfb><d:/InstallSoftware/TexmakerLiver/texlive/2020/texmf-dist/fonts/type1/public/amsfonts/cm/cmr5.pfb><d:/InstallSoftware/TexmakerLiver/texlive/2020/texmf-dist/fonts/type1/public/amsfonts/cm/cmr7.pfb><d:/InstallSoftware/TexmakerLiver/texlive/2020/texmf-dist/fonts/type1/public/amsfonts/cm/cmr8.pfb><d:/InstallSoftware/TexmakerLiver/texlive/2020/texmf-dist/fonts/type1/public/amsfonts/cm/cmsy10.pfb><d:/InstallSoftware/TexmakerLiver/texlive/2020/texmf-dist/fonts/type1/public/amsfonts/cm/cmsy5.pfb><d:/InstallSoftware/TexmakerLiver/texlive/2020/texmf-dist/fonts/type1/public/amsfonts/cm/cmsy7.pfb><d:/InstallSoftware/TexmakerLiver/texlive/2020/texmf-dist/fonts/type1/public/amsfonts/cm/cmti10.pfb><d:/InstallSoftware/TexmakerLiver/texlive/2020/texmf-dist/fonts/type1/public/cm-super/sfrm1000.pfb>
Output written on "e:/20. ÊñáÁåÆ/words/Êú∫Âô®Â≠¶‰π†/Êú∫Âô®Â≠¶‰π†.pdf" (7 pages, 1371014 bytes).
PDF statistics:
 950 PDF objects out of 1000 (max. 8388607)
 674 compressed objects within 7 object streams
 57 named destinations out of 1000 (max. 500000)
 458 words of extra memory for PDF output out of 10000 (max. 10000000)

