\BOOKMARK [0][-]{chapter.1}{\376\377\137\025\212\000}{}% 1
\BOOKMARK [1][-]{section.1.1}{\376\377\230\171\166\356\200\314\146\157}{chapter.1}% 2
\BOOKMARK [1][-]{section.1.2}{\376\377\140\073\117\123\211\201\154\102}{chapter.1}% 3
\BOOKMARK [0][-]{chapter.2}{\376\377\217\157\116\366\137\000\123\321}{}% 4
\BOOKMARK [1][-]{section.2.1}{\376\377\227\000\154\102\122\006\147\220}{chapter.2}% 5
\BOOKMARK [2][-]{subsection.2.1.1}{\376\377\137\025\212\000}{section.2.1}% 6
\BOOKMARK [2][-]{subsection.2.1.2}{\376\377\122\237\200\375\227\000\154\102}{section.2.1}% 7
\BOOKMARK [1][-]{section.2.2}{\376\377\140\073\117\123\213\276\213\241}{chapter.2}% 8
\BOOKMARK [2][-]{subsection.2.2.1}{\376\377\131\004\164\006\155\101\172\013}{section.2.2}% 9
\BOOKMARK [2][-]{subsection.2.2.2}{\376\377\140\073\117\123\176\323\147\204\124\214\152\041\127\127\131\026\220\350\213\276\213\241}{section.2.2}% 10
\BOOKMARK [1][-]{section.2.3}{\376\377\213\346\176\306\213\276\213\241}{chapter.2}% 11
\BOOKMARK [2][-]{subsection.2.3.1}{\376\377\133\236\145\366\174\373\176\337}{section.2.3}% 12
\BOOKMARK [2][-]{subsection.2.3.2}{\376\377\116\073\143\247\152\041\127\127}{section.2.3}% 13
\BOOKMARK [2][-]{subsection.2.3.3}{\376\377\220\032\117\341\152\041\127\127}{section.2.3}% 14
\BOOKMARK [2][-]{subsection.2.3.4}{\376\377\133\374\202\052\143\247\122\066\126\150}{section.2.3}% 15
\BOOKMARK [2][-]{subsection.2.3.5}{\376\377\122\066\133\374\143\247\122\066\126\150}{section.2.3}% 16
\BOOKMARK [2][-]{subsection.2.3.6}{\376\377\131\377\140\001\143\247\122\066\126\150}{section.2.3}% 17
\BOOKMARK [1][-]{section.2.4}{\376\377\177\026\170\001\124\214\123\125\121\103\155\113\213\325}{chapter.2}% 18
\BOOKMARK [0][-]{chapter.3}{\376\377\173\227\154\325}{}% 19
\BOOKMARK [1][-]{section.3.1}{\376\377\133\374\202\052\143\247\122\066\000-\215\357\137\204\173\241\164\006}{chapter.3}% 20
\BOOKMARK [2][-]{subsection.3.1.1}{\376\377\202\052\160\271\143\247\122\066\220\073\217\221\0001}{section.3.1}% 21
\BOOKMARK [2][-]{subsection.3.1.2}{\376\377\202\052\160\271\143\247\122\066\220\073\217\221\0002}{section.3.1}% 22
\BOOKMARK [2][-]{subsection.3.1.3}{\376\377\173\227\154\325\117\030\123\026}{section.3.1}% 23
\BOOKMARK [1][-]{section.3.2}{\376\377\122\066\133\374\143\247\122\066}{chapter.3}% 24
\BOOKMARK [2][-]{subsection.3.2.1}{\376\377\226\306\177\244\000\050\116\073\147\072\000\051\143\247\122\066\220\073\217\221}{section.3.2}% 25
\BOOKMARK [2][-]{subsection.3.2.2}{\376\377\177\026\226\037\143\247\122\066\220\073\217\221}{section.3.2}% 26
\BOOKMARK [1][-]{section.3.3}{\376\377\201\352\176\304\176\307\173\227\154\325}{chapter.3}% 27
\BOOKMARK [0][-]{chapter.4}{\376\377\116\377\167\037}{}% 28
\BOOKMARK [1][-]{section.4.1}{\376\377\217\157\116\366\116\377\167\037\145\110\147\234\134\125\171\072}{chapter.4}% 29
\BOOKMARK [1][-]{section.4.2}{\376\377\170\154\116\366\116\377\167\037\145\110\147\234\134\125\171\072}{chapter.4}% 30
